-- Install configuration: ""
-- Up-to-date: /home/divya/ros2_ws/install/dof4_arm_description/share/dof4_arm_description/launch
-- Up-to-date: /home/divya/ros2_ws/install/dof4_arm_description/share/dof4_arm_description/launch/display.launch.py
-- Up-to-date: /home/divya/ros2_ws/install/dof4_arm_description/share/dof4_arm_description/meshes
-- Up-to-date: /home/divya/ros2_ws/install/dof4_arm_description/share/dof4_arm_description/meshes/open_manipulator_x
-- Up-to-date: /home/divya/ros2_ws/install/dof4_arm_description/share/dof4_arm_description/meshes/open_manipulator_x/link3.stl
-- Up-to-date: /home/divya/ros2_ws/install/dof4_arm_description/share/dof4_arm_description/meshes/open_manipulator_x/link2.stl
-- Up-to-date: /home/divya/ros2_ws/install/dof4_arm_description/share/dof4_arm_description/meshes/open_manipulator_x/plate.stl
-- Up-to-date: /home/divya/ros2_ws/install/dof4_arm_description/share/dof4_arm_description/meshes/open_manipulator_x/link1.stl
-- Up-to-date: /home/divya/ros2_ws/install/dof4_arm_description/share/dof4_arm_description/meshes/open_manipulator_x/link4.stl
-- Up-to-date: /home/divya/ros2_ws/install/dof4_arm_description/share/dof4_arm_description/urdf
-- Installing: /home/divya/ros2_ws/install/dof4_arm_description/share/dof4_arm_description/urdf/dof4_arm.urdf
-- Up-to-date: /home/divya/ros2_ws/install/dof4_arm_description/share/dof4_arm_description/rviz
-- Up-to-date: /home/divya/ros2_ws/install/dof4_arm_description/share/ament_index/resource_index/package_run_dependencies/dof4_arm_description
-- Up-to-date: /home/divya/ros2_ws/install/dof4_arm_description/share/ament_index/resource_index/parent_prefix_path/dof4_arm_description
-- Up-to-date: /home/divya/ros2_ws/install/dof4_arm_description/share/dof4_arm_description/environment/ament_prefix_path.sh
-- Up-to-date: /home/divya/ros2_ws/install/dof4_arm_description/share/dof4_arm_description/environment/ament_prefix_path.dsv
-- Up-to-date: /home/divya/ros2_ws/install/dof4_arm_description/share/dof4_arm_description/environment/path.sh
-- Up-to-date: /home/divya/ros2_ws/install/dof4_arm_description/share/dof4_arm_description/environment/path.dsv
-- Up-to-date: /home/divya/ros2_ws/install/dof4_arm_description/share/dof4_arm_description/local_setup.bash
-- Up-to-date: /home/divya/ros2_ws/install/dof4_arm_description/share/dof4_arm_description/local_setup.sh
-- Up-to-date: /home/divya/ros2_ws/install/dof4_arm_description/share/dof4_arm_description/local_setup.zsh
-- Up-to-date: /home/divya/ros2_ws/install/dof4_arm_description/share/dof4_arm_description/local_setup.dsv
-- Installing: /home/divya/ros2_ws/install/dof4_arm_description/share/dof4_arm_description/package.dsv
-- Up-to-date: /home/divya/ros2_ws/install/dof4_arm_description/share/ament_index/resource_index/packages/dof4_arm_description
-- Up-to-date: /home/divya/ros2_ws/install/dof4_arm_description/share/dof4_arm_description/cmake/dof4_arm_descriptionConfig.cmake
-- Up-to-date: /home/divya/ros2_ws/install/dof4_arm_description/share/dof4_arm_description/cmake/dof4_arm_descriptionConfig-version.cmake
-- Up-to-date: /home/divya/ros2_ws/install/dof4_arm_description/share/dof4_arm_description/package.xml
