[0.066s] Invoking command in '/home/divya/ros2_ws/build/dof4_arm_description': CMAKE_PREFIX_PATH=${CMAKE_PREFIX_PATH}:/opt/ros/jazzy DEBUGINFOD_URLS=https://debuginfod.ubuntu.com /usr/bin/cmake --build /home/divya/ros2_ws/build/dof4_arm_description -- -j3 -l3
[0.281s] Invoked command in '/home/divya/ros2_ws/build/dof4_arm_description' returned '0': CMAKE_PREFIX_PATH=${CMAKE_PREFIX_PATH}:/opt/ros/jazzy DEBUGINFOD_URLS=https://debuginfod.ubuntu.com /usr/bin/cmake --build /home/divya/ros2_ws/build/dof4_arm_description -- -j3 -l3
[0.307s] Invoking command in '/home/divya/ros2_ws/build/dof4_arm_description': CMAKE_PREFIX_PATH=${CMAKE_PREFIX_PATH}:/opt/ros/jazzy DEBUGINFOD_URLS=https://debuginfod.ubuntu.com /usr/bin/cmake --install /home/divya/ros2_ws/build/dof4_arm_description
[0.320s] -- Install configuration: ""
[0.322s] -- Up-to-date: /home/divya/ros2_ws/install/dof4_arm_description/share/dof4_arm_description/launch
[0.324s] -- Up-to-date: /home/divya/ros2_ws/install/dof4_arm_description/share/dof4_arm_description/launch/display.launch.py
[0.324s] -- Up-to-date: /home/divya/ros2_ws/install/dof4_arm_description/share/dof4_arm_description/meshes
[0.325s] -- Up-to-date: /home/divya/ros2_ws/install/dof4_arm_description/share/dof4_arm_description/meshes/open_manipulator_x
[0.326s] -- Up-to-date: /home/divya/ros2_ws/install/dof4_arm_description/share/dof4_arm_description/meshes/open_manipulator_x/link3.stl
[0.326s] -- Up-to-date: /home/divya/ros2_ws/install/dof4_arm_description/share/dof4_arm_description/meshes/open_manipulator_x/link2.stl
[0.326s] -- Up-to-date: /home/divya/ros2_ws/install/dof4_arm_description/share/dof4_arm_description/meshes/open_manipulator_x/plate.stl
[0.327s] -- Up-to-date: /home/divya/ros2_ws/install/dof4_arm_description/share/dof4_arm_description/meshes/open_manipulator_x/link1.stl
[0.327s] -- Up-to-date: /home/divya/ros2_ws/install/dof4_arm_description/share/dof4_arm_description/meshes/open_manipulator_x/link4.stl
[0.327s] -- Up-to-date: /home/divya/ros2_ws/install/dof4_arm_description/share/dof4_arm_description/urdf
[0.328s] -- Up-to-date: /home/divya/ros2_ws/install/dof4_arm_description/share/dof4_arm_description/urdf/dof4_arm.urdf
[0.328s] -- Up-to-date: /home/divya/ros2_ws/install/dof4_arm_description/share/dof4_arm_description/rviz
[0.329s] -- Up-to-date: /home/divya/ros2_ws/install/dof4_arm_description/share/ament_index/resource_index/package_run_dependencies/dof4_arm_description
[0.330s] -- Up-to-date: /home/divya/ros2_ws/install/dof4_arm_description/share/ament_index/resource_index/parent_prefix_path/dof4_arm_description
[0.330s] -- Up-to-date: /home/divya/ros2_ws/install/dof4_arm_description/share/dof4_arm_description/environment/ament_prefix_path.sh
[0.330s] -- Up-to-date: /home/divya/ros2_ws/install/dof4_arm_description/share/dof4_arm_description/environment/ament_prefix_path.dsv
[0.330s] -- Up-to-date: /home/divya/ros2_ws/install/dof4_arm_description/share/dof4_arm_description/environment/path.sh
[0.330s] -- Up-to-date: /home/divya/ros2_ws/install/dof4_arm_description/share/dof4_arm_description/environment/path.dsv
[0.331s] -- Up-to-date: /home/divya/ros2_ws/install/dof4_arm_description/share/dof4_arm_description/local_setup.bash
[0.331s] -- Up-to-date: /home/divya/ros2_ws/install/dof4_arm_description/share/dof4_arm_description/local_setup.sh
[0.331s] -- Up-to-date: /home/divya/ros2_ws/install/dof4_arm_description/share/dof4_arm_description/local_setup.zsh
[0.331s] -- Up-to-date: /home/divya/ros2_ws/install/dof4_arm_description/share/dof4_arm_description/local_setup.dsv
[0.331s] -- Installing: /home/divya/ros2_ws/install/dof4_arm_description/share/dof4_arm_description/package.dsv
[0.333s] -- Up-to-date: /home/divya/ros2_ws/install/dof4_arm_description/share/ament_index/resource_index/packages/dof4_arm_description
[0.334s] -- Up-to-date: /home/divya/ros2_ws/install/dof4_arm_description/share/dof4_arm_description/cmake/dof4_arm_descriptionConfig.cmake
[0.334s] -- Up-to-date: /home/divya/ros2_ws/install/dof4_arm_description/share/dof4_arm_description/cmake/dof4_arm_descriptionConfig-version.cmake
[0.334s] -- Up-to-date: /home/divya/ros2_ws/install/dof4_arm_description/share/dof4_arm_description/package.xml
[0.337s] Invoked command in '/home/divya/ros2_ws/build/dof4_arm_description' returned '0': CMAKE_PREFIX_PATH=${CMAKE_PREFIX_PATH}:/opt/ros/jazzy DEBUGINFOD_URLS=https://debuginfod.ubuntu.com /usr/bin/cmake --install /home/divya/ros2_ws/build/dof4_arm_description
