[0.092s] DEBUG:colcon:Command line arguments: ['/usr/bin/colcon', 'build']
[0.092s] DEBUG:colcon:Parsed command line arguments: Namespace(log_base=None, log_level=None, verb_name='build', build_base='build', install_base='install', merge_install=False, symlink_install=False, test_result_base=None, continue_on_error=False, executor='parallel', parallel_workers=3, event_handlers=None, ignore_user_meta=False, metas=['./colcon.meta'], base_paths=['.'], packages_ignore=None, packages_ignore_regex=None, paths=None, packages_up_to=None, packages_up_to_regex=None, packages_above=None, packages_above_and_dependencies=None, packages_above_depth=None, packages_select_by_dep=None, packages_skip_by_dep=None, packages_skip_up_to=None, packages_select_build_failed=False, packages_skip_build_finished=False, packages_select_test_failures=False, packages_skip_test_passed=False, packages_select=None, packages_skip=None, packages_select_regex=None, packages_skip_regex=None, packages_start=None, packages_end=None, cmake_args=None, cmake_target=None, cmake_target_skip_unavailable=False, cmake_clean_cache=False, cmake_clean_first=False, cmake_force_configure=False, ament_cmake_args=None, catkin_cmake_args=None, catkin_skip_building_tests=False, verb_parser=<colcon_defaults.argument_parser.defaults.DefaultArgumentsDecorator object at 0x723c51cfb980>, verb_extension=<colcon_core.verb.build.BuildVerb object at 0x723c51c40290>, main=<bound method BuildVerb.main of <colcon_core.verb.build.BuildVerb object at 0x723c51c40290>>)
[0.140s] Level 1:colcon.colcon_core.package_discovery:discover_packages(colcon_meta) check parameters
[0.140s] Level 1:colcon.colcon_core.package_discovery:discover_packages(recursive) check parameters
[0.140s] Level 1:colcon.colcon_core.package_discovery:discover_packages(ignore) check parameters
[0.140s] Level 1:colcon.colcon_core.package_discovery:discover_packages(path) check parameters
[0.140s] Level 1:colcon.colcon_core.package_discovery:discover_packages(colcon_meta) discover
[0.141s] Level 1:colcon.colcon_core.package_discovery:discover_packages(recursive) discover
[0.141s] INFO:colcon.colcon_core.package_discovery:Crawling recursively for packages in '/home/divya/ros2_ws'
[0.141s] Level 1:colcon.colcon_core.package_identification:_identify(.) by extensions ['ignore', 'ignore_ament_install']
[0.141s] Level 1:colcon.colcon_core.package_identification:_identify(.) by extension 'ignore'
[0.141s] Level 1:colcon.colcon_core.package_identification:_identify(.) by extension 'ignore_ament_install'
[0.141s] Level 1:colcon.colcon_core.package_identification:_identify(.) by extensions ['colcon_pkg']
[0.141s] Level 1:colcon.colcon_core.package_identification:_identify(.) by extension 'colcon_pkg'
[0.141s] Level 1:colcon.colcon_core.package_identification:_identify(.) by extensions ['colcon_meta']
[0.141s] Level 1:colcon.colcon_core.package_identification:_identify(.) by extension 'colcon_meta'
[0.141s] Level 1:colcon.colcon_core.package_identification:_identify(.) by extensions ['ros']
[0.141s] Level 1:colcon.colcon_core.package_identification:_identify(.) by extension 'ros'
[0.168s] Level 1:colcon.colcon_core.package_identification:_identify(.) by extensions ['cmake', 'python']
[0.168s] Level 1:colcon.colcon_core.package_identification:_identify(.) by extension 'cmake'
[0.168s] Level 1:colcon.colcon_core.package_identification:_identify(.) by extension 'python'
[0.168s] Level 1:colcon.colcon_core.package_identification:_identify(.) by extensions ['python_setup_py']
[0.168s] Level 1:colcon.colcon_core.package_identification:_identify(.) by extension 'python_setup_py'
[0.168s] Level 1:colcon.colcon_core.package_identification:_identify(build) by extensions ['ignore', 'ignore_ament_install']
[0.168s] Level 1:colcon.colcon_core.package_identification:_identify(build) by extension 'ignore'
[0.168s] Level 1:colcon.colcon_core.package_identification:_identify(build) ignored
[0.168s] Level 1:colcon.colcon_core.package_identification:_identify(install) by extensions ['ignore', 'ignore_ament_install']
[0.168s] Level 1:colcon.colcon_core.package_identification:_identify(install) by extension 'ignore'
[0.168s] Level 1:colcon.colcon_core.package_identification:_identify(install) ignored
[0.168s] Level 1:colcon.colcon_core.package_identification:_identify(log) by extensions ['ignore', 'ignore_ament_install']
[0.168s] Level 1:colcon.colcon_core.package_identification:_identify(log) by extension 'ignore'
[0.168s] Level 1:colcon.colcon_core.package_identification:_identify(log) ignored
[0.168s] Level 1:colcon.colcon_core.package_identification:_identify(src) by extensions ['ignore', 'ignore_ament_install']
[0.168s] Level 1:colcon.colcon_core.package_identification:_identify(src) by extension 'ignore'
[0.169s] Level 1:colcon.colcon_core.package_identification:_identify(src) by extension 'ignore_ament_install'
[0.169s] Level 1:colcon.colcon_core.package_identification:_identify(src) by extensions ['colcon_pkg']
[0.169s] Level 1:colcon.colcon_core.package_identification:_identify(src) by extension 'colcon_pkg'
[0.169s] Level 1:colcon.colcon_core.package_identification:_identify(src) by extensions ['colcon_meta']
[0.169s] Level 1:colcon.colcon_core.package_identification:_identify(src) by extension 'colcon_meta'
[0.169s] Level 1:colcon.colcon_core.package_identification:_identify(src) by extensions ['ros']
[0.169s] Level 1:colcon.colcon_core.package_identification:_identify(src) by extension 'ros'
[0.169s] Level 1:colcon.colcon_core.package_identification:_identify(src) by extensions ['cmake', 'python']
[0.169s] Level 1:colcon.colcon_core.package_identification:_identify(src) by extension 'cmake'
[0.169s] Level 1:colcon.colcon_core.package_identification:_identify(src) by extension 'python'
[0.169s] Level 1:colcon.colcon_core.package_identification:_identify(src) by extensions ['python_setup_py']
[0.169s] Level 1:colcon.colcon_core.package_identification:_identify(src) by extension 'python_setup_py'
[0.169s] Level 1:colcon.colcon_core.package_identification:_identify(src/control) by extensions ['ignore', 'ignore_ament_install']
[0.169s] Level 1:colcon.colcon_core.package_identification:_identify(src/control) by extension 'ignore'
[0.169s] Level 1:colcon.colcon_core.package_identification:_identify(src/control) by extension 'ignore_ament_install'
[0.169s] Level 1:colcon.colcon_core.package_identification:_identify(src/control) by extensions ['colcon_pkg']
[0.169s] Level 1:colcon.colcon_core.package_identification:_identify(src/control) by extension 'colcon_pkg'
[0.169s] Level 1:colcon.colcon_core.package_identification:_identify(src/control) by extensions ['colcon_meta']
[0.169s] Level 1:colcon.colcon_core.package_identification:_identify(src/control) by extension 'colcon_meta'
[0.169s] Level 1:colcon.colcon_core.package_identification:_identify(src/control) by extensions ['ros']
[0.169s] Level 1:colcon.colcon_core.package_identification:_identify(src/control) by extension 'ros'
[0.169s] Level 1:colcon.colcon_core.package_identification:_identify(src/control) by extensions ['cmake', 'python']
[0.169s] Level 1:colcon.colcon_core.package_identification:_identify(src/control) by extension 'cmake'
[0.169s] Level 1:colcon.colcon_core.package_identification:_identify(src/control) by extension 'python'
[0.169s] Level 1:colcon.colcon_core.package_identification:_identify(src/control) by extensions ['python_setup_py']
[0.169s] Level 1:colcon.colcon_core.package_identification:_identify(src/control) by extension 'python_setup_py'
[0.169s] Level 1:colcon.colcon_core.package_identification:_identify(src/dof4_arm_description) by extensions ['ignore', 'ignore_ament_install']
[0.169s] Level 1:colcon.colcon_core.package_identification:_identify(src/dof4_arm_description) by extension 'ignore'
[0.169s] Level 1:colcon.colcon_core.package_identification:_identify(src/dof4_arm_description) by extension 'ignore_ament_install'
[0.169s] Level 1:colcon.colcon_core.package_identification:_identify(src/dof4_arm_description) by extensions ['colcon_pkg']
[0.169s] Level 1:colcon.colcon_core.package_identification:_identify(src/dof4_arm_description) by extension 'colcon_pkg'
[0.169s] Level 1:colcon.colcon_core.package_identification:_identify(src/dof4_arm_description) by extensions ['colcon_meta']
[0.170s] Level 1:colcon.colcon_core.package_identification:_identify(src/dof4_arm_description) by extension 'colcon_meta'
[0.170s] Level 1:colcon.colcon_core.package_identification:_identify(src/dof4_arm_description) by extensions ['ros']
[0.170s] Level 1:colcon.colcon_core.package_identification:_identify(src/dof4_arm_description) by extension 'ros'
[0.171s] DEBUG:colcon.colcon_core.package_identification:Package 'src/dof4_arm_description' with type 'ros.ament_cmake' and name 'dof4_arm_description'
[0.172s] Level 1:colcon.colcon_core.package_identification:_identify(src/dof4_arm_ros2) by extensions ['ignore', 'ignore_ament_install']
[0.172s] Level 1:colcon.colcon_core.package_identification:_identify(src/dof4_arm_ros2) by extension 'ignore'
[0.172s] Level 1:colcon.colcon_core.package_identification:_identify(src/dof4_arm_ros2) by extension 'ignore_ament_install'
[0.172s] Level 1:colcon.colcon_core.package_identification:_identify(src/dof4_arm_ros2) by extensions ['colcon_pkg']
[0.172s] Level 1:colcon.colcon_core.package_identification:_identify(src/dof4_arm_ros2) by extension 'colcon_pkg'
[0.172s] Level 1:colcon.colcon_core.package_identification:_identify(src/dof4_arm_ros2) by extensions ['colcon_meta']
[0.172s] Level 1:colcon.colcon_core.package_identification:_identify(src/dof4_arm_ros2) by extension 'colcon_meta'
[0.172s] Level 1:colcon.colcon_core.package_identification:_identify(src/dof4_arm_ros2) by extensions ['ros']
[0.172s] Level 1:colcon.colcon_core.package_identification:_identify(src/dof4_arm_ros2) by extension 'ros'
[0.172s] DEBUG:colcon.colcon_core.package_identification:Package 'src/dof4_arm_ros2' with type 'ros.ament_cmake' and name 'dof4_arm_ros2'
[0.172s] Level 1:colcon.colcon_core.package_identification:_identify(src/meshes) by extensions ['ignore', 'ignore_ament_install']
[0.172s] Level 1:colcon.colcon_core.package_identification:_identify(src/meshes) by extension 'ignore'
[0.172s] Level 1:colcon.colcon_core.package_identification:_identify(src/meshes) by extension 'ignore_ament_install'
[0.172s] Level 1:colcon.colcon_core.package_identification:_identify(src/meshes) by extensions ['colcon_pkg']
[0.172s] Level 1:colcon.colcon_core.package_identification:_identify(src/meshes) by extension 'colcon_pkg'
[0.172s] Level 1:colcon.colcon_core.package_identification:_identify(src/meshes) by extensions ['colcon_meta']
[0.172s] Level 1:colcon.colcon_core.package_identification:_identify(src/meshes) by extension 'colcon_meta'
[0.172s] Level 1:colcon.colcon_core.package_identification:_identify(src/meshes) by extensions ['ros']
[0.172s] Level 1:colcon.colcon_core.package_identification:_identify(src/meshes) by extension 'ros'
[0.172s] Level 1:colcon.colcon_core.package_identification:_identify(src/meshes) by extensions ['cmake', 'python']
[0.172s] Level 1:colcon.colcon_core.package_identification:_identify(src/meshes) by extension 'cmake'
[0.172s] Level 1:colcon.colcon_core.package_identification:_identify(src/meshes) by extension 'python'
[0.173s] Level 1:colcon.colcon_core.package_identification:_identify(src/meshes) by extensions ['python_setup_py']
[0.173s] Level 1:colcon.colcon_core.package_identification:_identify(src/meshes) by extension 'python_setup_py'
[0.173s] Level 1:colcon.colcon_core.package_identification:_identify(src/robots) by extensions ['ignore', 'ignore_ament_install']
[0.173s] Level 1:colcon.colcon_core.package_identification:_identify(src/robots) by extension 'ignore'
[0.173s] Level 1:colcon.colcon_core.package_identification:_identify(src/robots) by extension 'ignore_ament_install'
[0.173s] Level 1:colcon.colcon_core.package_identification:_identify(src/robots) by extensions ['colcon_pkg']
[0.173s] Level 1:colcon.colcon_core.package_identification:_identify(src/robots) by extension 'colcon_pkg'
[0.173s] Level 1:colcon.colcon_core.package_identification:_identify(src/robots) by extensions ['colcon_meta']
[0.173s] Level 1:colcon.colcon_core.package_identification:_identify(src/robots) by extension 'colcon_meta'
[0.173s] Level 1:colcon.colcon_core.package_identification:_identify(src/robots) by extensions ['ros']
[0.173s] Level 1:colcon.colcon_core.package_identification:_identify(src/robots) by extension 'ros'
[0.173s] Level 1:colcon.colcon_core.package_identification:_identify(src/robots) by extensions ['cmake', 'python']
[0.173s] Level 1:colcon.colcon_core.package_identification:_identify(src/robots) by extension 'cmake'
[0.173s] Level 1:colcon.colcon_core.package_identification:_identify(src/robots) by extension 'python'
[0.173s] Level 1:colcon.colcon_core.package_identification:_identify(src/robots) by extensions ['python_setup_py']
[0.173s] Level 1:colcon.colcon_core.package_identification:_identify(src/robots) by extension 'python_setup_py'
[0.173s] Level 1:colcon.colcon_core.package_identification:_identify(src/sensors) by extensions ['ignore', 'ignore_ament_install']
[0.173s] Level 1:colcon.colcon_core.package_identification:_identify(src/sensors) by extension 'ignore'
[0.173s] Level 1:colcon.colcon_core.package_identification:_identify(src/sensors) by extension 'ignore_ament_install'
[0.173s] Level 1:colcon.colcon_core.package_identification:_identify(src/sensors) by extensions ['colcon_pkg']
[0.173s] Level 1:colcon.colcon_core.package_identification:_identify(src/sensors) by extension 'colcon_pkg'
[0.173s] Level 1:colcon.colcon_core.package_identification:_identify(src/sensors) by extensions ['colcon_meta']
[0.173s] Level 1:colcon.colcon_core.package_identification:_identify(src/sensors) by extension 'colcon_meta'
[0.173s] Level 1:colcon.colcon_core.package_identification:_identify(src/sensors) by extensions ['ros']
[0.173s] Level 1:colcon.colcon_core.package_identification:_identify(src/sensors) by extension 'ros'
[0.173s] Level 1:colcon.colcon_core.package_identification:_identify(src/sensors) by extensions ['cmake', 'python']
[0.173s] Level 1:colcon.colcon_core.package_identification:_identify(src/sensors) by extension 'cmake'
[0.173s] Level 1:colcon.colcon_core.package_identification:_identify(src/sensors) by extension 'python'
[0.173s] Level 1:colcon.colcon_core.package_identification:_identify(src/sensors) by extensions ['python_setup_py']
[0.173s] Level 1:colcon.colcon_core.package_identification:_identify(src/sensors) by extension 'python_setup_py'
[0.173s] Level 1:colcon.colcon_core.package_identification:_identify(src/urdf) by extensions ['ignore', 'ignore_ament_install']
[0.173s] Level 1:colcon.colcon_core.package_identification:_identify(src/urdf) by extension 'ignore'
[0.173s] Level 1:colcon.colcon_core.package_identification:_identify(src/urdf) by extension 'ignore_ament_install'
[0.174s] Level 1:colcon.colcon_core.package_identification:_identify(src/urdf) by extensions ['colcon_pkg']
[0.174s] Level 1:colcon.colcon_core.package_identification:_identify(src/urdf) by extension 'colcon_pkg'
[0.174s] Level 1:colcon.colcon_core.package_identification:_identify(src/urdf) by extensions ['colcon_meta']
[0.174s] Level 1:colcon.colcon_core.package_identification:_identify(src/urdf) by extension 'colcon_meta'
[0.174s] Level 1:colcon.colcon_core.package_identification:_identify(src/urdf) by extensions ['ros']
[0.174s] Level 1:colcon.colcon_core.package_identification:_identify(src/urdf) by extension 'ros'
[0.174s] Level 1:colcon.colcon_core.package_identification:_identify(src/urdf) by extensions ['cmake', 'python']
[0.174s] Level 1:colcon.colcon_core.package_identification:_identify(src/urdf) by extension 'cmake'
[0.174s] Level 1:colcon.colcon_core.package_identification:_identify(src/urdf) by extension 'python'
[0.174s] Level 1:colcon.colcon_core.package_identification:_identify(src/urdf) by extensions ['python_setup_py']
[0.174s] Level 1:colcon.colcon_core.package_identification:_identify(src/urdf) by extension 'python_setup_py'
[0.174s] Level 1:colcon.colcon_core.package_identification:_identify(src/visual) by extensions ['ignore', 'ignore_ament_install']
[0.174s] Level 1:colcon.colcon_core.package_identification:_identify(src/visual) by extension 'ignore'
[0.174s] Level 1:colcon.colcon_core.package_identification:_identify(src/visual) by extension 'ignore_ament_install'
[0.174s] Level 1:colcon.colcon_core.package_identification:_identify(src/visual) by extensions ['colcon_pkg']
[0.174s] Level 1:colcon.colcon_core.package_identification:_identify(src/visual) by extension 'colcon_pkg'
[0.174s] Level 1:colcon.colcon_core.package_identification:_identify(src/visual) by extensions ['colcon_meta']
[0.174s] Level 1:colcon.colcon_core.package_identification:_identify(src/visual) by extension 'colcon_meta'
[0.174s] Level 1:colcon.colcon_core.package_identification:_identify(src/visual) by extensions ['ros']
[0.174s] Level 1:colcon.colcon_core.package_identification:_identify(src/visual) by extension 'ros'
[0.174s] Level 1:colcon.colcon_core.package_identification:_identify(src/visual) by extensions ['cmake', 'python']
[0.174s] Level 1:colcon.colcon_core.package_identification:_identify(src/visual) by extension 'cmake'
[0.174s] Level 1:colcon.colcon_core.package_identification:_identify(src/visual) by extension 'python'
[0.174s] Level 1:colcon.colcon_core.package_identification:_identify(src/visual) by extensions ['python_setup_py']
[0.174s] Level 1:colcon.colcon_core.package_identification:_identify(src/visual) by extension 'python_setup_py'
[0.174s] Level 1:colcon.colcon_core.package_discovery:discover_packages(recursive) using defaults
[0.174s] Level 1:colcon.colcon_core.package_discovery:discover_packages(ignore) discover
[0.174s] Level 1:colcon.colcon_core.package_discovery:discover_packages(ignore) using defaults
[0.174s] Level 1:colcon.colcon_core.package_discovery:discover_packages(path) discover
[0.174s] Level 1:colcon.colcon_core.package_discovery:discover_packages(path) using defaults
[0.190s] Level 5:colcon.colcon_core.verb:set package 'dof4_arm_description' build argument 'cmake_args' from command line to 'None'
[0.190s] Level 5:colcon.colcon_core.verb:set package 'dof4_arm_description' build argument 'cmake_target' from command line to 'None'
[0.191s] Level 5:colcon.colcon_core.verb:set package 'dof4_arm_description' build argument 'cmake_target_skip_unavailable' from command line to 'False'
[0.191s] Level 5:colcon.colcon_core.verb:set package 'dof4_arm_description' build argument 'cmake_clean_cache' from command line to 'False'
[0.191s] Level 5:colcon.colcon_core.verb:set package 'dof4_arm_description' build argument 'cmake_clean_first' from command line to 'False'
[0.191s] Level 5:colcon.colcon_core.verb:set package 'dof4_arm_description' build argument 'cmake_force_configure' from command line to 'False'
[0.191s] Level 5:colcon.colcon_core.verb:set package 'dof4_arm_description' build argument 'ament_cmake_args' from command line to 'None'
[0.191s] Level 5:colcon.colcon_core.verb:set package 'dof4_arm_description' build argument 'catkin_cmake_args' from command line to 'None'
[0.191s] Level 5:colcon.colcon_core.verb:set package 'dof4_arm_description' build argument 'catkin_skip_building_tests' from command line to 'False'
[0.191s] DEBUG:colcon.colcon_core.verb:Building package 'dof4_arm_description' with the following arguments: {'ament_cmake_args': None, 'build_base': '/home/divya/ros2_ws/build/dof4_arm_description', 'catkin_cmake_args': None, 'catkin_skip_building_tests': False, 'cmake_args': None, 'cmake_clean_cache': False, 'cmake_clean_first': False, 'cmake_force_configure': False, 'cmake_target': None, 'cmake_target_skip_unavailable': False, 'install_base': '/home/divya/ros2_ws/install/dof4_arm_description', 'merge_install': False, 'path': '/home/divya/ros2_ws/src/dof4_arm_description', 'symlink_install': False, 'test_result_base': None}
[0.191s] Level 5:colcon.colcon_core.verb:set package 'dof4_arm_ros2' build argument 'cmake_args' from command line to 'None'
[0.191s] Level 5:colcon.colcon_core.verb:set package 'dof4_arm_ros2' build argument 'cmake_target' from command line to 'None'
[0.191s] Level 5:colcon.colcon_core.verb:set package 'dof4_arm_ros2' build argument 'cmake_target_skip_unavailable' from command line to 'False'
[0.191s] Level 5:colcon.colcon_core.verb:set package 'dof4_arm_ros2' build argument 'cmake_clean_cache' from command line to 'False'
[0.191s] Level 5:colcon.colcon_core.verb:set package 'dof4_arm_ros2' build argument 'cmake_clean_first' from command line to 'False'
[0.191s] Level 5:colcon.colcon_core.verb:set package 'dof4_arm_ros2' build argument 'cmake_force_configure' from command line to 'False'
[0.191s] Level 5:colcon.colcon_core.verb:set package 'dof4_arm_ros2' build argument 'ament_cmake_args' from command line to 'None'
[0.191s] Level 5:colcon.colcon_core.verb:set package 'dof4_arm_ros2' build argument 'catkin_cmake_args' from command line to 'None'
[0.191s] Level 5:colcon.colcon_core.verb:set package 'dof4_arm_ros2' build argument 'catkin_skip_building_tests' from command line to 'False'
[0.191s] DEBUG:colcon.colcon_core.verb:Building package 'dof4_arm_ros2' with the following arguments: {'ament_cmake_args': None, 'build_base': '/home/divya/ros2_ws/build/dof4_arm_ros2', 'catkin_cmake_args': None, 'catkin_skip_building_tests': False, 'cmake_args': None, 'cmake_clean_cache': False, 'cmake_clean_first': False, 'cmake_force_configure': False, 'cmake_target': None, 'cmake_target_skip_unavailable': False, 'install_base': '/home/divya/ros2_ws/install/dof4_arm_ros2', 'merge_install': False, 'path': '/home/divya/ros2_ws/src/dof4_arm_ros2', 'symlink_install': False, 'test_result_base': None}
[0.191s] INFO:colcon.colcon_core.executor:Executing jobs using 'parallel' executor
[0.193s] DEBUG:colcon.colcon_parallel_executor.executor.parallel:run_until_complete
[0.194s] INFO:colcon.colcon_ros.task.ament_cmake.build:Building ROS package in '/home/divya/ros2_ws/src/dof4_arm_description' with build type 'ament_cmake'
[0.194s] INFO:colcon.colcon_cmake.task.cmake.build:Building CMake package in '/home/divya/ros2_ws/src/dof4_arm_description'
[0.196s] INFO:colcon.colcon_core.plugin_system:Skipping extension 'colcon_core.shell.bat': Not used on non-Windows systems
[0.196s] DEBUG:colcon.colcon_core.shell:Skip shell extension 'dsv' for command environment
[0.234s] DEBUG:colcon.colcon_core.event_handler.log_command:Invoking command in '/home/divya/ros2_ws/build/dof4_arm_description': CMAKE_PREFIX_PATH=${CMAKE_PREFIX_PATH}:/opt/ros/jazzy DEBUGINFOD_URLS=https://debuginfod.ubuntu.com /usr/bin/cmake --build /home/divya/ros2_ws/build/dof4_arm_description -- -j3 -l3
[0.337s] DEBUG:colcon.colcon_core.event_handler.log_command:Invoked command in '/home/divya/ros2_ws/build/dof4_arm_description' returned '0': CMAKE_PREFIX_PATH=${CMAKE_PREFIX_PATH}:/opt/ros/jazzy DEBUGINFOD_URLS=https://debuginfod.ubuntu.com /usr/bin/cmake --build /home/divya/ros2_ws/build/dof4_arm_description -- -j3 -l3
[0.357s] DEBUG:colcon.colcon_core.event_handler.log_command:Invoking command in '/home/divya/ros2_ws/build/dof4_arm_description': CMAKE_PREFIX_PATH=${CMAKE_PREFIX_PATH}:/opt/ros/jazzy DEBUGINFOD_URLS=https://debuginfod.ubuntu.com /usr/bin/cmake --install /home/divya/ros2_ws/build/dof4_arm_description
[0.375s] Level 1:colcon.colcon_core.environment:create_environment_scripts_only(dof4_arm_description)
[0.376s] DEBUG:colcon.colcon_core.event_handler.log_command:Invoked command in '/home/divya/ros2_ws/build/dof4_arm_description' returned '0': CMAKE_PREFIX_PATH=${CMAKE_PREFIX_PATH}:/opt/ros/jazzy DEBUGINFOD_URLS=https://debuginfod.ubuntu.com /usr/bin/cmake --install /home/divya/ros2_ws/build/dof4_arm_description
[0.379s] Level 1:colcon.colcon_core.environment:checking '/home/divya/ros2_ws/install/dof4_arm_description' for CMake module files
[0.379s] Level 1:colcon.colcon_core.environment:checking '/home/divya/ros2_ws/install/dof4_arm_description' for CMake config files
[0.379s] Level 1:colcon.colcon_core.shell:create_environment_hook('dof4_arm_description', 'cmake_prefix_path')
[0.380s] INFO:colcon.colcon_core.shell:Creating environment descriptor '/home/divya/ros2_ws/install/dof4_arm_description/share/dof4_arm_description/hook/cmake_prefix_path.dsv'
[0.380s] INFO:colcon.colcon_core.shell:Creating environment hook '/home/divya/ros2_ws/install/dof4_arm_description/share/dof4_arm_description/hook/cmake_prefix_path.sh'
[0.382s] Level 1:colcon.colcon_core.environment:checking '/home/divya/ros2_ws/install/dof4_arm_description/bin'
[0.382s] Level 1:colcon.colcon_core.environment:checking '/home/divya/ros2_ws/install/dof4_arm_description/lib/pkgconfig/dof4_arm_description.pc'
[0.386s] Level 1:colcon.colcon_core.environment:checking '/home/divya/ros2_ws/install/dof4_arm_description/lib/python3.12/site-packages'
[0.386s] Level 1:colcon.colcon_core.environment:checking '/home/divya/ros2_ws/install/dof4_arm_description/bin'
[0.387s] INFO:colcon.colcon_core.shell:Creating package descriptor '/home/divya/ros2_ws/install/dof4_arm_description/share/dof4_arm_description/package.dsv'
[0.387s] INFO:colcon.colcon_core.shell:Creating package script '/home/divya/ros2_ws/install/dof4_arm_description/share/dof4_arm_description/package.sh'
[0.388s] INFO:colcon.colcon_core.shell:Creating package script '/home/divya/ros2_ws/install/dof4_arm_description/share/dof4_arm_description/package.bash'
[0.389s] INFO:colcon.colcon_core.shell:Creating package script '/home/divya/ros2_ws/install/dof4_arm_description/share/dof4_arm_description/package.zsh'
[0.390s] Level 1:colcon.colcon_core.environment:create_file_with_runtime_dependencies(/home/divya/ros2_ws/install/dof4_arm_description/share/colcon-core/packages/dof4_arm_description)
[0.391s] Level 1:colcon.colcon_core.environment:create_environment_scripts_only(dof4_arm_description)
[0.391s] Level 1:colcon.colcon_core.environment:checking '/home/divya/ros2_ws/install/dof4_arm_description' for CMake module files
[0.391s] Level 1:colcon.colcon_core.environment:checking '/home/divya/ros2_ws/install/dof4_arm_description' for CMake config files
[0.392s] Level 1:colcon.colcon_core.shell:create_environment_hook('dof4_arm_description', 'cmake_prefix_path')
[0.392s] INFO:colcon.colcon_core.shell:Creating environment descriptor '/home/divya/ros2_ws/install/dof4_arm_description/share/dof4_arm_description/hook/cmake_prefix_path.dsv'
[0.392s] INFO:colcon.colcon_core.shell:Creating environment hook '/home/divya/ros2_ws/install/dof4_arm_description/share/dof4_arm_description/hook/cmake_prefix_path.sh'
[0.393s] Level 1:colcon.colcon_core.environment:checking '/home/divya/ros2_ws/install/dof4_arm_description/bin'
[0.393s] Level 1:colcon.colcon_core.environment:checking '/home/divya/ros2_ws/install/dof4_arm_description/lib/pkgconfig/dof4_arm_description.pc'
[0.393s] Level 1:colcon.colcon_core.environment:checking '/home/divya/ros2_ws/install/dof4_arm_description/lib/python3.12/site-packages'
[0.394s] Level 1:colcon.colcon_core.environment:checking '/home/divya/ros2_ws/install/dof4_arm_description/bin'
[0.394s] INFO:colcon.colcon_core.shell:Creating package descriptor '/home/divya/ros2_ws/install/dof4_arm_description/share/dof4_arm_description/package.dsv'
[0.395s] INFO:colcon.colcon_core.shell:Creating package script '/home/divya/ros2_ws/install/dof4_arm_description/share/dof4_arm_description/package.sh'
[0.395s] INFO:colcon.colcon_core.shell:Creating package script '/home/divya/ros2_ws/install/dof4_arm_description/share/dof4_arm_description/package.bash'
[0.396s] INFO:colcon.colcon_core.shell:Creating package script '/home/divya/ros2_ws/install/dof4_arm_description/share/dof4_arm_description/package.zsh'
[0.397s] Level 1:colcon.colcon_core.environment:create_file_with_runtime_dependencies(/home/divya/ros2_ws/install/dof4_arm_description/share/colcon-core/packages/dof4_arm_description)
[0.399s] INFO:colcon.colcon_ros.task.ament_cmake.build:Building ROS package in '/home/divya/ros2_ws/src/dof4_arm_ros2' with build type 'ament_cmake'
[0.399s] INFO:colcon.colcon_cmake.task.cmake.build:Building CMake package in '/home/divya/ros2_ws/src/dof4_arm_ros2'
[0.399s] DEBUG:colcon.colcon_core.shell:Skip shell extension 'dsv' for command environment
[0.427s] DEBUG:colcon.colcon_core.event_handler.log_command:Invoking command in '/home/divya/ros2_ws/build/dof4_arm_ros2': CMAKE_PREFIX_PATH=/home/divya/ros2_ws/install/dof4_arm_description:/home/divya/ros2_ws/install/dof4_arm_ros2:/opt/ros/jazzy/opt/gz_math_vendor:/opt/ros/jazzy/opt/gz_utils_vendor:/opt/ros/jazzy/opt/gz_cmake_vendor:/opt/ros/jazzy DEBUGINFOD_URLS=https://debuginfod.ubuntu.com /usr/bin/cmake --build /home/divya/ros2_ws/build/dof4_arm_ros2 -- -j3 -l3
[0.548s] DEBUG:colcon.colcon_core.event_handler.log_command:Invoked command in '/home/divya/ros2_ws/build/dof4_arm_ros2' returned '0': CMAKE_PREFIX_PATH=/home/divya/ros2_ws/install/dof4_arm_description:/home/divya/ros2_ws/install/dof4_arm_ros2:/opt/ros/jazzy/opt/gz_math_vendor:/opt/ros/jazzy/opt/gz_utils_vendor:/opt/ros/jazzy/opt/gz_cmake_vendor:/opt/ros/jazzy DEBUGINFOD_URLS=https://debuginfod.ubuntu.com /usr/bin/cmake --build /home/divya/ros2_ws/build/dof4_arm_ros2 -- -j3 -l3
[0.551s] DEBUG:colcon.colcon_core.event_handler.log_command:Invoking command in '/home/divya/ros2_ws/build/dof4_arm_ros2': CMAKE_PREFIX_PATH=/home/divya/ros2_ws/install/dof4_arm_description:/home/divya/ros2_ws/install/dof4_arm_ros2:/opt/ros/jazzy/opt/gz_math_vendor:/opt/ros/jazzy/opt/gz_utils_vendor:/opt/ros/jazzy/opt/gz_cmake_vendor:/opt/ros/jazzy DEBUGINFOD_URLS=https://debuginfod.ubuntu.com /usr/bin/cmake --install /home/divya/ros2_ws/build/dof4_arm_ros2
[0.572s] Level 1:colcon.colcon_core.environment:create_environment_scripts_only(dof4_arm_ros2)
[0.573s] Level 1:colcon.colcon_core.environment:checking '/home/divya/ros2_ws/install/dof4_arm_ros2' for CMake module files
[0.574s] DEBUG:colcon.colcon_core.event_handler.log_command:Invoked command in '/home/divya/ros2_ws/build/dof4_arm_ros2' returned '0': CMAKE_PREFIX_PATH=/home/divya/ros2_ws/install/dof4_arm_description:/home/divya/ros2_ws/install/dof4_arm_ros2:/opt/ros/jazzy/opt/gz_math_vendor:/opt/ros/jazzy/opt/gz_utils_vendor:/opt/ros/jazzy/opt/gz_cmake_vendor:/opt/ros/jazzy DEBUGINFOD_URLS=https://debuginfod.ubuntu.com /usr/bin/cmake --install /home/divya/ros2_ws/build/dof4_arm_ros2
[0.576s] Level 1:colcon.colcon_core.environment:checking '/home/divya/ros2_ws/install/dof4_arm_ros2' for CMake config files
[0.577s] Level 1:colcon.colcon_core.shell:create_environment_hook('dof4_arm_ros2', 'cmake_prefix_path')
[0.577s] INFO:colcon.colcon_core.shell:Creating environment descriptor '/home/divya/ros2_ws/install/dof4_arm_ros2/share/dof4_arm_ros2/hook/cmake_prefix_path.dsv'
[0.578s] INFO:colcon.colcon_core.shell:Creating environment hook '/home/divya/ros2_ws/install/dof4_arm_ros2/share/dof4_arm_ros2/hook/cmake_prefix_path.sh'
[0.580s] Level 1:colcon.colcon_core.environment:checking '/home/divya/ros2_ws/install/dof4_arm_ros2/bin'
[0.580s] Level 1:colcon.colcon_core.environment:checking '/home/divya/ros2_ws/install/dof4_arm_ros2/lib/pkgconfig/dof4_arm_ros2.pc'
[0.581s] Level 1:colcon.colcon_core.environment:checking '/home/divya/ros2_ws/install/dof4_arm_ros2/lib/python3.12/site-packages'
[0.582s] Level 1:colcon.colcon_core.environment:checking '/home/divya/ros2_ws/install/dof4_arm_ros2/bin'
[0.582s] INFO:colcon.colcon_core.shell:Creating package descriptor '/home/divya/ros2_ws/install/dof4_arm_ros2/share/dof4_arm_ros2/package.dsv'
[0.583s] INFO:colcon.colcon_core.shell:Creating package script '/home/divya/ros2_ws/install/dof4_arm_ros2/share/dof4_arm_ros2/package.sh'
[0.585s] INFO:colcon.colcon_core.shell:Creating package script '/home/divya/ros2_ws/install/dof4_arm_ros2/share/dof4_arm_ros2/package.bash'
[0.586s] INFO:colcon.colcon_core.shell:Creating package script '/home/divya/ros2_ws/install/dof4_arm_ros2/share/dof4_arm_ros2/package.zsh'
[0.588s] Level 1:colcon.colcon_core.environment:create_file_with_runtime_dependencies(/home/divya/ros2_ws/install/dof4_arm_ros2/share/colcon-core/packages/dof4_arm_ros2)
[0.591s] Level 1:colcon.colcon_core.environment:create_environment_scripts_only(dof4_arm_ros2)
[0.592s] Level 1:colcon.colcon_core.environment:checking '/home/divya/ros2_ws/install/dof4_arm_ros2' for CMake module files
[0.592s] Level 1:colcon.colcon_core.environment:checking '/home/divya/ros2_ws/install/dof4_arm_ros2' for CMake config files
[0.592s] Level 1:colcon.colcon_core.shell:create_environment_hook('dof4_arm_ros2', 'cmake_prefix_path')
[0.592s] INFO:colcon.colcon_core.shell:Creating environment descriptor '/home/divya/ros2_ws/install/dof4_arm_ros2/share/dof4_arm_ros2/hook/cmake_prefix_path.dsv'
[0.593s] INFO:colcon.colcon_core.shell:Creating environment hook '/home/divya/ros2_ws/install/dof4_arm_ros2/share/dof4_arm_ros2/hook/cmake_prefix_path.sh'
[0.595s] Level 1:colcon.colcon_core.environment:checking '/home/divya/ros2_ws/install/dof4_arm_ros2/bin'
[0.595s] Level 1:colcon.colcon_core.environment:checking '/home/divya/ros2_ws/install/dof4_arm_ros2/lib/pkgconfig/dof4_arm_ros2.pc'
[0.596s] Level 1:colcon.colcon_core.environment:checking '/home/divya/ros2_ws/install/dof4_arm_ros2/lib/python3.12/site-packages'
[0.596s] Level 1:colcon.colcon_core.environment:checking '/home/divya/ros2_ws/install/dof4_arm_ros2/bin'
[0.596s] INFO:colcon.colcon_core.shell:Creating package descriptor '/home/divya/ros2_ws/install/dof4_arm_ros2/share/dof4_arm_ros2/package.dsv'
[0.597s] INFO:colcon.colcon_core.shell:Creating package script '/home/divya/ros2_ws/install/dof4_arm_ros2/share/dof4_arm_ros2/package.sh'
[0.600s] INFO:colcon.colcon_core.shell:Creating package script '/home/divya/ros2_ws/install/dof4_arm_ros2/share/dof4_arm_ros2/package.bash'
[0.602s] INFO:colcon.colcon_core.shell:Creating package script '/home/divya/ros2_ws/install/dof4_arm_ros2/share/dof4_arm_ros2/package.zsh'
[0.603s] Level 1:colcon.colcon_core.environment:create_file_with_runtime_dependencies(/home/divya/ros2_ws/install/dof4_arm_ros2/share/colcon-core/packages/dof4_arm_ros2)
[0.605s] DEBUG:colcon.colcon_parallel_executor.executor.parallel:closing loop
[0.606s] DEBUG:colcon.colcon_parallel_executor.executor.parallel:loop closed
[0.606s] DEBUG:colcon.colcon_parallel_executor.executor.parallel:run_until_complete finished with '0'
[0.606s] DEBUG:colcon.colcon_core.event_reactor:joining thread
[0.615s] INFO:colcon.colcon_core.plugin_system:Skipping extension 'colcon_notification.desktop_notification.terminal_notifier': Not used on non-Darwin systems
[0.616s] INFO:colcon.colcon_core.plugin_system:Skipping extension 'colcon_notification.desktop_notification.win32': Not used on non-Windows systems
[0.616s] INFO:colcon.colcon_notification.desktop_notification:Sending desktop notification using 'notify2'
[0.660s] DEBUG:colcon.colcon_core.event_reactor:joined thread
[0.660s] INFO:colcon.colcon_core.shell:Creating prefix script '/home/divya/ros2_ws/install/local_setup.sh'
[0.662s] INFO:colcon.colcon_core.shell:Creating prefix util module '/home/divya/ros2_ws/install/_local_setup_util_sh.py'
[0.665s] INFO:colcon.colcon_core.shell:Creating prefix chain script '/home/divya/ros2_ws/install/setup.sh'
[0.675s] INFO:colcon.colcon_core.shell:Creating prefix script '/home/divya/ros2_ws/install/local_setup.bash'
[0.676s] INFO:colcon.colcon_core.shell:Creating prefix chain script '/home/divya/ros2_ws/install/setup.bash'
[0.678s] INFO:colcon.colcon_core.shell:Creating prefix script '/home/divya/ros2_ws/install/local_setup.zsh'
[0.680s] INFO:colcon.colcon_core.shell:Creating prefix chain script '/home/divya/ros2_ws/install/setup.zsh'
