[0.014s] Invoking command in '/home/divya/ros2_ws/build/dof4_arm_ros2': AMENT_PREFIX_PATH=/home/divya/ros2_ws/install/dof4_arm_description:${AMENT_PREFIX_PATH} CMAKE_PREFIX_PATH=/home/divya/ros2_ws/install/dof4_arm_description:/opt/ros/jazzy/opt/gz_math_vendor:/opt/ros/jazzy/opt/gz_utils_vendor:/opt/ros/jazzy/opt/gz_cmake_vendor:/opt/ros/jazzy DEBUGINFOD_URLS=https://debuginfod.ubuntu.com /usr/bin/cmake --build /home/divya/ros2_ws/build/dof4_arm_ros2 -- -j3 -l3
[0.078s] Invoked command in '/home/divya/ros2_ws/build/dof4_arm_ros2' returned '0': AMENT_PREFIX_PATH=/home/divya/ros2_ws/install/dof4_arm_description:${AMENT_PREFIX_PATH} CMAKE_PREFIX_PATH=/home/divya/ros2_ws/install/dof4_arm_description:/opt/ros/jazzy/opt/gz_math_vendor:/opt/ros/jazzy/opt/gz_utils_vendor:/opt/ros/jazzy/opt/gz_cmake_vendor:/opt/ros/jazzy DEBUGINFOD_URLS=https://debuginfod.ubuntu.com /usr/bin/cmake --build /home/divya/ros2_ws/build/dof4_arm_ros2 -- -j3 -l3
[0.083s] Invoking command in '/home/divya/ros2_ws/build/dof4_arm_ros2': AMENT_PREFIX_PATH=/home/divya/ros2_ws/install/dof4_arm_description:${AMENT_PREFIX_PATH} CMAKE_PREFIX_PATH=/home/divya/ros2_ws/install/dof4_arm_description:/opt/ros/jazzy/opt/gz_math_vendor:/opt/ros/jazzy/opt/gz_utils_vendor:/opt/ros/jazzy/opt/gz_cmake_vendor:/opt/ros/jazzy DEBUGINFOD_URLS=https://debuginfod.ubuntu.com /usr/bin/cmake --install /home/divya/ros2_ws/build/dof4_arm_ros2
[0.092s] -- Install configuration: ""
[0.096s] -- Up-to-date: /home/divya/ros2_ws/install/dof4_arm_ros2/share/ament_index/resource_index/package_run_dependencies/dof4_arm_ros2
[0.097s] -- Up-to-date: /home/divya/ros2_ws/install/dof4_arm_ros2/share/ament_index/resource_index/parent_prefix_path/dof4_arm_ros2
[0.099s] -- Up-to-date: /home/divya/ros2_ws/install/dof4_arm_ros2/share/dof4_arm_ros2/environment/ament_prefix_path.sh
[0.099s] -- Up-to-date: /home/divya/ros2_ws/install/dof4_arm_ros2/share/dof4_arm_ros2/environment/ament_prefix_path.dsv
[0.099s] -- Up-to-date: /home/divya/ros2_ws/install/dof4_arm_ros2/share/dof4_arm_ros2/environment/path.sh
[0.099s] -- Up-to-date: /home/divya/ros2_ws/install/dof4_arm_ros2/share/dof4_arm_ros2/environment/path.dsv
[0.099s] -- Up-to-date: /home/divya/ros2_ws/install/dof4_arm_ros2/share/dof4_arm_ros2/local_setup.bash
[0.099s] -- Up-to-date: /home/divya/ros2_ws/install/dof4_arm_ros2/share/dof4_arm_ros2/local_setup.sh
[0.099s] -- Up-to-date: /home/divya/ros2_ws/install/dof4_arm_ros2/share/dof4_arm_ros2/local_setup.zsh
[0.099s] -- Up-to-date: /home/divya/ros2_ws/install/dof4_arm_ros2/share/dof4_arm_ros2/local_setup.dsv
[0.099s] -- Installing: /home/divya/ros2_ws/install/dof4_arm_ros2/share/dof4_arm_ros2/package.dsv
[0.101s] -- Up-to-date: /home/divya/ros2_ws/install/dof4_arm_ros2/share/ament_index/resource_index/packages/dof4_arm_ros2
[0.104s] -- Up-to-date: /home/divya/ros2_ws/install/dof4_arm_ros2/share/dof4_arm_ros2/cmake/dof4_arm_ros2Config.cmake
[0.104s] -- Up-to-date: /home/divya/ros2_ws/install/dof4_arm_ros2/share/dof4_arm_ros2/cmake/dof4_arm_ros2Config-version.cmake
[0.106s] -- Up-to-date: /home/divya/ros2_ws/install/dof4_arm_ros2/share/dof4_arm_ros2/package.xml
[0.106s] Invoked command in '/home/divya/ros2_ws/build/dof4_arm_ros2' returned '0': AMENT_PREFIX_PATH=/home/divya/ros2_ws/install/dof4_arm_description:${AMENT_PREFIX_PATH} CMAKE_PREFIX_PATH=/home/divya/ros2_ws/install/dof4_arm_description:/opt/ros/jazzy/opt/gz_math_vendor:/opt/ros/jazzy/opt/gz_utils_vendor:/opt/ros/jazzy/opt/gz_cmake_vendor:/opt/ros/jazzy DEBUGINFOD_URLS=https://debuginfod.ubuntu.com /usr/bin/cmake --install /home/divya/ros2_ws/build/dof4_arm_ros2
