[0.107s] Invoking command in '/home/divya/ros2_ws/build/dof4_arm_description': CMAKE_PREFIX_PATH=${CMAKE_PREFIX_PATH}:/opt/ros/jazzy DEBUGINFOD_URLS=https://debuginfod.ubuntu.com /usr/bin/cmake --build /home/divya/ros2_ws/build/dof4_arm_description -- -j3 -l3
[0.597s] Invoked command in '/home/divya/ros2_ws/build/dof4_arm_description' returned '0': CMAKE_PREFIX_PATH=${CMAKE_PREFIX_PATH}:/opt/ros/jazzy DEBUGINFOD_URLS=https://debuginfod.ubuntu.com /usr/bin/cmake --build /home/divya/ros2_ws/build/dof4_arm_description -- -j3 -l3
[0.661s] Invoking command in '/home/divya/ros2_ws/build/dof4_arm_description': CMAKE_PREFIX_PATH=${CMAKE_PREFIX_PATH}:/opt/ros/jazzy DEBUGINFOD_URLS=https://debuginfod.ubuntu.com /usr/bin/cmake --install /home/divya/ros2_ws/build/dof4_arm_description
[0.745s] -- Install configuration: ""
[0.747s] -- Up-to-date: /home/divya/ros2_ws/install/dof4_arm_description/share/dof4_arm_description/launch
[0.747s] -- Up-to-date: /home/divya/ros2_ws/install/dof4_arm_description/share/dof4_arm_description/launch/display.launch.py
[0.748s] -- Up-to-date: /home/divya/ros2_ws/install/dof4_arm_description/share/dof4_arm_description/meshes
[0.748s] -- Up-to-date: /home/divya/ros2_ws/install/dof4_arm_description/share/dof4_arm_description/meshes/open_manipulator_x
[0.748s] -- Up-to-date: /home/divya/ros2_ws/install/dof4_arm_description/share/dof4_arm_description/meshes/open_manipulator_x/link3.stl
[0.748s] -- Up-to-date: /home/divya/ros2_ws/install/dof4_arm_description/share/dof4_arm_description/meshes/open_manipulator_x/link2.stl
[0.748s] -- Up-to-date: /home/divya/ros2_ws/install/dof4_arm_description/share/dof4_arm_description/meshes/open_manipulator_x/plate.stl
[0.748s] -- Up-to-date: /home/divya/ros2_ws/install/dof4_arm_description/share/dof4_arm_description/meshes/open_manipulator_x/link1.stl
[0.748s] -- Up-to-date: /home/divya/ros2_ws/install/dof4_arm_description/share/dof4_arm_description/meshes/open_manipulator_x/link4.stl
[0.748s] -- Up-to-date: /home/divya/ros2_ws/install/dof4_arm_description/share/dof4_arm_description/urdf
[0.754s] -- Up-to-date: /home/divya/ros2_ws/install/dof4_arm_description/share/dof4_arm_description/urdf/dof4_arm.urdf
[0.754s] -- Up-to-date: /home/divya/ros2_ws/install/dof4_arm_description/share/dof4_arm_description/urdf/dof4_arm.urdf.save
[0.754s] -- Up-to-date: /home/divya/ros2_ws/install/dof4_arm_description/share/dof4_arm_description/rviz
[0.757s] -- Up-to-date: /home/divya/ros2_ws/install/dof4_arm_description/share/ament_index/resource_index/package_run_dependencies/dof4_arm_description
[0.758s] -- Up-to-date: /home/divya/ros2_ws/install/dof4_arm_description/share/ament_index/resource_index/parent_prefix_path/dof4_arm_description
[0.758s] -- Up-to-date: /home/divya/ros2_ws/install/dof4_arm_description/share/dof4_arm_description/environment/ament_prefix_path.sh
[0.758s] -- Up-to-date: /home/divya/ros2_ws/install/dof4_arm_description/share/dof4_arm_description/environment/ament_prefix_path.dsv
[0.759s] -- Up-to-date: /home/divya/ros2_ws/install/dof4_arm_description/share/dof4_arm_description/environment/path.sh
[0.759s] -- Up-to-date: /home/divya/ros2_ws/install/dof4_arm_description/share/dof4_arm_description/environment/path.dsv
[0.774s] -- Up-to-date: /home/divya/ros2_ws/install/dof4_arm_description/share/dof4_arm_description/local_setup.bash
[0.774s] -- Up-to-date: /home/divya/ros2_ws/install/dof4_arm_description/share/dof4_arm_description/local_setup.sh
[0.774s] -- Up-to-date: /home/divya/ros2_ws/install/dof4_arm_description/share/dof4_arm_description/local_setup.zsh
[0.774s] -- Up-to-date: /home/divya/ros2_ws/install/dof4_arm_description/share/dof4_arm_description/local_setup.dsv
[0.774s] -- Installing: /home/divya/ros2_ws/install/dof4_arm_description/share/dof4_arm_description/package.dsv
[0.775s] -- Up-to-date: /home/divya/ros2_ws/install/dof4_arm_description/share/ament_index/resource_index/packages/dof4_arm_description
[0.775s] -- Up-to-date: /home/divya/ros2_ws/install/dof4_arm_description/share/dof4_arm_description/cmake/dof4_arm_descriptionConfig.cmake
[0.775s] -- Up-to-date: /home/divya/ros2_ws/install/dof4_arm_description/share/dof4_arm_description/cmake/dof4_arm_descriptionConfig-version.cmake
[0.775s] -- Up-to-date: /home/divya/ros2_ws/install/dof4_arm_description/share/dof4_arm_description/package.xml
[0.786s] Invoked command in '/home/divya/ros2_ws/build/dof4_arm_description' returned '0': CMAKE_PREFIX_PATH=${CMAKE_PREFIX_PATH}:/opt/ros/jazzy DEBUGINFOD_URLS=https://debuginfod.ubuntu.com /usr/bin/cmake --install /home/divya/ros2_ws/build/dof4_arm_description
