[0.327s] DEBUG:colcon:Command line arguments: ['/usr/bin/colcon', 'build']
[0.327s] DEBUG:colcon:Parsed command line arguments: Namespace(log_base=None, log_level=None, verb_name='build', build_base='build', install_base='install', merge_install=False, symlink_install=False, test_result_base=None, continue_on_error=False, executor='parallel', parallel_workers=3, event_handlers=None, ignore_user_meta=False, metas=['./colcon.meta'], base_paths=['.'], packages_ignore=None, packages_ignore_regex=None, paths=None, packages_up_to=None, packages_up_to_regex=None, packages_above=None, packages_above_and_dependencies=None, packages_above_depth=None, packages_select_by_dep=None, packages_skip_by_dep=None, packages_skip_up_to=None, packages_select_build_failed=False, packages_skip_build_finished=False, packages_select_test_failures=False, packages_skip_test_passed=False, packages_select=None, packages_skip=None, packages_select_regex=None, packages_skip_regex=None, packages_start=None, packages_end=None, cmake_args=None, cmake_target=None, cmake_target_skip_unavailable=False, cmake_clean_cache=False, cmake_clean_first=False, cmake_force_configure=False, ament_cmake_args=None, catkin_cmake_args=None, catkin_skip_building_tests=False, verb_parser=<colcon_defaults.argument_parser.defaults.DefaultArgumentsDecorator object at 0x7172a4903a10>, verb_extension=<colcon_core.verb.build.BuildVerb object at 0x7172a4a483e0>, main=<bound method BuildVerb.main of <colcon_core.verb.build.BuildVerb object at 0x7172a4a483e0>>)
[0.435s] Level 1:colcon.colcon_core.package_discovery:discover_packages(colcon_meta) check parameters
[0.435s] Level 1:colcon.colcon_core.package_discovery:discover_packages(recursive) check parameters
[0.435s] Level 1:colcon.colcon_core.package_discovery:discover_packages(ignore) check parameters
[0.435s] Level 1:colcon.colcon_core.package_discovery:discover_packages(path) check parameters
[0.435s] Level 1:colcon.colcon_core.package_discovery:discover_packages(colcon_meta) discover
[0.435s] Level 1:colcon.colcon_core.package_discovery:discover_packages(recursive) discover
[0.435s] INFO:colcon.colcon_core.package_discovery:Crawling recursively for packages in '/home/divya/ros2_ws'
[0.435s] Level 1:colcon.colcon_core.package_identification:_identify(.) by extensions ['ignore', 'ignore_ament_install']
[0.435s] Level 1:colcon.colcon_core.package_identification:_identify(.) by extension 'ignore'
[0.435s] Level 1:colcon.colcon_core.package_identification:_identify(.) by extension 'ignore_ament_install'
[0.435s] Level 1:colcon.colcon_core.package_identification:_identify(.) by extensions ['colcon_pkg']
[0.435s] Level 1:colcon.colcon_core.package_identification:_identify(.) by extension 'colcon_pkg'
[0.435s] Level 1:colcon.colcon_core.package_identification:_identify(.) by extensions ['colcon_meta']
[0.435s] Level 1:colcon.colcon_core.package_identification:_identify(.) by extension 'colcon_meta'
[0.436s] Level 1:colcon.colcon_core.package_identification:_identify(.) by extensions ['ros']
[0.436s] Level 1:colcon.colcon_core.package_identification:_identify(.) by extension 'ros'
[0.467s] Level 1:colcon.colcon_core.package_identification:_identify(.) by extensions ['cmake', 'python']
[0.467s] Level 1:colcon.colcon_core.package_identification:_identify(.) by extension 'cmake'
[0.467s] Level 1:colcon.colcon_core.package_identification:_identify(.) by extension 'python'
[0.467s] Level 1:colcon.colcon_core.package_identification:_identify(.) by extensions ['python_setup_py']
[0.467s] Level 1:colcon.colcon_core.package_identification:_identify(.) by extension 'python_setup_py'
[0.467s] Level 1:colcon.colcon_core.package_identification:_identify(build) by extensions ['ignore', 'ignore_ament_install']
[0.467s] Level 1:colcon.colcon_core.package_identification:_identify(build) by extension 'ignore'
[0.467s] Level 1:colcon.colcon_core.package_identification:_identify(build) ignored
[0.468s] Level 1:colcon.colcon_core.package_identification:_identify(install) by extensions ['ignore', 'ignore_ament_install']
[0.468s] Level 1:colcon.colcon_core.package_identification:_identify(install) by extension 'ignore'
[0.468s] Level 1:colcon.colcon_core.package_identification:_identify(install) ignored
[0.468s] Level 1:colcon.colcon_core.package_identification:_identify(log) by extensions ['ignore', 'ignore_ament_install']
[0.468s] Level 1:colcon.colcon_core.package_identification:_identify(log) by extension 'ignore'
[0.468s] Level 1:colcon.colcon_core.package_identification:_identify(log) ignored
[0.468s] Level 1:colcon.colcon_core.package_identification:_identify(src) by extensions ['ignore', 'ignore_ament_install']
[0.468s] Level 1:colcon.colcon_core.package_identification:_identify(src) by extension 'ignore'
[0.468s] Level 1:colcon.colcon_core.package_identification:_identify(src) by extension 'ignore_ament_install'
[0.468s] Level 1:colcon.colcon_core.package_identification:_identify(src) by extensions ['colcon_pkg']
[0.468s] Level 1:colcon.colcon_core.package_identification:_identify(src) by extension 'colcon_pkg'
[0.468s] Level 1:colcon.colcon_core.package_identification:_identify(src) by extensions ['colcon_meta']
[0.468s] Level 1:colcon.colcon_core.package_identification:_identify(src) by extension 'colcon_meta'
[0.468s] Level 1:colcon.colcon_core.package_identification:_identify(src) by extensions ['ros']
[0.468s] Level 1:colcon.colcon_core.package_identification:_identify(src) by extension 'ros'
[0.468s] Level 1:colcon.colcon_core.package_identification:_identify(src) by extensions ['cmake', 'python']
[0.468s] Level 1:colcon.colcon_core.package_identification:_identify(src) by extension 'cmake'
[0.468s] Level 1:colcon.colcon_core.package_identification:_identify(src) by extension 'python'
[0.468s] Level 1:colcon.colcon_core.package_identification:_identify(src) by extensions ['python_setup_py']
[0.468s] Level 1:colcon.colcon_core.package_identification:_identify(src) by extension 'python_setup_py'
[0.469s] Level 1:colcon.colcon_core.package_identification:_identify(src/control) by extensions ['ignore', 'ignore_ament_install']
[0.469s] Level 1:colcon.colcon_core.package_identification:_identify(src/control) by extension 'ignore'
[0.469s] Level 1:colcon.colcon_core.package_identification:_identify(src/control) by extension 'ignore_ament_install'
[0.469s] Level 1:colcon.colcon_core.package_identification:_identify(src/control) by extensions ['colcon_pkg']
[0.469s] Level 1:colcon.colcon_core.package_identification:_identify(src/control) by extension 'colcon_pkg'
[0.469s] Level 1:colcon.colcon_core.package_identification:_identify(src/control) by extensions ['colcon_meta']
[0.470s] Level 1:colcon.colcon_core.package_identification:_identify(src/control) by extension 'colcon_meta'
[0.470s] Level 1:colcon.colcon_core.package_identification:_identify(src/control) by extensions ['ros']
[0.470s] Level 1:colcon.colcon_core.package_identification:_identify(src/control) by extension 'ros'
[0.470s] Level 1:colcon.colcon_core.package_identification:_identify(src/control) by extensions ['cmake', 'python']
[0.470s] Level 1:colcon.colcon_core.package_identification:_identify(src/control) by extension 'cmake'
[0.470s] Level 1:colcon.colcon_core.package_identification:_identify(src/control) by extension 'python'
[0.470s] Level 1:colcon.colcon_core.package_identification:_identify(src/control) by extensions ['python_setup_py']
[0.470s] Level 1:colcon.colcon_core.package_identification:_identify(src/control) by extension 'python_setup_py'
[0.471s] Level 1:colcon.colcon_core.package_identification:_identify(src/dof4_arm_description) by extensions ['ignore', 'ignore_ament_install']
[0.471s] Level 1:colcon.colcon_core.package_identification:_identify(src/dof4_arm_description) by extension 'ignore'
[0.471s] Level 1:colcon.colcon_core.package_identification:_identify(src/dof4_arm_description) by extension 'ignore_ament_install'
[0.471s] Level 1:colcon.colcon_core.package_identification:_identify(src/dof4_arm_description) by extensions ['colcon_pkg']
[0.471s] Level 1:colcon.colcon_core.package_identification:_identify(src/dof4_arm_description) by extension 'colcon_pkg'
[0.471s] Level 1:colcon.colcon_core.package_identification:_identify(src/dof4_arm_description) by extensions ['colcon_meta']
[0.471s] Level 1:colcon.colcon_core.package_identification:_identify(src/dof4_arm_description) by extension 'colcon_meta'
[0.471s] Level 1:colcon.colcon_core.package_identification:_identify(src/dof4_arm_description) by extensions ['ros']
[0.471s] Level 1:colcon.colcon_core.package_identification:_identify(src/dof4_arm_description) by extension 'ros'
[0.476s] DEBUG:colcon.colcon_core.package_identification:Package 'src/dof4_arm_description' with type 'ros.ament_cmake' and name 'dof4_arm_description'
[0.476s] Level 1:colcon.colcon_core.package_identification:_identify(src/dof4_arm_ros2) by extensions ['ignore', 'ignore_ament_install']
[0.476s] Level 1:colcon.colcon_core.package_identification:_identify(src/dof4_arm_ros2) by extension 'ignore'
[0.476s] Level 1:colcon.colcon_core.package_identification:_identify(src/dof4_arm_ros2) by extension 'ignore_ament_install'
[0.476s] Level 1:colcon.colcon_core.package_identification:_identify(src/dof4_arm_ros2) by extensions ['colcon_pkg']
[0.476s] Level 1:colcon.colcon_core.package_identification:_identify(src/dof4_arm_ros2) by extension 'colcon_pkg'
[0.476s] Level 1:colcon.colcon_core.package_identification:_identify(src/dof4_arm_ros2) by extensions ['colcon_meta']
[0.476s] Level 1:colcon.colcon_core.package_identification:_identify(src/dof4_arm_ros2) by extension 'colcon_meta'
[0.476s] Level 1:colcon.colcon_core.package_identification:_identify(src/dof4_arm_ros2) by extensions ['ros']
[0.477s] Level 1:colcon.colcon_core.package_identification:_identify(src/dof4_arm_ros2) by extension 'ros'
[0.477s] DEBUG:colcon.colcon_core.package_identification:Package 'src/dof4_arm_ros2' with type 'ros.ament_cmake' and name 'dof4_arm_ros2'
[0.478s] Level 1:colcon.colcon_core.package_identification:_identify(src/meshes) by extensions ['ignore', 'ignore_ament_install']
[0.478s] Level 1:colcon.colcon_core.package_identification:_identify(src/meshes) by extension 'ignore'
[0.478s] Level 1:colcon.colcon_core.package_identification:_identify(src/meshes) by extension 'ignore_ament_install'
[0.478s] Level 1:colcon.colcon_core.package_identification:_identify(src/meshes) by extensions ['colcon_pkg']
[0.478s] Level 1:colcon.colcon_core.package_identification:_identify(src/meshes) by extension 'colcon_pkg'
[0.478s] Level 1:colcon.colcon_core.package_identification:_identify(src/meshes) by extensions ['colcon_meta']
[0.478s] Level 1:colcon.colcon_core.package_identification:_identify(src/meshes) by extension 'colcon_meta'
[0.478s] Level 1:colcon.colcon_core.package_identification:_identify(src/meshes) by extensions ['ros']
[0.478s] Level 1:colcon.colcon_core.package_identification:_identify(src/meshes) by extension 'ros'
[0.478s] Level 1:colcon.colcon_core.package_identification:_identify(src/meshes) by extensions ['cmake', 'python']
[0.478s] Level 1:colcon.colcon_core.package_identification:_identify(src/meshes) by extension 'cmake'
[0.478s] Level 1:colcon.colcon_core.package_identification:_identify(src/meshes) by extension 'python'
[0.478s] Level 1:colcon.colcon_core.package_identification:_identify(src/meshes) by extensions ['python_setup_py']
[0.478s] Level 1:colcon.colcon_core.package_identification:_identify(src/meshes) by extension 'python_setup_py'
[0.479s] Level 1:colcon.colcon_core.package_identification:_identify(src/robots) by extensions ['ignore', 'ignore_ament_install']
[0.479s] Level 1:colcon.colcon_core.package_identification:_identify(src/robots) by extension 'ignore'
[0.479s] Level 1:colcon.colcon_core.package_identification:_identify(src/robots) by extension 'ignore_ament_install'
[0.479s] Level 1:colcon.colcon_core.package_identification:_identify(src/robots) by extensions ['colcon_pkg']
[0.479s] Level 1:colcon.colcon_core.package_identification:_identify(src/robots) by extension 'colcon_pkg'
[0.479s] Level 1:colcon.colcon_core.package_identification:_identify(src/robots) by extensions ['colcon_meta']
[0.479s] Level 1:colcon.colcon_core.package_identification:_identify(src/robots) by extension 'colcon_meta'
[0.479s] Level 1:colcon.colcon_core.package_identification:_identify(src/robots) by extensions ['ros']
[0.479s] Level 1:colcon.colcon_core.package_identification:_identify(src/robots) by extension 'ros'
[0.479s] Level 1:colcon.colcon_core.package_identification:_identify(src/robots) by extensions ['cmake', 'python']
[0.479s] Level 1:colcon.colcon_core.package_identification:_identify(src/robots) by extension 'cmake'
[0.479s] Level 1:colcon.colcon_core.package_identification:_identify(src/robots) by extension 'python'
[0.479s] Level 1:colcon.colcon_core.package_identification:_identify(src/robots) by extensions ['python_setup_py']
[0.479s] Level 1:colcon.colcon_core.package_identification:_identify(src/robots) by extension 'python_setup_py'
[0.480s] Level 1:colcon.colcon_core.package_identification:_identify(src/sensors) by extensions ['ignore', 'ignore_ament_install']
[0.480s] Level 1:colcon.colcon_core.package_identification:_identify(src/sensors) by extension 'ignore'
[0.480s] Level 1:colcon.colcon_core.package_identification:_identify(src/sensors) by extension 'ignore_ament_install'
[0.480s] Level 1:colcon.colcon_core.package_identification:_identify(src/sensors) by extensions ['colcon_pkg']
[0.480s] Level 1:colcon.colcon_core.package_identification:_identify(src/sensors) by extension 'colcon_pkg'
[0.480s] Level 1:colcon.colcon_core.package_identification:_identify(src/sensors) by extensions ['colcon_meta']
[0.480s] Level 1:colcon.colcon_core.package_identification:_identify(src/sensors) by extension 'colcon_meta'
[0.480s] Level 1:colcon.colcon_core.package_identification:_identify(src/sensors) by extensions ['ros']
[0.480s] Level 1:colcon.colcon_core.package_identification:_identify(src/sensors) by extension 'ros'
[0.480s] Level 1:colcon.colcon_core.package_identification:_identify(src/sensors) by extensions ['cmake', 'python']
[0.480s] Level 1:colcon.colcon_core.package_identification:_identify(src/sensors) by extension 'cmake'
[0.480s] Level 1:colcon.colcon_core.package_identification:_identify(src/sensors) by extension 'python'
[0.480s] Level 1:colcon.colcon_core.package_identification:_identify(src/sensors) by extensions ['python_setup_py']
[0.480s] Level 1:colcon.colcon_core.package_identification:_identify(src/sensors) by extension 'python_setup_py'
[0.481s] Level 1:colcon.colcon_core.package_identification:_identify(src/urdf) by extensions ['ignore', 'ignore_ament_install']
[0.481s] Level 1:colcon.colcon_core.package_identification:_identify(src/urdf) by extension 'ignore'
[0.481s] Level 1:colcon.colcon_core.package_identification:_identify(src/urdf) by extension 'ignore_ament_install'
[0.481s] Level 1:colcon.colcon_core.package_identification:_identify(src/urdf) by extensions ['colcon_pkg']
[0.481s] Level 1:colcon.colcon_core.package_identification:_identify(src/urdf) by extension 'colcon_pkg'
[0.481s] Level 1:colcon.colcon_core.package_identification:_identify(src/urdf) by extensions ['colcon_meta']
[0.481s] Level 1:colcon.colcon_core.package_identification:_identify(src/urdf) by extension 'colcon_meta'
[0.481s] Level 1:colcon.colcon_core.package_identification:_identify(src/urdf) by extensions ['ros']
[0.481s] Level 1:colcon.colcon_core.package_identification:_identify(src/urdf) by extension 'ros'
[0.481s] Level 1:colcon.colcon_core.package_identification:_identify(src/urdf) by extensions ['cmake', 'python']
[0.481s] Level 1:colcon.colcon_core.package_identification:_identify(src/urdf) by extension 'cmake'
[0.481s] Level 1:colcon.colcon_core.package_identification:_identify(src/urdf) by extension 'python'
[0.481s] Level 1:colcon.colcon_core.package_identification:_identify(src/urdf) by extensions ['python_setup_py']
[0.481s] Level 1:colcon.colcon_core.package_identification:_identify(src/urdf) by extension 'python_setup_py'
[0.482s] Level 1:colcon.colcon_core.package_identification:_identify(src/visual) by extensions ['ignore', 'ignore_ament_install']
[0.482s] Level 1:colcon.colcon_core.package_identification:_identify(src/visual) by extension 'ignore'
[0.482s] Level 1:colcon.colcon_core.package_identification:_identify(src/visual) by extension 'ignore_ament_install'
[0.482s] Level 1:colcon.colcon_core.package_identification:_identify(src/visual) by extensions ['colcon_pkg']
[0.482s] Level 1:colcon.colcon_core.package_identification:_identify(src/visual) by extension 'colcon_pkg'
[0.482s] Level 1:colcon.colcon_core.package_identification:_identify(src/visual) by extensions ['colcon_meta']
[0.482s] Level 1:colcon.colcon_core.package_identification:_identify(src/visual) by extension 'colcon_meta'
[0.482s] Level 1:colcon.colcon_core.package_identification:_identify(src/visual) by extensions ['ros']
[0.482s] Level 1:colcon.colcon_core.package_identification:_identify(src/visual) by extension 'ros'
[0.482s] Level 1:colcon.colcon_core.package_identification:_identify(src/visual) by extensions ['cmake', 'python']
[0.482s] Level 1:colcon.colcon_core.package_identification:_identify(src/visual) by extension 'cmake'
[0.482s] Level 1:colcon.colcon_core.package_identification:_identify(src/visual) by extension 'python'
[0.482s] Level 1:colcon.colcon_core.package_identification:_identify(src/visual) by extensions ['python_setup_py']
[0.482s] Level 1:colcon.colcon_core.package_identification:_identify(src/visual) by extension 'python_setup_py'
[0.482s] Level 1:colcon.colcon_core.package_discovery:discover_packages(recursive) using defaults
[0.482s] Level 1:colcon.colcon_core.package_discovery:discover_packages(ignore) discover
[0.483s] Level 1:colcon.colcon_core.package_discovery:discover_packages(ignore) using defaults
[0.483s] Level 1:colcon.colcon_core.package_discovery:discover_packages(path) discover
[0.483s] Level 1:colcon.colcon_core.package_discovery:discover_packages(path) using defaults
[0.517s] Level 5:colcon.colcon_core.verb:set package 'dof4_arm_description' build argument 'cmake_args' from command line to 'None'
[0.518s] Level 5:colcon.colcon_core.verb:set package 'dof4_arm_description' build argument 'cmake_target' from command line to 'None'
[0.518s] Level 5:colcon.colcon_core.verb:set package 'dof4_arm_description' build argument 'cmake_target_skip_unavailable' from command line to 'False'
[0.518s] Level 5:colcon.colcon_core.verb:set package 'dof4_arm_description' build argument 'cmake_clean_cache' from command line to 'False'
[0.518s] Level 5:colcon.colcon_core.verb:set package 'dof4_arm_description' build argument 'cmake_clean_first' from command line to 'False'
[0.518s] Level 5:colcon.colcon_core.verb:set package 'dof4_arm_description' build argument 'cmake_force_configure' from command line to 'False'
[0.518s] Level 5:colcon.colcon_core.verb:set package 'dof4_arm_description' build argument 'ament_cmake_args' from command line to 'None'
[0.518s] Level 5:colcon.colcon_core.verb:set package 'dof4_arm_description' build argument 'catkin_cmake_args' from command line to 'None'
[0.518s] Level 5:colcon.colcon_core.verb:set package 'dof4_arm_description' build argument 'catkin_skip_building_tests' from command line to 'False'
[0.518s] DEBUG:colcon.colcon_core.verb:Building package 'dof4_arm_description' with the following arguments: {'ament_cmake_args': None, 'build_base': '/home/divya/ros2_ws/build/dof4_arm_description', 'catkin_cmake_args': None, 'catkin_skip_building_tests': False, 'cmake_args': None, 'cmake_clean_cache': False, 'cmake_clean_first': False, 'cmake_force_configure': False, 'cmake_target': None, 'cmake_target_skip_unavailable': False, 'install_base': '/home/divya/ros2_ws/install/dof4_arm_description', 'merge_install': False, 'path': '/home/divya/ros2_ws/src/dof4_arm_description', 'symlink_install': False, 'test_result_base': None}
[0.519s] Level 5:colcon.colcon_core.verb:set package 'dof4_arm_ros2' build argument 'cmake_args' from command line to 'None'
[0.519s] Level 5:colcon.colcon_core.verb:set package 'dof4_arm_ros2' build argument 'cmake_target' from command line to 'None'
[0.519s] Level 5:colcon.colcon_core.verb:set package 'dof4_arm_ros2' build argument 'cmake_target_skip_unavailable' from command line to 'False'
[0.519s] Level 5:colcon.colcon_core.verb:set package 'dof4_arm_ros2' build argument 'cmake_clean_cache' from command line to 'False'
[0.519s] Level 5:colcon.colcon_core.verb:set package 'dof4_arm_ros2' build argument 'cmake_clean_first' from command line to 'False'
[0.519s] Level 5:colcon.colcon_core.verb:set package 'dof4_arm_ros2' build argument 'cmake_force_configure' from command line to 'False'
[0.519s] Level 5:colcon.colcon_core.verb:set package 'dof4_arm_ros2' build argument 'ament_cmake_args' from command line to 'None'
[0.519s] Level 5:colcon.colcon_core.verb:set package 'dof4_arm_ros2' build argument 'catkin_cmake_args' from command line to 'None'
[0.519s] Level 5:colcon.colcon_core.verb:set package 'dof4_arm_ros2' build argument 'catkin_skip_building_tests' from command line to 'False'
[0.519s] DEBUG:colcon.colcon_core.verb:Building package 'dof4_arm_ros2' with the following arguments: {'ament_cmake_args': None, 'build_base': '/home/divya/ros2_ws/build/dof4_arm_ros2', 'catkin_cmake_args': None, 'catkin_skip_building_tests': False, 'cmake_args': None, 'cmake_clean_cache': False, 'cmake_clean_first': False, 'cmake_force_configure': False, 'cmake_target': None, 'cmake_target_skip_unavailable': False, 'install_base': '/home/divya/ros2_ws/install/dof4_arm_ros2', 'merge_install': False, 'path': '/home/divya/ros2_ws/src/dof4_arm_ros2', 'symlink_install': False, 'test_result_base': None}
[0.519s] INFO:colcon.colcon_core.executor:Executing jobs using 'parallel' executor
[0.526s] DEBUG:colcon.colcon_parallel_executor.executor.parallel:run_until_complete
[0.526s] INFO:colcon.colcon_ros.task.ament_cmake.build:Building ROS package in '/home/divya/ros2_ws/src/dof4_arm_description' with build type 'ament_cmake'
[0.526s] INFO:colcon.colcon_cmake.task.cmake.build:Building CMake package in '/home/divya/ros2_ws/src/dof4_arm_description'
[0.550s] INFO:colcon.colcon_core.plugin_system:Skipping extension 'colcon_core.shell.bat': Not used on non-Windows systems
[0.550s] DEBUG:colcon.colcon_core.shell:Skip shell extension 'dsv' for command environment
[0.593s] DEBUG:colcon.colcon_core.event_handler.log_command:Invoking command in '/home/divya/ros2_ws/build/dof4_arm_description': CMAKE_PREFIX_PATH=${CMAKE_PREFIX_PATH}:/opt/ros/jazzy DEBUGINFOD_URLS=https://debuginfod.ubuntu.com /usr/bin/cmake --build /home/divya/ros2_ws/build/dof4_arm_description -- -j3 -l3
[0.808s] DEBUG:colcon.colcon_core.event_handler.log_command:Invoked command in '/home/divya/ros2_ws/build/dof4_arm_description' returned '0': CMAKE_PREFIX_PATH=${CMAKE_PREFIX_PATH}:/opt/ros/jazzy DEBUGINFOD_URLS=https://debuginfod.ubuntu.com /usr/bin/cmake --build /home/divya/ros2_ws/build/dof4_arm_description -- -j3 -l3
[0.834s] DEBUG:colcon.colcon_core.event_handler.log_command:Invoking command in '/home/divya/ros2_ws/build/dof4_arm_description': CMAKE_PREFIX_PATH=${CMAKE_PREFIX_PATH}:/opt/ros/jazzy DEBUGINFOD_URLS=https://debuginfod.ubuntu.com /usr/bin/cmake --install /home/divya/ros2_ws/build/dof4_arm_description
[0.864s] Level 1:colcon.colcon_core.environment:create_environment_scripts_only(dof4_arm_description)
[0.865s] DEBUG:colcon.colcon_core.event_handler.log_command:Invoked command in '/home/divya/ros2_ws/build/dof4_arm_description' returned '0': CMAKE_PREFIX_PATH=${CMAKE_PREFIX_PATH}:/opt/ros/jazzy DEBUGINFOD_URLS=https://debuginfod.ubuntu.com /usr/bin/cmake --install /home/divya/ros2_ws/build/dof4_arm_description
[0.881s] Level 1:colcon.colcon_core.environment:checking '/home/divya/ros2_ws/install/dof4_arm_description' for CMake module files
[0.882s] Level 1:colcon.colcon_core.environment:checking '/home/divya/ros2_ws/install/dof4_arm_description' for CMake config files
[0.883s] Level 1:colcon.colcon_core.shell:create_environment_hook('dof4_arm_description', 'cmake_prefix_path')
[0.883s] INFO:colcon.colcon_core.shell:Creating environment descriptor '/home/divya/ros2_ws/install/dof4_arm_description/share/dof4_arm_description/hook/cmake_prefix_path.dsv'
[0.885s] INFO:colcon.colcon_core.shell:Creating environment hook '/home/divya/ros2_ws/install/dof4_arm_description/share/dof4_arm_description/hook/cmake_prefix_path.sh'
[0.887s] Level 1:colcon.colcon_core.environment:checking '/home/divya/ros2_ws/install/dof4_arm_description/bin'
[0.887s] Level 1:colcon.colcon_core.environment:checking '/home/divya/ros2_ws/install/dof4_arm_description/lib/pkgconfig/dof4_arm_description.pc'
[0.889s] Level 1:colcon.colcon_core.environment:checking '/home/divya/ros2_ws/install/dof4_arm_description/lib/python3.12/site-packages'
[0.889s] Level 1:colcon.colcon_core.environment:checking '/home/divya/ros2_ws/install/dof4_arm_description/bin'
[0.890s] INFO:colcon.colcon_core.shell:Creating package descriptor '/home/divya/ros2_ws/install/dof4_arm_description/share/dof4_arm_description/package.dsv'
[0.891s] INFO:colcon.colcon_core.shell:Creating package script '/home/divya/ros2_ws/install/dof4_arm_description/share/dof4_arm_description/package.sh'
[0.892s] INFO:colcon.colcon_core.shell:Creating package script '/home/divya/ros2_ws/install/dof4_arm_description/share/dof4_arm_description/package.bash'
[0.894s] INFO:colcon.colcon_core.shell:Creating package script '/home/divya/ros2_ws/install/dof4_arm_description/share/dof4_arm_description/package.zsh'
[0.896s] Level 1:colcon.colcon_core.environment:create_file_with_runtime_dependencies(/home/divya/ros2_ws/install/dof4_arm_description/share/colcon-core/packages/dof4_arm_description)
[0.896s] Level 1:colcon.colcon_core.environment:create_environment_scripts_only(dof4_arm_description)
[0.897s] Level 1:colcon.colcon_core.environment:checking '/home/divya/ros2_ws/install/dof4_arm_description' for CMake module files
[0.897s] Level 1:colcon.colcon_core.environment:checking '/home/divya/ros2_ws/install/dof4_arm_description' for CMake config files
[0.897s] Level 1:colcon.colcon_core.shell:create_environment_hook('dof4_arm_description', 'cmake_prefix_path')
[0.897s] INFO:colcon.colcon_core.shell:Creating environment descriptor '/home/divya/ros2_ws/install/dof4_arm_description/share/dof4_arm_description/hook/cmake_prefix_path.dsv'
[0.898s] INFO:colcon.colcon_core.shell:Creating environment hook '/home/divya/ros2_ws/install/dof4_arm_description/share/dof4_arm_description/hook/cmake_prefix_path.sh'
[0.898s] Level 1:colcon.colcon_core.environment:checking '/home/divya/ros2_ws/install/dof4_arm_description/bin'
[0.898s] Level 1:colcon.colcon_core.environment:checking '/home/divya/ros2_ws/install/dof4_arm_description/lib/pkgconfig/dof4_arm_description.pc'
[0.899s] Level 1:colcon.colcon_core.environment:checking '/home/divya/ros2_ws/install/dof4_arm_description/lib/python3.12/site-packages'
[0.899s] Level 1:colcon.colcon_core.environment:checking '/home/divya/ros2_ws/install/dof4_arm_description/bin'
[0.899s] INFO:colcon.colcon_core.shell:Creating package descriptor '/home/divya/ros2_ws/install/dof4_arm_description/share/dof4_arm_description/package.dsv'
[0.899s] INFO:colcon.colcon_core.shell:Creating package script '/home/divya/ros2_ws/install/dof4_arm_description/share/dof4_arm_description/package.sh'
[0.900s] INFO:colcon.colcon_core.shell:Creating package script '/home/divya/ros2_ws/install/dof4_arm_description/share/dof4_arm_description/package.bash'
[0.900s] INFO:colcon.colcon_core.shell:Creating package script '/home/divya/ros2_ws/install/dof4_arm_description/share/dof4_arm_description/package.zsh'
[0.901s] Level 1:colcon.colcon_core.environment:create_file_with_runtime_dependencies(/home/divya/ros2_ws/install/dof4_arm_description/share/colcon-core/packages/dof4_arm_description)
[0.902s] INFO:colcon.colcon_ros.task.ament_cmake.build:Building ROS package in '/home/divya/ros2_ws/src/dof4_arm_ros2' with build type 'ament_cmake'
[0.903s] INFO:colcon.colcon_cmake.task.cmake.build:Building CMake package in '/home/divya/ros2_ws/src/dof4_arm_ros2'
[0.904s] DEBUG:colcon.colcon_core.shell:Skip shell extension 'dsv' for command environment
[0.949s] DEBUG:colcon.colcon_core.event_handler.log_command:Invoking command in '/home/divya/ros2_ws/build/dof4_arm_ros2': CMAKE_PREFIX_PATH=/home/divya/ros2_ws/install/dof4_arm_description:/home/divya/ros2_ws/install/dof4_arm_ros2:/opt/ros/jazzy/opt/gz_math_vendor:/opt/ros/jazzy/opt/gz_utils_vendor:/opt/ros/jazzy/opt/gz_cmake_vendor:/opt/ros/jazzy DEBUGINFOD_URLS=https://debuginfod.ubuntu.com /usr/bin/cmake --build /home/divya/ros2_ws/build/dof4_arm_ros2 -- -j3 -l3
[1.049s] DEBUG:colcon.colcon_core.event_handler.log_command:Invoked command in '/home/divya/ros2_ws/build/dof4_arm_ros2' returned '0': CMAKE_PREFIX_PATH=/home/divya/ros2_ws/install/dof4_arm_description:/home/divya/ros2_ws/install/dof4_arm_ros2:/opt/ros/jazzy/opt/gz_math_vendor:/opt/ros/jazzy/opt/gz_utils_vendor:/opt/ros/jazzy/opt/gz_cmake_vendor:/opt/ros/jazzy DEBUGINFOD_URLS=https://debuginfod.ubuntu.com /usr/bin/cmake --build /home/divya/ros2_ws/build/dof4_arm_ros2 -- -j3 -l3
[1.057s] DEBUG:colcon.colcon_core.event_handler.log_command:Invoking command in '/home/divya/ros2_ws/build/dof4_arm_ros2': CMAKE_PREFIX_PATH=/home/divya/ros2_ws/install/dof4_arm_description:/home/divya/ros2_ws/install/dof4_arm_ros2:/opt/ros/jazzy/opt/gz_math_vendor:/opt/ros/jazzy/opt/gz_utils_vendor:/opt/ros/jazzy/opt/gz_cmake_vendor:/opt/ros/jazzy DEBUGINFOD_URLS=https://debuginfod.ubuntu.com /usr/bin/cmake --install /home/divya/ros2_ws/build/dof4_arm_ros2
[1.075s] Level 1:colcon.colcon_core.environment:create_environment_scripts_only(dof4_arm_ros2)
[1.076s] Level 1:colcon.colcon_core.environment:checking '/home/divya/ros2_ws/install/dof4_arm_ros2' for CMake module files
[1.076s] DEBUG:colcon.colcon_core.event_handler.log_command:Invoked command in '/home/divya/ros2_ws/build/dof4_arm_ros2' returned '0': CMAKE_PREFIX_PATH=/home/divya/ros2_ws/install/dof4_arm_description:/home/divya/ros2_ws/install/dof4_arm_ros2:/opt/ros/jazzy/opt/gz_math_vendor:/opt/ros/jazzy/opt/gz_utils_vendor:/opt/ros/jazzy/opt/gz_cmake_vendor:/opt/ros/jazzy DEBUGINFOD_URLS=https://debuginfod.ubuntu.com /usr/bin/cmake --install /home/divya/ros2_ws/build/dof4_arm_ros2
[1.077s] Level 1:colcon.colcon_core.environment:checking '/home/divya/ros2_ws/install/dof4_arm_ros2' for CMake config files
[1.077s] Level 1:colcon.colcon_core.shell:create_environment_hook('dof4_arm_ros2', 'cmake_prefix_path')
[1.078s] INFO:colcon.colcon_core.shell:Creating environment descriptor '/home/divya/ros2_ws/install/dof4_arm_ros2/share/dof4_arm_ros2/hook/cmake_prefix_path.dsv'
[1.079s] INFO:colcon.colcon_core.shell:Creating environment hook '/home/divya/ros2_ws/install/dof4_arm_ros2/share/dof4_arm_ros2/hook/cmake_prefix_path.sh'
[1.080s] Level 1:colcon.colcon_core.environment:checking '/home/divya/ros2_ws/install/dof4_arm_ros2/bin'
[1.080s] Level 1:colcon.colcon_core.environment:checking '/home/divya/ros2_ws/install/dof4_arm_ros2/lib/pkgconfig/dof4_arm_ros2.pc'
[1.080s] Level 1:colcon.colcon_core.environment:checking '/home/divya/ros2_ws/install/dof4_arm_ros2/lib/python3.12/site-packages'
[1.080s] Level 1:colcon.colcon_core.environment:checking '/home/divya/ros2_ws/install/dof4_arm_ros2/bin'
[1.080s] INFO:colcon.colcon_core.shell:Creating package descriptor '/home/divya/ros2_ws/install/dof4_arm_ros2/share/dof4_arm_ros2/package.dsv'
[1.081s] INFO:colcon.colcon_core.shell:Creating package script '/home/divya/ros2_ws/install/dof4_arm_ros2/share/dof4_arm_ros2/package.sh'
[1.082s] INFO:colcon.colcon_core.shell:Creating package script '/home/divya/ros2_ws/install/dof4_arm_ros2/share/dof4_arm_ros2/package.bash'
[1.082s] INFO:colcon.colcon_core.shell:Creating package script '/home/divya/ros2_ws/install/dof4_arm_ros2/share/dof4_arm_ros2/package.zsh'
[1.083s] Level 1:colcon.colcon_core.environment:create_file_with_runtime_dependencies(/home/divya/ros2_ws/install/dof4_arm_ros2/share/colcon-core/packages/dof4_arm_ros2)
[1.084s] Level 1:colcon.colcon_core.environment:create_environment_scripts_only(dof4_arm_ros2)
[1.084s] Level 1:colcon.colcon_core.environment:checking '/home/divya/ros2_ws/install/dof4_arm_ros2' for CMake module files
[1.085s] Level 1:colcon.colcon_core.environment:checking '/home/divya/ros2_ws/install/dof4_arm_ros2' for CMake config files
[1.085s] Level 1:colcon.colcon_core.shell:create_environment_hook('dof4_arm_ros2', 'cmake_prefix_path')
[1.085s] INFO:colcon.colcon_core.shell:Creating environment descriptor '/home/divya/ros2_ws/install/dof4_arm_ros2/share/dof4_arm_ros2/hook/cmake_prefix_path.dsv'
[1.086s] INFO:colcon.colcon_core.shell:Creating environment hook '/home/divya/ros2_ws/install/dof4_arm_ros2/share/dof4_arm_ros2/hook/cmake_prefix_path.sh'
[1.087s] Level 1:colcon.colcon_core.environment:checking '/home/divya/ros2_ws/install/dof4_arm_ros2/bin'
[1.087s] Level 1:colcon.colcon_core.environment:checking '/home/divya/ros2_ws/install/dof4_arm_ros2/lib/pkgconfig/dof4_arm_ros2.pc'
[1.087s] Level 1:colcon.colcon_core.environment:checking '/home/divya/ros2_ws/install/dof4_arm_ros2/lib/python3.12/site-packages'
[1.088s] Level 1:colcon.colcon_core.environment:checking '/home/divya/ros2_ws/install/dof4_arm_ros2/bin'
[1.088s] INFO:colcon.colcon_core.shell:Creating package descriptor '/home/divya/ros2_ws/install/dof4_arm_ros2/share/dof4_arm_ros2/package.dsv'
[1.088s] INFO:colcon.colcon_core.shell:Creating package script '/home/divya/ros2_ws/install/dof4_arm_ros2/share/dof4_arm_ros2/package.sh'
[1.089s] INFO:colcon.colcon_core.shell:Creating package script '/home/divya/ros2_ws/install/dof4_arm_ros2/share/dof4_arm_ros2/package.bash'
[1.089s] INFO:colcon.colcon_core.shell:Creating package script '/home/divya/ros2_ws/install/dof4_arm_ros2/share/dof4_arm_ros2/package.zsh'
[1.090s] Level 1:colcon.colcon_core.environment:create_file_with_runtime_dependencies(/home/divya/ros2_ws/install/dof4_arm_ros2/share/colcon-core/packages/dof4_arm_ros2)
[1.091s] DEBUG:colcon.colcon_parallel_executor.executor.parallel:closing loop
[1.091s] DEBUG:colcon.colcon_parallel_executor.executor.parallel:loop closed
[1.092s] DEBUG:colcon.colcon_parallel_executor.executor.parallel:run_until_complete finished with '0'
[1.092s] DEBUG:colcon.colcon_core.event_reactor:joining thread
[1.111s] INFO:colcon.colcon_core.plugin_system:Skipping extension 'colcon_notification.desktop_notification.terminal_notifier': Not used on non-Darwin systems
[1.111s] INFO:colcon.colcon_core.plugin_system:Skipping extension 'colcon_notification.desktop_notification.win32': Not used on non-Windows systems
[1.111s] INFO:colcon.colcon_notification.desktop_notification:Sending desktop notification using 'notify2'
[1.173s] DEBUG:colcon.colcon_core.event_reactor:joined thread
[1.174s] INFO:colcon.colcon_core.shell:Creating prefix script '/home/divya/ros2_ws/install/local_setup.sh'
[1.176s] INFO:colcon.colcon_core.shell:Creating prefix util module '/home/divya/ros2_ws/install/_local_setup_util_sh.py'
[1.179s] INFO:colcon.colcon_core.shell:Creating prefix chain script '/home/divya/ros2_ws/install/setup.sh'
[1.185s] INFO:colcon.colcon_core.shell:Creating prefix script '/home/divya/ros2_ws/install/local_setup.bash'
[1.187s] INFO:colcon.colcon_core.shell:Creating prefix chain script '/home/divya/ros2_ws/install/setup.bash'
[1.191s] INFO:colcon.colcon_core.shell:Creating prefix script '/home/divya/ros2_ws/install/local_setup.zsh'
[1.194s] INFO:colcon.colcon_core.shell:Creating prefix chain script '/home/divya/ros2_ws/install/setup.zsh'
