[0.364s] DEBUG:colcon:Command line arguments: ['/usr/bin/colcon', 'build']
[0.365s] DEBUG:colcon:Parsed command line arguments: Namespace(log_base=None, log_level=None, verb_name='build', build_base='build', install_base='install', merge_install=False, symlink_install=False, test_result_base=None, continue_on_error=False, executor='parallel', parallel_workers=3, event_handlers=None, ignore_user_meta=False, metas=['./colcon.meta'], base_paths=['.'], packages_ignore=None, packages_ignore_regex=None, paths=None, packages_up_to=None, packages_up_to_regex=None, packages_above=None, packages_above_and_dependencies=None, packages_above_depth=None, packages_select_by_dep=None, packages_skip_by_dep=None, packages_skip_up_to=None, packages_select_build_failed=False, packages_skip_build_finished=False, packages_select_test_failures=False, packages_skip_test_passed=False, packages_select=None, packages_skip=None, packages_select_regex=None, packages_skip_regex=None, packages_start=None, packages_end=None, cmake_args=None, cmake_target=None, cmake_target_skip_unavailable=False, cmake_clean_cache=False, cmake_clean_first=False, cmake_force_configure=False, ament_cmake_args=None, catkin_cmake_args=None, catkin_skip_building_tests=False, verb_parser=<colcon_defaults.argument_parser.defaults.DefaultArgumentsDecorator object at 0x7bbd2b1f3a70>, verb_extension=<colcon_core.verb.build.BuildVerb object at 0x7bbd2b138470>, main=<bound method BuildVerb.main of <colcon_core.verb.build.BuildVerb object at 0x7bbd2b138470>>)
[0.576s] Level 1:colcon.colcon_core.package_discovery:discover_packages(colcon_meta) check parameters
[0.579s] Level 1:colcon.colcon_core.package_discovery:discover_packages(recursive) check parameters
[0.579s] Level 1:colcon.colcon_core.package_discovery:discover_packages(ignore) check parameters
[0.579s] Level 1:colcon.colcon_core.package_discovery:discover_packages(path) check parameters
[0.579s] Level 1:colcon.colcon_core.package_discovery:discover_packages(colcon_meta) discover
[0.579s] Level 1:colcon.colcon_core.package_discovery:discover_packages(recursive) discover
[0.579s] INFO:colcon.colcon_core.package_discovery:Crawling recursively for packages in '/home/divya/ros2_ws'
[0.580s] Level 1:colcon.colcon_core.package_identification:_identify(.) by extensions ['ignore', 'ignore_ament_install']
[0.581s] Level 1:colcon.colcon_core.package_identification:_identify(.) by extension 'ignore'
[0.581s] Level 1:colcon.colcon_core.package_identification:_identify(.) by extension 'ignore_ament_install'
[0.581s] Level 1:colcon.colcon_core.package_identification:_identify(.) by extensions ['colcon_pkg']
[0.581s] Level 1:colcon.colcon_core.package_identification:_identify(.) by extension 'colcon_pkg'
[0.581s] Level 1:colcon.colcon_core.package_identification:_identify(.) by extensions ['colcon_meta']
[0.581s] Level 1:colcon.colcon_core.package_identification:_identify(.) by extension 'colcon_meta'
[0.581s] Level 1:colcon.colcon_core.package_identification:_identify(.) by extensions ['ros']
[0.581s] Level 1:colcon.colcon_core.package_identification:_identify(.) by extension 'ros'
[0.701s] Level 1:colcon.colcon_core.package_identification:_identify(.) by extensions ['cmake', 'python']
[0.701s] Level 1:colcon.colcon_core.package_identification:_identify(.) by extension 'cmake'
[0.701s] Level 1:colcon.colcon_core.package_identification:_identify(.) by extension 'python'
[0.701s] Level 1:colcon.colcon_core.package_identification:_identify(.) by extensions ['python_setup_py']
[0.701s] Level 1:colcon.colcon_core.package_identification:_identify(.) by extension 'python_setup_py'
[0.701s] Level 1:colcon.colcon_core.package_identification:_identify(build) by extensions ['ignore', 'ignore_ament_install']
[0.701s] Level 1:colcon.colcon_core.package_identification:_identify(build) by extension 'ignore'
[0.701s] Level 1:colcon.colcon_core.package_identification:_identify(build) ignored
[0.702s] Level 1:colcon.colcon_core.package_identification:_identify(install) by extensions ['ignore', 'ignore_ament_install']
[0.702s] Level 1:colcon.colcon_core.package_identification:_identify(install) by extension 'ignore'
[0.702s] Level 1:colcon.colcon_core.package_identification:_identify(install) ignored
[0.702s] Level 1:colcon.colcon_core.package_identification:_identify(log) by extensions ['ignore', 'ignore_ament_install']
[0.702s] Level 1:colcon.colcon_core.package_identification:_identify(log) by extension 'ignore'
[0.702s] Level 1:colcon.colcon_core.package_identification:_identify(log) ignored
[0.704s] Level 1:colcon.colcon_core.package_identification:_identify(src) by extensions ['ignore', 'ignore_ament_install']
[0.705s] Level 1:colcon.colcon_core.package_identification:_identify(src) by extension 'ignore'
[0.705s] Level 1:colcon.colcon_core.package_identification:_identify(src) by extension 'ignore_ament_install'
[0.706s] Level 1:colcon.colcon_core.package_identification:_identify(src) by extensions ['colcon_pkg']
[0.706s] Level 1:colcon.colcon_core.package_identification:_identify(src) by extension 'colcon_pkg'
[0.706s] Level 1:colcon.colcon_core.package_identification:_identify(src) by extensions ['colcon_meta']
[0.706s] Level 1:colcon.colcon_core.package_identification:_identify(src) by extension 'colcon_meta'
[0.706s] Level 1:colcon.colcon_core.package_identification:_identify(src) by extensions ['ros']
[0.706s] Level 1:colcon.colcon_core.package_identification:_identify(src) by extension 'ros'
[0.706s] Level 1:colcon.colcon_core.package_identification:_identify(src) by extensions ['cmake', 'python']
[0.706s] Level 1:colcon.colcon_core.package_identification:_identify(src) by extension 'cmake'
[0.706s] Level 1:colcon.colcon_core.package_identification:_identify(src) by extension 'python'
[0.706s] Level 1:colcon.colcon_core.package_identification:_identify(src) by extensions ['python_setup_py']
[0.706s] Level 1:colcon.colcon_core.package_identification:_identify(src) by extension 'python_setup_py'
[0.706s] Level 1:colcon.colcon_core.package_identification:_identify(src/control) by extensions ['ignore', 'ignore_ament_install']
[0.706s] Level 1:colcon.colcon_core.package_identification:_identify(src/control) by extension 'ignore'
[0.707s] Level 1:colcon.colcon_core.package_identification:_identify(src/control) by extension 'ignore_ament_install'
[0.708s] Level 1:colcon.colcon_core.package_identification:_identify(src/control) by extensions ['colcon_pkg']
[0.708s] Level 1:colcon.colcon_core.package_identification:_identify(src/control) by extension 'colcon_pkg'
[0.708s] Level 1:colcon.colcon_core.package_identification:_identify(src/control) by extensions ['colcon_meta']
[0.708s] Level 1:colcon.colcon_core.package_identification:_identify(src/control) by extension 'colcon_meta'
[0.708s] Level 1:colcon.colcon_core.package_identification:_identify(src/control) by extensions ['ros']
[0.708s] Level 1:colcon.colcon_core.package_identification:_identify(src/control) by extension 'ros'
[0.709s] Level 1:colcon.colcon_core.package_identification:_identify(src/control) by extensions ['cmake', 'python']
[0.709s] Level 1:colcon.colcon_core.package_identification:_identify(src/control) by extension 'cmake'
[0.709s] Level 1:colcon.colcon_core.package_identification:_identify(src/control) by extension 'python'
[0.709s] Level 1:colcon.colcon_core.package_identification:_identify(src/control) by extensions ['python_setup_py']
[0.709s] Level 1:colcon.colcon_core.package_identification:_identify(src/control) by extension 'python_setup_py'
[0.710s] Level 1:colcon.colcon_core.package_identification:_identify(src/dof4_arm_description) by extensions ['ignore', 'ignore_ament_install']
[0.710s] Level 1:colcon.colcon_core.package_identification:_identify(src/dof4_arm_description) by extension 'ignore'
[0.710s] Level 1:colcon.colcon_core.package_identification:_identify(src/dof4_arm_description) by extension 'ignore_ament_install'
[0.710s] Level 1:colcon.colcon_core.package_identification:_identify(src/dof4_arm_description) by extensions ['colcon_pkg']
[0.710s] Level 1:colcon.colcon_core.package_identification:_identify(src/dof4_arm_description) by extension 'colcon_pkg'
[0.711s] Level 1:colcon.colcon_core.package_identification:_identify(src/dof4_arm_description) by extensions ['colcon_meta']
[0.711s] Level 1:colcon.colcon_core.package_identification:_identify(src/dof4_arm_description) by extension 'colcon_meta'
[0.711s] Level 1:colcon.colcon_core.package_identification:_identify(src/dof4_arm_description) by extensions ['ros']
[0.711s] Level 1:colcon.colcon_core.package_identification:_identify(src/dof4_arm_description) by extension 'ros'
[0.724s] DEBUG:colcon.colcon_core.package_identification:Package 'src/dof4_arm_description' with type 'ros.ament_cmake' and name 'dof4_arm_description'
[0.724s] Level 1:colcon.colcon_core.package_identification:_identify(src/dof4_arm_ros2) by extensions ['ignore', 'ignore_ament_install']
[0.725s] Level 1:colcon.colcon_core.package_identification:_identify(src/dof4_arm_ros2) by extension 'ignore'
[0.725s] Level 1:colcon.colcon_core.package_identification:_identify(src/dof4_arm_ros2) by extension 'ignore_ament_install'
[0.725s] Level 1:colcon.colcon_core.package_identification:_identify(src/dof4_arm_ros2) by extensions ['colcon_pkg']
[0.725s] Level 1:colcon.colcon_core.package_identification:_identify(src/dof4_arm_ros2) by extension 'colcon_pkg'
[0.725s] Level 1:colcon.colcon_core.package_identification:_identify(src/dof4_arm_ros2) by extensions ['colcon_meta']
[0.725s] Level 1:colcon.colcon_core.package_identification:_identify(src/dof4_arm_ros2) by extension 'colcon_meta'
[0.725s] Level 1:colcon.colcon_core.package_identification:_identify(src/dof4_arm_ros2) by extensions ['ros']
[0.725s] Level 1:colcon.colcon_core.package_identification:_identify(src/dof4_arm_ros2) by extension 'ros'
[0.727s] DEBUG:colcon.colcon_core.package_identification:Package 'src/dof4_arm_ros2' with type 'ros.ament_cmake' and name 'dof4_arm_ros2'
[0.728s] Level 1:colcon.colcon_core.package_identification:_identify(src/meshes) by extensions ['ignore', 'ignore_ament_install']
[0.728s] Level 1:colcon.colcon_core.package_identification:_identify(src/meshes) by extension 'ignore'
[0.728s] Level 1:colcon.colcon_core.package_identification:_identify(src/meshes) by extension 'ignore_ament_install'
[0.728s] Level 1:colcon.colcon_core.package_identification:_identify(src/meshes) by extensions ['colcon_pkg']
[0.728s] Level 1:colcon.colcon_core.package_identification:_identify(src/meshes) by extension 'colcon_pkg'
[0.729s] Level 1:colcon.colcon_core.package_identification:_identify(src/meshes) by extensions ['colcon_meta']
[0.729s] Level 1:colcon.colcon_core.package_identification:_identify(src/meshes) by extension 'colcon_meta'
[0.729s] Level 1:colcon.colcon_core.package_identification:_identify(src/meshes) by extensions ['ros']
[0.729s] Level 1:colcon.colcon_core.package_identification:_identify(src/meshes) by extension 'ros'
[0.729s] Level 1:colcon.colcon_core.package_identification:_identify(src/meshes) by extensions ['cmake', 'python']
[0.729s] Level 1:colcon.colcon_core.package_identification:_identify(src/meshes) by extension 'cmake'
[0.729s] Level 1:colcon.colcon_core.package_identification:_identify(src/meshes) by extension 'python'
[0.729s] Level 1:colcon.colcon_core.package_identification:_identify(src/meshes) by extensions ['python_setup_py']
[0.729s] Level 1:colcon.colcon_core.package_identification:_identify(src/meshes) by extension 'python_setup_py'
[0.729s] Level 1:colcon.colcon_core.package_identification:_identify(src/robots) by extensions ['ignore', 'ignore_ament_install']
[0.730s] Level 1:colcon.colcon_core.package_identification:_identify(src/robots) by extension 'ignore'
[0.730s] Level 1:colcon.colcon_core.package_identification:_identify(src/robots) by extension 'ignore_ament_install'
[0.730s] Level 1:colcon.colcon_core.package_identification:_identify(src/robots) by extensions ['colcon_pkg']
[0.730s] Level 1:colcon.colcon_core.package_identification:_identify(src/robots) by extension 'colcon_pkg'
[0.730s] Level 1:colcon.colcon_core.package_identification:_identify(src/robots) by extensions ['colcon_meta']
[0.730s] Level 1:colcon.colcon_core.package_identification:_identify(src/robots) by extension 'colcon_meta'
[0.730s] Level 1:colcon.colcon_core.package_identification:_identify(src/robots) by extensions ['ros']
[0.730s] Level 1:colcon.colcon_core.package_identification:_identify(src/robots) by extension 'ros'
[0.730s] Level 1:colcon.colcon_core.package_identification:_identify(src/robots) by extensions ['cmake', 'python']
[0.730s] Level 1:colcon.colcon_core.package_identification:_identify(src/robots) by extension 'cmake'
[0.730s] Level 1:colcon.colcon_core.package_identification:_identify(src/robots) by extension 'python'
[0.731s] Level 1:colcon.colcon_core.package_identification:_identify(src/robots) by extensions ['python_setup_py']
[0.731s] Level 1:colcon.colcon_core.package_identification:_identify(src/robots) by extension 'python_setup_py'
[0.731s] Level 1:colcon.colcon_core.package_identification:_identify(src/sensors) by extensions ['ignore', 'ignore_ament_install']
[0.732s] Level 1:colcon.colcon_core.package_identification:_identify(src/sensors) by extension 'ignore'
[0.732s] Level 1:colcon.colcon_core.package_identification:_identify(src/sensors) by extension 'ignore_ament_install'
[0.732s] Level 1:colcon.colcon_core.package_identification:_identify(src/sensors) by extensions ['colcon_pkg']
[0.732s] Level 1:colcon.colcon_core.package_identification:_identify(src/sensors) by extension 'colcon_pkg'
[0.732s] Level 1:colcon.colcon_core.package_identification:_identify(src/sensors) by extensions ['colcon_meta']
[0.732s] Level 1:colcon.colcon_core.package_identification:_identify(src/sensors) by extension 'colcon_meta'
[0.732s] Level 1:colcon.colcon_core.package_identification:_identify(src/sensors) by extensions ['ros']
[0.732s] Level 1:colcon.colcon_core.package_identification:_identify(src/sensors) by extension 'ros'
[0.732s] Level 1:colcon.colcon_core.package_identification:_identify(src/sensors) by extensions ['cmake', 'python']
[0.732s] Level 1:colcon.colcon_core.package_identification:_identify(src/sensors) by extension 'cmake'
[0.732s] Level 1:colcon.colcon_core.package_identification:_identify(src/sensors) by extension 'python'
[0.732s] Level 1:colcon.colcon_core.package_identification:_identify(src/sensors) by extensions ['python_setup_py']
[0.733s] Level 1:colcon.colcon_core.package_identification:_identify(src/sensors) by extension 'python_setup_py'
[0.733s] Level 1:colcon.colcon_core.package_identification:_identify(src/urdf) by extensions ['ignore', 'ignore_ament_install']
[0.733s] Level 1:colcon.colcon_core.package_identification:_identify(src/urdf) by extension 'ignore'
[0.733s] Level 1:colcon.colcon_core.package_identification:_identify(src/urdf) by extension 'ignore_ament_install'
[0.733s] Level 1:colcon.colcon_core.package_identification:_identify(src/urdf) by extensions ['colcon_pkg']
[0.733s] Level 1:colcon.colcon_core.package_identification:_identify(src/urdf) by extension 'colcon_pkg'
[0.734s] Level 1:colcon.colcon_core.package_identification:_identify(src/urdf) by extensions ['colcon_meta']
[0.734s] Level 1:colcon.colcon_core.package_identification:_identify(src/urdf) by extension 'colcon_meta'
[0.734s] Level 1:colcon.colcon_core.package_identification:_identify(src/urdf) by extensions ['ros']
[0.734s] Level 1:colcon.colcon_core.package_identification:_identify(src/urdf) by extension 'ros'
[0.734s] Level 1:colcon.colcon_core.package_identification:_identify(src/urdf) by extensions ['cmake', 'python']
[0.734s] Level 1:colcon.colcon_core.package_identification:_identify(src/urdf) by extension 'cmake'
[0.735s] Level 1:colcon.colcon_core.package_identification:_identify(src/urdf) by extension 'python'
[0.735s] Level 1:colcon.colcon_core.package_identification:_identify(src/urdf) by extensions ['python_setup_py']
[0.735s] Level 1:colcon.colcon_core.package_identification:_identify(src/urdf) by extension 'python_setup_py'
[0.735s] Level 1:colcon.colcon_core.package_identification:_identify(src/visual) by extensions ['ignore', 'ignore_ament_install']
[0.736s] Level 1:colcon.colcon_core.package_identification:_identify(src/visual) by extension 'ignore'
[0.736s] Level 1:colcon.colcon_core.package_identification:_identify(src/visual) by extension 'ignore_ament_install'
[0.736s] Level 1:colcon.colcon_core.package_identification:_identify(src/visual) by extensions ['colcon_pkg']
[0.736s] Level 1:colcon.colcon_core.package_identification:_identify(src/visual) by extension 'colcon_pkg'
[0.736s] Level 1:colcon.colcon_core.package_identification:_identify(src/visual) by extensions ['colcon_meta']
[0.737s] Level 1:colcon.colcon_core.package_identification:_identify(src/visual) by extension 'colcon_meta'
[0.737s] Level 1:colcon.colcon_core.package_identification:_identify(src/visual) by extensions ['ros']
[0.737s] Level 1:colcon.colcon_core.package_identification:_identify(src/visual) by extension 'ros'
[0.737s] Level 1:colcon.colcon_core.package_identification:_identify(src/visual) by extensions ['cmake', 'python']
[0.737s] Level 1:colcon.colcon_core.package_identification:_identify(src/visual) by extension 'cmake'
[0.737s] Level 1:colcon.colcon_core.package_identification:_identify(src/visual) by extension 'python'
[0.737s] Level 1:colcon.colcon_core.package_identification:_identify(src/visual) by extensions ['python_setup_py']
[0.737s] Level 1:colcon.colcon_core.package_identification:_identify(src/visual) by extension 'python_setup_py'
[0.737s] Level 1:colcon.colcon_core.package_discovery:discover_packages(recursive) using defaults
[0.737s] Level 1:colcon.colcon_core.package_discovery:discover_packages(ignore) discover
[0.737s] Level 1:colcon.colcon_core.package_discovery:discover_packages(ignore) using defaults
[0.738s] Level 1:colcon.colcon_core.package_discovery:discover_packages(path) discover
[0.738s] Level 1:colcon.colcon_core.package_discovery:discover_packages(path) using defaults
[0.833s] Level 5:colcon.colcon_core.verb:set package 'dof4_arm_description' build argument 'cmake_args' from command line to 'None'
[0.833s] Level 5:colcon.colcon_core.verb:set package 'dof4_arm_description' build argument 'cmake_target' from command line to 'None'
[0.833s] Level 5:colcon.colcon_core.verb:set package 'dof4_arm_description' build argument 'cmake_target_skip_unavailable' from command line to 'False'
[0.833s] Level 5:colcon.colcon_core.verb:set package 'dof4_arm_description' build argument 'cmake_clean_cache' from command line to 'False'
[0.833s] Level 5:colcon.colcon_core.verb:set package 'dof4_arm_description' build argument 'cmake_clean_first' from command line to 'False'
[0.833s] Level 5:colcon.colcon_core.verb:set package 'dof4_arm_description' build argument 'cmake_force_configure' from command line to 'False'
[0.833s] Level 5:colcon.colcon_core.verb:set package 'dof4_arm_description' build argument 'ament_cmake_args' from command line to 'None'
[0.833s] Level 5:colcon.colcon_core.verb:set package 'dof4_arm_description' build argument 'catkin_cmake_args' from command line to 'None'
[0.833s] Level 5:colcon.colcon_core.verb:set package 'dof4_arm_description' build argument 'catkin_skip_building_tests' from command line to 'False'
[0.833s] DEBUG:colcon.colcon_core.verb:Building package 'dof4_arm_description' with the following arguments: {'ament_cmake_args': None, 'build_base': '/home/divya/ros2_ws/build/dof4_arm_description', 'catkin_cmake_args': None, 'catkin_skip_building_tests': False, 'cmake_args': None, 'cmake_clean_cache': False, 'cmake_clean_first': False, 'cmake_force_configure': False, 'cmake_target': None, 'cmake_target_skip_unavailable': False, 'install_base': '/home/divya/ros2_ws/install/dof4_arm_description', 'merge_install': False, 'path': '/home/divya/ros2_ws/src/dof4_arm_description', 'symlink_install': False, 'test_result_base': None}
[0.834s] Level 5:colcon.colcon_core.verb:set package 'dof4_arm_ros2' build argument 'cmake_args' from command line to 'None'
[0.834s] Level 5:colcon.colcon_core.verb:set package 'dof4_arm_ros2' build argument 'cmake_target' from command line to 'None'
[0.834s] Level 5:colcon.colcon_core.verb:set package 'dof4_arm_ros2' build argument 'cmake_target_skip_unavailable' from command line to 'False'
[0.834s] Level 5:colcon.colcon_core.verb:set package 'dof4_arm_ros2' build argument 'cmake_clean_cache' from command line to 'False'
[0.834s] Level 5:colcon.colcon_core.verb:set package 'dof4_arm_ros2' build argument 'cmake_clean_first' from command line to 'False'
[0.834s] Level 5:colcon.colcon_core.verb:set package 'dof4_arm_ros2' build argument 'cmake_force_configure' from command line to 'False'
[0.834s] Level 5:colcon.colcon_core.verb:set package 'dof4_arm_ros2' build argument 'ament_cmake_args' from command line to 'None'
[0.834s] Level 5:colcon.colcon_core.verb:set package 'dof4_arm_ros2' build argument 'catkin_cmake_args' from command line to 'None'
[0.834s] Level 5:colcon.colcon_core.verb:set package 'dof4_arm_ros2' build argument 'catkin_skip_building_tests' from command line to 'False'
[0.834s] DEBUG:colcon.colcon_core.verb:Building package 'dof4_arm_ros2' with the following arguments: {'ament_cmake_args': None, 'build_base': '/home/divya/ros2_ws/build/dof4_arm_ros2', 'catkin_cmake_args': None, 'catkin_skip_building_tests': False, 'cmake_args': None, 'cmake_clean_cache': False, 'cmake_clean_first': False, 'cmake_force_configure': False, 'cmake_target': None, 'cmake_target_skip_unavailable': False, 'install_base': '/home/divya/ros2_ws/install/dof4_arm_ros2', 'merge_install': False, 'path': '/home/divya/ros2_ws/src/dof4_arm_ros2', 'symlink_install': False, 'test_result_base': None}
[0.834s] INFO:colcon.colcon_core.executor:Executing jobs using 'parallel' executor
[0.836s] DEBUG:colcon.colcon_parallel_executor.executor.parallel:run_until_complete
[0.836s] INFO:colcon.colcon_ros.task.ament_cmake.build:Building ROS package in '/home/divya/ros2_ws/src/dof4_arm_description' with build type 'ament_cmake'
[0.836s] INFO:colcon.colcon_cmake.task.cmake.build:Building CMake package in '/home/divya/ros2_ws/src/dof4_arm_description'
[0.853s] INFO:colcon.colcon_core.plugin_system:Skipping extension 'colcon_core.shell.bat': Not used on non-Windows systems
[0.854s] DEBUG:colcon.colcon_core.shell:Skip shell extension 'dsv' for command environment
[0.928s] DEBUG:colcon.colcon_core.event_handler.log_command:Invoking command in '/home/divya/ros2_ws/build/dof4_arm_description': CMAKE_PREFIX_PATH=${CMAKE_PREFIX_PATH}:/opt/ros/jazzy DEBUGINFOD_URLS=https://debuginfod.ubuntu.com /usr/bin/cmake --build /home/divya/ros2_ws/build/dof4_arm_description -- -j3 -l3
[1.190s] DEBUG:colcon.colcon_core.event_handler.log_command:Invoked command in '/home/divya/ros2_ws/build/dof4_arm_description' returned '0': CMAKE_PREFIX_PATH=${CMAKE_PREFIX_PATH}:/opt/ros/jazzy DEBUGINFOD_URLS=https://debuginfod.ubuntu.com /usr/bin/cmake --build /home/divya/ros2_ws/build/dof4_arm_description -- -j3 -l3
[1.210s] DEBUG:colcon.colcon_core.event_handler.log_command:Invoking command in '/home/divya/ros2_ws/build/dof4_arm_description': CMAKE_PREFIX_PATH=${CMAKE_PREFIX_PATH}:/opt/ros/jazzy DEBUGINFOD_URLS=https://debuginfod.ubuntu.com /usr/bin/cmake --install /home/divya/ros2_ws/build/dof4_arm_description
[1.262s] Level 1:colcon.colcon_core.environment:create_environment_scripts_only(dof4_arm_description)
[1.267s] DEBUG:colcon.colcon_core.event_handler.log_command:Invoked command in '/home/divya/ros2_ws/build/dof4_arm_description' returned '0': CMAKE_PREFIX_PATH=${CMAKE_PREFIX_PATH}:/opt/ros/jazzy DEBUGINFOD_URLS=https://debuginfod.ubuntu.com /usr/bin/cmake --install /home/divya/ros2_ws/build/dof4_arm_description
[1.297s] Level 1:colcon.colcon_core.environment:checking '/home/divya/ros2_ws/install/dof4_arm_description' for CMake module files
[1.304s] Level 1:colcon.colcon_core.environment:checking '/home/divya/ros2_ws/install/dof4_arm_description' for CMake config files
[1.306s] Level 1:colcon.colcon_core.shell:create_environment_hook('dof4_arm_description', 'cmake_prefix_path')
[1.306s] INFO:colcon.colcon_core.shell:Creating environment descriptor '/home/divya/ros2_ws/install/dof4_arm_description/share/dof4_arm_description/hook/cmake_prefix_path.dsv'
[1.308s] INFO:colcon.colcon_core.shell:Creating environment hook '/home/divya/ros2_ws/install/dof4_arm_description/share/dof4_arm_description/hook/cmake_prefix_path.sh'
[1.310s] Level 1:colcon.colcon_core.environment:checking '/home/divya/ros2_ws/install/dof4_arm_description/bin'
[1.310s] Level 1:colcon.colcon_core.environment:checking '/home/divya/ros2_ws/install/dof4_arm_description/lib/pkgconfig/dof4_arm_description.pc'
[1.317s] Level 1:colcon.colcon_core.environment:checking '/home/divya/ros2_ws/install/dof4_arm_description/lib/python3.12/site-packages'
[1.317s] Level 1:colcon.colcon_core.environment:checking '/home/divya/ros2_ws/install/dof4_arm_description/bin'
[1.318s] INFO:colcon.colcon_core.shell:Creating package descriptor '/home/divya/ros2_ws/install/dof4_arm_description/share/dof4_arm_description/package.dsv'
[1.320s] INFO:colcon.colcon_core.shell:Creating package script '/home/divya/ros2_ws/install/dof4_arm_description/share/dof4_arm_description/package.sh'
[1.321s] INFO:colcon.colcon_core.shell:Creating package script '/home/divya/ros2_ws/install/dof4_arm_description/share/dof4_arm_description/package.bash'
[1.323s] INFO:colcon.colcon_core.shell:Creating package script '/home/divya/ros2_ws/install/dof4_arm_description/share/dof4_arm_description/package.zsh'
[1.325s] Level 1:colcon.colcon_core.environment:create_file_with_runtime_dependencies(/home/divya/ros2_ws/install/dof4_arm_description/share/colcon-core/packages/dof4_arm_description)
[1.326s] Level 1:colcon.colcon_core.environment:create_environment_scripts_only(dof4_arm_description)
[1.326s] Level 1:colcon.colcon_core.environment:checking '/home/divya/ros2_ws/install/dof4_arm_description' for CMake module files
[1.326s] Level 1:colcon.colcon_core.environment:checking '/home/divya/ros2_ws/install/dof4_arm_description' for CMake config files
[1.327s] Level 1:colcon.colcon_core.shell:create_environment_hook('dof4_arm_description', 'cmake_prefix_path')
[1.327s] INFO:colcon.colcon_core.shell:Creating environment descriptor '/home/divya/ros2_ws/install/dof4_arm_description/share/dof4_arm_description/hook/cmake_prefix_path.dsv'
[1.328s] INFO:colcon.colcon_core.shell:Creating environment hook '/home/divya/ros2_ws/install/dof4_arm_description/share/dof4_arm_description/hook/cmake_prefix_path.sh'
[1.329s] Level 1:colcon.colcon_core.environment:checking '/home/divya/ros2_ws/install/dof4_arm_description/bin'
[1.329s] Level 1:colcon.colcon_core.environment:checking '/home/divya/ros2_ws/install/dof4_arm_description/lib/pkgconfig/dof4_arm_description.pc'
[1.330s] Level 1:colcon.colcon_core.environment:checking '/home/divya/ros2_ws/install/dof4_arm_description/lib/python3.12/site-packages'
[1.330s] Level 1:colcon.colcon_core.environment:checking '/home/divya/ros2_ws/install/dof4_arm_description/bin'
[1.331s] INFO:colcon.colcon_core.shell:Creating package descriptor '/home/divya/ros2_ws/install/dof4_arm_description/share/dof4_arm_description/package.dsv'
[1.332s] INFO:colcon.colcon_core.shell:Creating package script '/home/divya/ros2_ws/install/dof4_arm_description/share/dof4_arm_description/package.sh'
[1.333s] INFO:colcon.colcon_core.shell:Creating package script '/home/divya/ros2_ws/install/dof4_arm_description/share/dof4_arm_description/package.bash'
[1.335s] INFO:colcon.colcon_core.shell:Creating package script '/home/divya/ros2_ws/install/dof4_arm_description/share/dof4_arm_description/package.zsh'
[1.335s] Level 1:colcon.colcon_core.environment:create_file_with_runtime_dependencies(/home/divya/ros2_ws/install/dof4_arm_description/share/colcon-core/packages/dof4_arm_description)
[1.336s] INFO:colcon.colcon_ros.task.ament_cmake.build:Building ROS package in '/home/divya/ros2_ws/src/dof4_arm_ros2' with build type 'ament_cmake'
[1.336s] INFO:colcon.colcon_cmake.task.cmake.build:Building CMake package in '/home/divya/ros2_ws/src/dof4_arm_ros2'
[1.336s] DEBUG:colcon.colcon_core.shell:Skip shell extension 'dsv' for command environment
[1.389s] DEBUG:colcon.colcon_core.event_handler.log_command:Invoking command in '/home/divya/ros2_ws/build/dof4_arm_ros2': CMAKE_PREFIX_PATH=/home/divya/ros2_ws/install/dof4_arm_description:/home/divya/ros2_ws/install/dof4_arm_ros2:/opt/ros/jazzy/opt/gz_math_vendor:/opt/ros/jazzy/opt/gz_utils_vendor:/opt/ros/jazzy/opt/gz_cmake_vendor:/opt/ros/jazzy DEBUGINFOD_URLS=https://debuginfod.ubuntu.com /usr/bin/cmake --build /home/divya/ros2_ws/build/dof4_arm_ros2 -- -j3 -l3
[1.549s] DEBUG:colcon.colcon_core.event_handler.log_command:Invoked command in '/home/divya/ros2_ws/build/dof4_arm_ros2' returned '0': CMAKE_PREFIX_PATH=/home/divya/ros2_ws/install/dof4_arm_description:/home/divya/ros2_ws/install/dof4_arm_ros2:/opt/ros/jazzy/opt/gz_math_vendor:/opt/ros/jazzy/opt/gz_utils_vendor:/opt/ros/jazzy/opt/gz_cmake_vendor:/opt/ros/jazzy DEBUGINFOD_URLS=https://debuginfod.ubuntu.com /usr/bin/cmake --build /home/divya/ros2_ws/build/dof4_arm_ros2 -- -j3 -l3
[1.551s] DEBUG:colcon.colcon_core.event_handler.log_command:Invoking command in '/home/divya/ros2_ws/build/dof4_arm_ros2': CMAKE_PREFIX_PATH=/home/divya/ros2_ws/install/dof4_arm_description:/home/divya/ros2_ws/install/dof4_arm_ros2:/opt/ros/jazzy/opt/gz_math_vendor:/opt/ros/jazzy/opt/gz_utils_vendor:/opt/ros/jazzy/opt/gz_cmake_vendor:/opt/ros/jazzy DEBUGINFOD_URLS=https://debuginfod.ubuntu.com /usr/bin/cmake --install /home/divya/ros2_ws/build/dof4_arm_ros2
[1.600s] Level 1:colcon.colcon_core.environment:create_environment_scripts_only(dof4_arm_ros2)
[1.601s] Level 1:colcon.colcon_core.environment:checking '/home/divya/ros2_ws/install/dof4_arm_ros2' for CMake module files
[1.602s] DEBUG:colcon.colcon_core.event_handler.log_command:Invoked command in '/home/divya/ros2_ws/build/dof4_arm_ros2' returned '0': CMAKE_PREFIX_PATH=/home/divya/ros2_ws/install/dof4_arm_description:/home/divya/ros2_ws/install/dof4_arm_ros2:/opt/ros/jazzy/opt/gz_math_vendor:/opt/ros/jazzy/opt/gz_utils_vendor:/opt/ros/jazzy/opt/gz_cmake_vendor:/opt/ros/jazzy DEBUGINFOD_URLS=https://debuginfod.ubuntu.com /usr/bin/cmake --install /home/divya/ros2_ws/build/dof4_arm_ros2
[1.604s] Level 1:colcon.colcon_core.environment:checking '/home/divya/ros2_ws/install/dof4_arm_ros2' for CMake config files
[1.605s] Level 1:colcon.colcon_core.shell:create_environment_hook('dof4_arm_ros2', 'cmake_prefix_path')
[1.605s] INFO:colcon.colcon_core.shell:Creating environment descriptor '/home/divya/ros2_ws/install/dof4_arm_ros2/share/dof4_arm_ros2/hook/cmake_prefix_path.dsv'
[1.609s] INFO:colcon.colcon_core.shell:Creating environment hook '/home/divya/ros2_ws/install/dof4_arm_ros2/share/dof4_arm_ros2/hook/cmake_prefix_path.sh'
[1.614s] Level 1:colcon.colcon_core.environment:checking '/home/divya/ros2_ws/install/dof4_arm_ros2/bin'
[1.614s] Level 1:colcon.colcon_core.environment:checking '/home/divya/ros2_ws/install/dof4_arm_ros2/lib/pkgconfig/dof4_arm_ros2.pc'
[1.614s] Level 1:colcon.colcon_core.environment:checking '/home/divya/ros2_ws/install/dof4_arm_ros2/lib/python3.12/site-packages'
[1.615s] Level 1:colcon.colcon_core.environment:checking '/home/divya/ros2_ws/install/dof4_arm_ros2/bin'
[1.615s] INFO:colcon.colcon_core.shell:Creating package descriptor '/home/divya/ros2_ws/install/dof4_arm_ros2/share/dof4_arm_ros2/package.dsv'
[1.616s] INFO:colcon.colcon_core.shell:Creating package script '/home/divya/ros2_ws/install/dof4_arm_ros2/share/dof4_arm_ros2/package.sh'
[1.617s] INFO:colcon.colcon_core.shell:Creating package script '/home/divya/ros2_ws/install/dof4_arm_ros2/share/dof4_arm_ros2/package.bash'
[1.619s] INFO:colcon.colcon_core.shell:Creating package script '/home/divya/ros2_ws/install/dof4_arm_ros2/share/dof4_arm_ros2/package.zsh'
[1.620s] Level 1:colcon.colcon_core.environment:create_file_with_runtime_dependencies(/home/divya/ros2_ws/install/dof4_arm_ros2/share/colcon-core/packages/dof4_arm_ros2)
[1.622s] Level 1:colcon.colcon_core.environment:create_environment_scripts_only(dof4_arm_ros2)
[1.622s] Level 1:colcon.colcon_core.environment:checking '/home/divya/ros2_ws/install/dof4_arm_ros2' for CMake module files
[1.622s] Level 1:colcon.colcon_core.environment:checking '/home/divya/ros2_ws/install/dof4_arm_ros2' for CMake config files
[1.622s] Level 1:colcon.colcon_core.shell:create_environment_hook('dof4_arm_ros2', 'cmake_prefix_path')
[1.623s] INFO:colcon.colcon_core.shell:Creating environment descriptor '/home/divya/ros2_ws/install/dof4_arm_ros2/share/dof4_arm_ros2/hook/cmake_prefix_path.dsv'
[1.623s] INFO:colcon.colcon_core.shell:Creating environment hook '/home/divya/ros2_ws/install/dof4_arm_ros2/share/dof4_arm_ros2/hook/cmake_prefix_path.sh'
[1.625s] Level 1:colcon.colcon_core.environment:checking '/home/divya/ros2_ws/install/dof4_arm_ros2/bin'
[1.625s] Level 1:colcon.colcon_core.environment:checking '/home/divya/ros2_ws/install/dof4_arm_ros2/lib/pkgconfig/dof4_arm_ros2.pc'
[1.626s] Level 1:colcon.colcon_core.environment:checking '/home/divya/ros2_ws/install/dof4_arm_ros2/lib/python3.12/site-packages'
[1.627s] Level 1:colcon.colcon_core.environment:checking '/home/divya/ros2_ws/install/dof4_arm_ros2/bin'
[1.627s] INFO:colcon.colcon_core.shell:Creating package descriptor '/home/divya/ros2_ws/install/dof4_arm_ros2/share/dof4_arm_ros2/package.dsv'
[1.629s] INFO:colcon.colcon_core.shell:Creating package script '/home/divya/ros2_ws/install/dof4_arm_ros2/share/dof4_arm_ros2/package.sh'
[1.630s] INFO:colcon.colcon_core.shell:Creating package script '/home/divya/ros2_ws/install/dof4_arm_ros2/share/dof4_arm_ros2/package.bash'
[1.632s] INFO:colcon.colcon_core.shell:Creating package script '/home/divya/ros2_ws/install/dof4_arm_ros2/share/dof4_arm_ros2/package.zsh'
[1.635s] Level 1:colcon.colcon_core.environment:create_file_with_runtime_dependencies(/home/divya/ros2_ws/install/dof4_arm_ros2/share/colcon-core/packages/dof4_arm_ros2)
[1.637s] DEBUG:colcon.colcon_parallel_executor.executor.parallel:closing loop
[1.638s] DEBUG:colcon.colcon_parallel_executor.executor.parallel:loop closed
[1.639s] DEBUG:colcon.colcon_parallel_executor.executor.parallel:run_until_complete finished with '0'
[1.639s] DEBUG:colcon.colcon_core.event_reactor:joining thread
[1.671s] INFO:colcon.colcon_core.plugin_system:Skipping extension 'colcon_notification.desktop_notification.terminal_notifier': Not used on non-Darwin systems
[1.671s] INFO:colcon.colcon_core.plugin_system:Skipping extension 'colcon_notification.desktop_notification.win32': Not used on non-Windows systems
[1.671s] INFO:colcon.colcon_notification.desktop_notification:Sending desktop notification using 'notify2'
[1.840s] DEBUG:colcon.colcon_core.event_reactor:joined thread
[1.841s] INFO:colcon.colcon_core.shell:Creating prefix script '/home/divya/ros2_ws/install/local_setup.sh'
[1.843s] INFO:colcon.colcon_core.shell:Creating prefix util module '/home/divya/ros2_ws/install/_local_setup_util_sh.py'
[1.849s] INFO:colcon.colcon_core.shell:Creating prefix chain script '/home/divya/ros2_ws/install/setup.sh'
[1.854s] INFO:colcon.colcon_core.shell:Creating prefix script '/home/divya/ros2_ws/install/local_setup.bash'
[1.858s] INFO:colcon.colcon_core.shell:Creating prefix chain script '/home/divya/ros2_ws/install/setup.bash'
[1.861s] INFO:colcon.colcon_core.shell:Creating prefix script '/home/divya/ros2_ws/install/local_setup.zsh'
[1.865s] INFO:colcon.colcon_core.shell:Creating prefix chain script '/home/divya/ros2_ws/install/setup.zsh'
