[0.738s] DEBUG:colcon:Command line arguments: ['/usr/bin/colcon', 'build']
[0.738s] DEBUG:colcon:Parsed command line arguments: Namespace(log_base=None, log_level=None, verb_name='build', build_base='build', install_base='install', merge_install=False, symlink_install=False, test_result_base=None, continue_on_error=False, executor='parallel', parallel_workers=3, event_handlers=None, ignore_user_meta=False, metas=['./colcon.meta'], base_paths=['.'], packages_ignore=None, packages_ignore_regex=None, paths=None, packages_up_to=None, packages_up_to_regex=None, packages_above=None, packages_above_and_dependencies=None, packages_above_depth=None, packages_select_by_dep=None, packages_skip_by_dep=None, packages_skip_up_to=None, packages_select_build_failed=False, packages_skip_build_finished=False, packages_select_test_failures=False, packages_skip_test_passed=False, packages_select=None, packages_skip=None, packages_select_regex=None, packages_skip_regex=None, packages_start=None, packages_end=None, cmake_args=None, cmake_target=None, cmake_target_skip_unavailable=False, cmake_clean_cache=False, cmake_clean_first=False, cmake_force_configure=False, ament_cmake_args=None, catkin_cmake_args=None, catkin_skip_building_tests=False, verb_parser=<colcon_defaults.argument_parser.defaults.DefaultArgumentsDecorator object at 0x75e23ebffda0>, verb_extension=<colcon_core.verb.build.BuildVerb object at 0x75e23fac6d20>, main=<bound method BuildVerb.main of <colcon_core.verb.build.BuildVerb object at 0x75e23fac6d20>>)
[1.162s] Level 1:colcon.colcon_core.package_discovery:discover_packages(colcon_meta) check parameters
[1.162s] Level 1:colcon.colcon_core.package_discovery:discover_packages(recursive) check parameters
[1.162s] Level 1:colcon.colcon_core.package_discovery:discover_packages(ignore) check parameters
[1.163s] Level 1:colcon.colcon_core.package_discovery:discover_packages(path) check parameters
[1.163s] Level 1:colcon.colcon_core.package_discovery:discover_packages(colcon_meta) discover
[1.163s] Level 1:colcon.colcon_core.package_discovery:discover_packages(recursive) discover
[1.163s] INFO:colcon.colcon_core.package_discovery:Crawling recursively for packages in '/home/divya/ros2_ws'
[1.164s] Level 1:colcon.colcon_core.package_identification:_identify(.) by extensions ['ignore', 'ignore_ament_install']
[1.164s] Level 1:colcon.colcon_core.package_identification:_identify(.) by extension 'ignore'
[1.165s] Level 1:colcon.colcon_core.package_identification:_identify(.) by extension 'ignore_ament_install'
[1.165s] Level 1:colcon.colcon_core.package_identification:_identify(.) by extensions ['colcon_pkg']
[1.165s] Level 1:colcon.colcon_core.package_identification:_identify(.) by extension 'colcon_pkg'
[1.165s] Level 1:colcon.colcon_core.package_identification:_identify(.) by extensions ['colcon_meta']
[1.165s] Level 1:colcon.colcon_core.package_identification:_identify(.) by extension 'colcon_meta'
[1.165s] Level 1:colcon.colcon_core.package_identification:_identify(.) by extensions ['ros']
[1.165s] Level 1:colcon.colcon_core.package_identification:_identify(.) by extension 'ros'
[1.372s] Level 1:colcon.colcon_core.package_identification:_identify(.) by extensions ['cmake', 'python']
[1.372s] Level 1:colcon.colcon_core.package_identification:_identify(.) by extension 'cmake'
[1.372s] Level 1:colcon.colcon_core.package_identification:_identify(.) by extension 'python'
[1.373s] Level 1:colcon.colcon_core.package_identification:_identify(.) by extensions ['python_setup_py']
[1.373s] Level 1:colcon.colcon_core.package_identification:_identify(.) by extension 'python_setup_py'
[1.373s] Level 1:colcon.colcon_core.package_identification:_identify(build) by extensions ['ignore', 'ignore_ament_install']
[1.373s] Level 1:colcon.colcon_core.package_identification:_identify(build) by extension 'ignore'
[1.373s] Level 1:colcon.colcon_core.package_identification:_identify(build) ignored
[1.374s] Level 1:colcon.colcon_core.package_identification:_identify(install) by extensions ['ignore', 'ignore_ament_install']
[1.375s] Level 1:colcon.colcon_core.package_identification:_identify(install) by extension 'ignore'
[1.375s] Level 1:colcon.colcon_core.package_identification:_identify(install) ignored
[1.375s] Level 1:colcon.colcon_core.package_identification:_identify(log) by extensions ['ignore', 'ignore_ament_install']
[1.375s] Level 1:colcon.colcon_core.package_identification:_identify(log) by extension 'ignore'
[1.375s] Level 1:colcon.colcon_core.package_identification:_identify(log) ignored
[1.376s] Level 1:colcon.colcon_core.package_identification:_identify(src) by extensions ['ignore', 'ignore_ament_install']
[1.376s] Level 1:colcon.colcon_core.package_identification:_identify(src) by extension 'ignore'
[1.376s] Level 1:colcon.colcon_core.package_identification:_identify(src) by extension 'ignore_ament_install'
[1.376s] Level 1:colcon.colcon_core.package_identification:_identify(src) by extensions ['colcon_pkg']
[1.376s] Level 1:colcon.colcon_core.package_identification:_identify(src) by extension 'colcon_pkg'
[1.376s] Level 1:colcon.colcon_core.package_identification:_identify(src) by extensions ['colcon_meta']
[1.376s] Level 1:colcon.colcon_core.package_identification:_identify(src) by extension 'colcon_meta'
[1.376s] Level 1:colcon.colcon_core.package_identification:_identify(src) by extensions ['ros']
[1.376s] Level 1:colcon.colcon_core.package_identification:_identify(src) by extension 'ros'
[1.377s] Level 1:colcon.colcon_core.package_identification:_identify(src) by extensions ['cmake', 'python']
[1.377s] Level 1:colcon.colcon_core.package_identification:_identify(src) by extension 'cmake'
[1.377s] Level 1:colcon.colcon_core.package_identification:_identify(src) by extension 'python'
[1.377s] Level 1:colcon.colcon_core.package_identification:_identify(src) by extensions ['python_setup_py']
[1.377s] Level 1:colcon.colcon_core.package_identification:_identify(src) by extension 'python_setup_py'
[1.377s] Level 1:colcon.colcon_core.package_identification:_identify(src/control) by extensions ['ignore', 'ignore_ament_install']
[1.378s] Level 1:colcon.colcon_core.package_identification:_identify(src/control) by extension 'ignore'
[1.378s] Level 1:colcon.colcon_core.package_identification:_identify(src/control) by extension 'ignore_ament_install'
[1.378s] Level 1:colcon.colcon_core.package_identification:_identify(src/control) by extensions ['colcon_pkg']
[1.378s] Level 1:colcon.colcon_core.package_identification:_identify(src/control) by extension 'colcon_pkg'
[1.379s] Level 1:colcon.colcon_core.package_identification:_identify(src/control) by extensions ['colcon_meta']
[1.379s] Level 1:colcon.colcon_core.package_identification:_identify(src/control) by extension 'colcon_meta'
[1.379s] Level 1:colcon.colcon_core.package_identification:_identify(src/control) by extensions ['ros']
[1.379s] Level 1:colcon.colcon_core.package_identification:_identify(src/control) by extension 'ros'
[1.379s] Level 1:colcon.colcon_core.package_identification:_identify(src/control) by extensions ['cmake', 'python']
[1.379s] Level 1:colcon.colcon_core.package_identification:_identify(src/control) by extension 'cmake'
[1.379s] Level 1:colcon.colcon_core.package_identification:_identify(src/control) by extension 'python'
[1.379s] Level 1:colcon.colcon_core.package_identification:_identify(src/control) by extensions ['python_setup_py']
[1.380s] Level 1:colcon.colcon_core.package_identification:_identify(src/control) by extension 'python_setup_py'
[1.380s] Level 1:colcon.colcon_core.package_identification:_identify(src/dof4_arm_description) by extensions ['ignore', 'ignore_ament_install']
[1.381s] Level 1:colcon.colcon_core.package_identification:_identify(src/dof4_arm_description) by extension 'ignore'
[1.381s] Level 1:colcon.colcon_core.package_identification:_identify(src/dof4_arm_description) by extension 'ignore_ament_install'
[1.381s] Level 1:colcon.colcon_core.package_identification:_identify(src/dof4_arm_description) by extensions ['colcon_pkg']
[1.381s] Level 1:colcon.colcon_core.package_identification:_identify(src/dof4_arm_description) by extension 'colcon_pkg'
[1.381s] Level 1:colcon.colcon_core.package_identification:_identify(src/dof4_arm_description) by extensions ['colcon_meta']
[1.381s] Level 1:colcon.colcon_core.package_identification:_identify(src/dof4_arm_description) by extension 'colcon_meta'
[1.381s] Level 1:colcon.colcon_core.package_identification:_identify(src/dof4_arm_description) by extensions ['ros']
[1.381s] Level 1:colcon.colcon_core.package_identification:_identify(src/dof4_arm_description) by extension 'ros'
[1.402s] DEBUG:colcon.colcon_core.package_identification:Package 'src/dof4_arm_description' with type 'ros.ament_cmake' and name 'dof4_arm_description'
[1.403s] Level 1:colcon.colcon_core.package_identification:_identify(src/dof4_arm_ros2) by extensions ['ignore', 'ignore_ament_install']
[1.403s] Level 1:colcon.colcon_core.package_identification:_identify(src/dof4_arm_ros2) by extension 'ignore'
[1.403s] Level 1:colcon.colcon_core.package_identification:_identify(src/dof4_arm_ros2) by extension 'ignore_ament_install'
[1.403s] Level 1:colcon.colcon_core.package_identification:_identify(src/dof4_arm_ros2) by extensions ['colcon_pkg']
[1.403s] Level 1:colcon.colcon_core.package_identification:_identify(src/dof4_arm_ros2) by extension 'colcon_pkg'
[1.403s] Level 1:colcon.colcon_core.package_identification:_identify(src/dof4_arm_ros2) by extensions ['colcon_meta']
[1.403s] Level 1:colcon.colcon_core.package_identification:_identify(src/dof4_arm_ros2) by extension 'colcon_meta'
[1.404s] Level 1:colcon.colcon_core.package_identification:_identify(src/dof4_arm_ros2) by extensions ['ros']
[1.404s] Level 1:colcon.colcon_core.package_identification:_identify(src/dof4_arm_ros2) by extension 'ros'
[1.406s] DEBUG:colcon.colcon_core.package_identification:Package 'src/dof4_arm_ros2' with type 'ros.ament_cmake' and name 'dof4_arm_ros2'
[1.407s] Level 1:colcon.colcon_core.package_identification:_identify(src/meshes) by extensions ['ignore', 'ignore_ament_install']
[1.407s] Level 1:colcon.colcon_core.package_identification:_identify(src/meshes) by extension 'ignore'
[1.407s] Level 1:colcon.colcon_core.package_identification:_identify(src/meshes) by extension 'ignore_ament_install'
[1.407s] Level 1:colcon.colcon_core.package_identification:_identify(src/meshes) by extensions ['colcon_pkg']
[1.407s] Level 1:colcon.colcon_core.package_identification:_identify(src/meshes) by extension 'colcon_pkg'
[1.407s] Level 1:colcon.colcon_core.package_identification:_identify(src/meshes) by extensions ['colcon_meta']
[1.407s] Level 1:colcon.colcon_core.package_identification:_identify(src/meshes) by extension 'colcon_meta'
[1.407s] Level 1:colcon.colcon_core.package_identification:_identify(src/meshes) by extensions ['ros']
[1.407s] Level 1:colcon.colcon_core.package_identification:_identify(src/meshes) by extension 'ros'
[1.407s] Level 1:colcon.colcon_core.package_identification:_identify(src/meshes) by extensions ['cmake', 'python']
[1.407s] Level 1:colcon.colcon_core.package_identification:_identify(src/meshes) by extension 'cmake'
[1.408s] Level 1:colcon.colcon_core.package_identification:_identify(src/meshes) by extension 'python'
[1.408s] Level 1:colcon.colcon_core.package_identification:_identify(src/meshes) by extensions ['python_setup_py']
[1.408s] Level 1:colcon.colcon_core.package_identification:_identify(src/meshes) by extension 'python_setup_py'
[1.408s] Level 1:colcon.colcon_core.package_identification:_identify(src/robots) by extensions ['ignore', 'ignore_ament_install']
[1.408s] Level 1:colcon.colcon_core.package_identification:_identify(src/robots) by extension 'ignore'
[1.408s] Level 1:colcon.colcon_core.package_identification:_identify(src/robots) by extension 'ignore_ament_install'
[1.408s] Level 1:colcon.colcon_core.package_identification:_identify(src/robots) by extensions ['colcon_pkg']
[1.408s] Level 1:colcon.colcon_core.package_identification:_identify(src/robots) by extension 'colcon_pkg'
[1.408s] Level 1:colcon.colcon_core.package_identification:_identify(src/robots) by extensions ['colcon_meta']
[1.408s] Level 1:colcon.colcon_core.package_identification:_identify(src/robots) by extension 'colcon_meta'
[1.408s] Level 1:colcon.colcon_core.package_identification:_identify(src/robots) by extensions ['ros']
[1.409s] Level 1:colcon.colcon_core.package_identification:_identify(src/robots) by extension 'ros'
[1.409s] Level 1:colcon.colcon_core.package_identification:_identify(src/robots) by extensions ['cmake', 'python']
[1.409s] Level 1:colcon.colcon_core.package_identification:_identify(src/robots) by extension 'cmake'
[1.409s] Level 1:colcon.colcon_core.package_identification:_identify(src/robots) by extension 'python'
[1.409s] Level 1:colcon.colcon_core.package_identification:_identify(src/robots) by extensions ['python_setup_py']
[1.409s] Level 1:colcon.colcon_core.package_identification:_identify(src/robots) by extension 'python_setup_py'
[1.409s] Level 1:colcon.colcon_core.package_identification:_identify(src/sensors) by extensions ['ignore', 'ignore_ament_install']
[1.409s] Level 1:colcon.colcon_core.package_identification:_identify(src/sensors) by extension 'ignore'
[1.410s] Level 1:colcon.colcon_core.package_identification:_identify(src/sensors) by extension 'ignore_ament_install'
[1.410s] Level 1:colcon.colcon_core.package_identification:_identify(src/sensors) by extensions ['colcon_pkg']
[1.410s] Level 1:colcon.colcon_core.package_identification:_identify(src/sensors) by extension 'colcon_pkg'
[1.410s] Level 1:colcon.colcon_core.package_identification:_identify(src/sensors) by extensions ['colcon_meta']
[1.410s] Level 1:colcon.colcon_core.package_identification:_identify(src/sensors) by extension 'colcon_meta'
[1.410s] Level 1:colcon.colcon_core.package_identification:_identify(src/sensors) by extensions ['ros']
[1.410s] Level 1:colcon.colcon_core.package_identification:_identify(src/sensors) by extension 'ros'
[1.410s] Level 1:colcon.colcon_core.package_identification:_identify(src/sensors) by extensions ['cmake', 'python']
[1.410s] Level 1:colcon.colcon_core.package_identification:_identify(src/sensors) by extension 'cmake'
[1.410s] Level 1:colcon.colcon_core.package_identification:_identify(src/sensors) by extension 'python'
[1.410s] Level 1:colcon.colcon_core.package_identification:_identify(src/sensors) by extensions ['python_setup_py']
[1.411s] Level 1:colcon.colcon_core.package_identification:_identify(src/sensors) by extension 'python_setup_py'
[1.412s] Level 1:colcon.colcon_core.package_identification:_identify(src/urdf) by extensions ['ignore', 'ignore_ament_install']
[1.412s] Level 1:colcon.colcon_core.package_identification:_identify(src/urdf) by extension 'ignore'
[1.412s] Level 1:colcon.colcon_core.package_identification:_identify(src/urdf) by extension 'ignore_ament_install'
[1.412s] Level 1:colcon.colcon_core.package_identification:_identify(src/urdf) by extensions ['colcon_pkg']
[1.412s] Level 1:colcon.colcon_core.package_identification:_identify(src/urdf) by extension 'colcon_pkg'
[1.412s] Level 1:colcon.colcon_core.package_identification:_identify(src/urdf) by extensions ['colcon_meta']
[1.412s] Level 1:colcon.colcon_core.package_identification:_identify(src/urdf) by extension 'colcon_meta'
[1.412s] Level 1:colcon.colcon_core.package_identification:_identify(src/urdf) by extensions ['ros']
[1.412s] Level 1:colcon.colcon_core.package_identification:_identify(src/urdf) by extension 'ros'
[1.412s] Level 1:colcon.colcon_core.package_identification:_identify(src/urdf) by extensions ['cmake', 'python']
[1.412s] Level 1:colcon.colcon_core.package_identification:_identify(src/urdf) by extension 'cmake'
[1.412s] Level 1:colcon.colcon_core.package_identification:_identify(src/urdf) by extension 'python'
[1.412s] Level 1:colcon.colcon_core.package_identification:_identify(src/urdf) by extensions ['python_setup_py']
[1.412s] Level 1:colcon.colcon_core.package_identification:_identify(src/urdf) by extension 'python_setup_py'
[1.413s] Level 1:colcon.colcon_core.package_identification:_identify(src/visual) by extensions ['ignore', 'ignore_ament_install']
[1.413s] Level 1:colcon.colcon_core.package_identification:_identify(src/visual) by extension 'ignore'
[1.413s] Level 1:colcon.colcon_core.package_identification:_identify(src/visual) by extension 'ignore_ament_install'
[1.413s] Level 1:colcon.colcon_core.package_identification:_identify(src/visual) by extensions ['colcon_pkg']
[1.413s] Level 1:colcon.colcon_core.package_identification:_identify(src/visual) by extension 'colcon_pkg'
[1.413s] Level 1:colcon.colcon_core.package_identification:_identify(src/visual) by extensions ['colcon_meta']
[1.413s] Level 1:colcon.colcon_core.package_identification:_identify(src/visual) by extension 'colcon_meta'
[1.413s] Level 1:colcon.colcon_core.package_identification:_identify(src/visual) by extensions ['ros']
[1.413s] Level 1:colcon.colcon_core.package_identification:_identify(src/visual) by extension 'ros'
[1.414s] Level 1:colcon.colcon_core.package_identification:_identify(src/visual) by extensions ['cmake', 'python']
[1.414s] Level 1:colcon.colcon_core.package_identification:_identify(src/visual) by extension 'cmake'
[1.414s] Level 1:colcon.colcon_core.package_identification:_identify(src/visual) by extension 'python'
[1.414s] Level 1:colcon.colcon_core.package_identification:_identify(src/visual) by extensions ['python_setup_py']
[1.414s] Level 1:colcon.colcon_core.package_identification:_identify(src/visual) by extension 'python_setup_py'
[1.414s] Level 1:colcon.colcon_core.package_discovery:discover_packages(recursive) using defaults
[1.414s] Level 1:colcon.colcon_core.package_discovery:discover_packages(ignore) discover
[1.414s] Level 1:colcon.colcon_core.package_discovery:discover_packages(ignore) using defaults
[1.414s] Level 1:colcon.colcon_core.package_discovery:discover_packages(path) discover
[1.414s] Level 1:colcon.colcon_core.package_discovery:discover_packages(path) using defaults
[1.557s] Level 5:colcon.colcon_core.verb:set package 'dof4_arm_description' build argument 'cmake_args' from command line to 'None'
[1.558s] Level 5:colcon.colcon_core.verb:set package 'dof4_arm_description' build argument 'cmake_target' from command line to 'None'
[1.558s] Level 5:colcon.colcon_core.verb:set package 'dof4_arm_description' build argument 'cmake_target_skip_unavailable' from command line to 'False'
[1.558s] Level 5:colcon.colcon_core.verb:set package 'dof4_arm_description' build argument 'cmake_clean_cache' from command line to 'False'
[1.558s] Level 5:colcon.colcon_core.verb:set package 'dof4_arm_description' build argument 'cmake_clean_first' from command line to 'False'
[1.558s] Level 5:colcon.colcon_core.verb:set package 'dof4_arm_description' build argument 'cmake_force_configure' from command line to 'False'
[1.558s] Level 5:colcon.colcon_core.verb:set package 'dof4_arm_description' build argument 'ament_cmake_args' from command line to 'None'
[1.558s] Level 5:colcon.colcon_core.verb:set package 'dof4_arm_description' build argument 'catkin_cmake_args' from command line to 'None'
[1.558s] Level 5:colcon.colcon_core.verb:set package 'dof4_arm_description' build argument 'catkin_skip_building_tests' from command line to 'False'
[1.558s] DEBUG:colcon.colcon_core.verb:Building package 'dof4_arm_description' with the following arguments: {'ament_cmake_args': None, 'build_base': '/home/divya/ros2_ws/build/dof4_arm_description', 'catkin_cmake_args': None, 'catkin_skip_building_tests': False, 'cmake_args': None, 'cmake_clean_cache': False, 'cmake_clean_first': False, 'cmake_force_configure': False, 'cmake_target': None, 'cmake_target_skip_unavailable': False, 'install_base': '/home/divya/ros2_ws/install/dof4_arm_description', 'merge_install': False, 'path': '/home/divya/ros2_ws/src/dof4_arm_description', 'symlink_install': False, 'test_result_base': None}
[1.560s] Level 5:colcon.colcon_core.verb:set package 'dof4_arm_ros2' build argument 'cmake_args' from command line to 'None'
[1.560s] Level 5:colcon.colcon_core.verb:set package 'dof4_arm_ros2' build argument 'cmake_target' from command line to 'None'
[1.560s] Level 5:colcon.colcon_core.verb:set package 'dof4_arm_ros2' build argument 'cmake_target_skip_unavailable' from command line to 'False'
[1.560s] Level 5:colcon.colcon_core.verb:set package 'dof4_arm_ros2' build argument 'cmake_clean_cache' from command line to 'False'
[1.561s] Level 5:colcon.colcon_core.verb:set package 'dof4_arm_ros2' build argument 'cmake_clean_first' from command line to 'False'
[1.561s] Level 5:colcon.colcon_core.verb:set package 'dof4_arm_ros2' build argument 'cmake_force_configure' from command line to 'False'
[1.561s] Level 5:colcon.colcon_core.verb:set package 'dof4_arm_ros2' build argument 'ament_cmake_args' from command line to 'None'
[1.561s] Level 5:colcon.colcon_core.verb:set package 'dof4_arm_ros2' build argument 'catkin_cmake_args' from command line to 'None'
[1.561s] Level 5:colcon.colcon_core.verb:set package 'dof4_arm_ros2' build argument 'catkin_skip_building_tests' from command line to 'False'
[1.561s] DEBUG:colcon.colcon_core.verb:Building package 'dof4_arm_ros2' with the following arguments: {'ament_cmake_args': None, 'build_base': '/home/divya/ros2_ws/build/dof4_arm_ros2', 'catkin_cmake_args': None, 'catkin_skip_building_tests': False, 'cmake_args': None, 'cmake_clean_cache': False, 'cmake_clean_first': False, 'cmake_force_configure': False, 'cmake_target': None, 'cmake_target_skip_unavailable': False, 'install_base': '/home/divya/ros2_ws/install/dof4_arm_ros2', 'merge_install': False, 'path': '/home/divya/ros2_ws/src/dof4_arm_ros2', 'symlink_install': False, 'test_result_base': None}
[1.562s] INFO:colcon.colcon_core.executor:Executing jobs using 'parallel' executor
[1.570s] DEBUG:colcon.colcon_parallel_executor.executor.parallel:run_until_complete
[1.573s] INFO:colcon.colcon_ros.task.ament_cmake.build:Building ROS package in '/home/divya/ros2_ws/src/dof4_arm_description' with build type 'ament_cmake'
[1.573s] INFO:colcon.colcon_cmake.task.cmake.build:Building CMake package in '/home/divya/ros2_ws/src/dof4_arm_description'
[1.623s] INFO:colcon.colcon_core.plugin_system:Skipping extension 'colcon_core.shell.bat': Not used on non-Windows systems
[1.624s] DEBUG:colcon.colcon_core.shell:Skip shell extension 'dsv' for command environment
[1.696s] DEBUG:colcon.colcon_core.event_handler.log_command:Invoking command in '/home/divya/ros2_ws/build/dof4_arm_description': CMAKE_PREFIX_PATH=${CMAKE_PREFIX_PATH}:/opt/ros/jazzy DEBUGINFOD_URLS=https://debuginfod.ubuntu.com /usr/bin/cmake --build /home/divya/ros2_ws/build/dof4_arm_description -- -j3 -l3
[2.186s] DEBUG:colcon.colcon_core.event_handler.log_command:Invoked command in '/home/divya/ros2_ws/build/dof4_arm_description' returned '0': CMAKE_PREFIX_PATH=${CMAKE_PREFIX_PATH}:/opt/ros/jazzy DEBUGINFOD_URLS=https://debuginfod.ubuntu.com /usr/bin/cmake --build /home/divya/ros2_ws/build/dof4_arm_description -- -j3 -l3
[2.249s] DEBUG:colcon.colcon_core.event_handler.log_command:Invoking command in '/home/divya/ros2_ws/build/dof4_arm_description': CMAKE_PREFIX_PATH=${CMAKE_PREFIX_PATH}:/opt/ros/jazzy DEBUGINFOD_URLS=https://debuginfod.ubuntu.com /usr/bin/cmake --install /home/divya/ros2_ws/build/dof4_arm_description
[2.372s] Level 1:colcon.colcon_core.environment:create_environment_scripts_only(dof4_arm_description)
[2.379s] DEBUG:colcon.colcon_core.event_handler.log_command:Invoked command in '/home/divya/ros2_ws/build/dof4_arm_description' returned '0': CMAKE_PREFIX_PATH=${CMAKE_PREFIX_PATH}:/opt/ros/jazzy DEBUGINFOD_URLS=https://debuginfod.ubuntu.com /usr/bin/cmake --install /home/divya/ros2_ws/build/dof4_arm_description
[2.430s] Level 1:colcon.colcon_core.environment:checking '/home/divya/ros2_ws/install/dof4_arm_description' for CMake module files
[2.434s] Level 1:colcon.colcon_core.environment:checking '/home/divya/ros2_ws/install/dof4_arm_description' for CMake config files
[2.443s] Level 1:colcon.colcon_core.shell:create_environment_hook('dof4_arm_description', 'cmake_prefix_path')
[2.444s] INFO:colcon.colcon_core.shell:Creating environment descriptor '/home/divya/ros2_ws/install/dof4_arm_description/share/dof4_arm_description/hook/cmake_prefix_path.dsv'
[2.447s] INFO:colcon.colcon_core.shell:Creating environment hook '/home/divya/ros2_ws/install/dof4_arm_description/share/dof4_arm_description/hook/cmake_prefix_path.sh'
[2.450s] Level 1:colcon.colcon_core.environment:checking '/home/divya/ros2_ws/install/dof4_arm_description/bin'
[2.450s] Level 1:colcon.colcon_core.environment:checking '/home/divya/ros2_ws/install/dof4_arm_description/lib/pkgconfig/dof4_arm_description.pc'
[2.454s] Level 1:colcon.colcon_core.environment:checking '/home/divya/ros2_ws/install/dof4_arm_description/lib/python3.12/site-packages'
[2.454s] Level 1:colcon.colcon_core.environment:checking '/home/divya/ros2_ws/install/dof4_arm_description/bin'
[2.455s] INFO:colcon.colcon_core.shell:Creating package descriptor '/home/divya/ros2_ws/install/dof4_arm_description/share/dof4_arm_description/package.dsv'
[2.457s] INFO:colcon.colcon_core.shell:Creating package script '/home/divya/ros2_ws/install/dof4_arm_description/share/dof4_arm_description/package.sh'
[2.463s] INFO:colcon.colcon_core.shell:Creating package script '/home/divya/ros2_ws/install/dof4_arm_description/share/dof4_arm_description/package.bash'
[2.466s] INFO:colcon.colcon_core.shell:Creating package script '/home/divya/ros2_ws/install/dof4_arm_description/share/dof4_arm_description/package.zsh'
[2.468s] Level 1:colcon.colcon_core.environment:create_file_with_runtime_dependencies(/home/divya/ros2_ws/install/dof4_arm_description/share/colcon-core/packages/dof4_arm_description)
[2.470s] Level 1:colcon.colcon_core.environment:create_environment_scripts_only(dof4_arm_description)
[2.470s] Level 1:colcon.colcon_core.environment:checking '/home/divya/ros2_ws/install/dof4_arm_description' for CMake module files
[2.470s] Level 1:colcon.colcon_core.environment:checking '/home/divya/ros2_ws/install/dof4_arm_description' for CMake config files
[2.471s] Level 1:colcon.colcon_core.shell:create_environment_hook('dof4_arm_description', 'cmake_prefix_path')
[2.471s] INFO:colcon.colcon_core.shell:Creating environment descriptor '/home/divya/ros2_ws/install/dof4_arm_description/share/dof4_arm_description/hook/cmake_prefix_path.dsv'
[2.472s] INFO:colcon.colcon_core.shell:Creating environment hook '/home/divya/ros2_ws/install/dof4_arm_description/share/dof4_arm_description/hook/cmake_prefix_path.sh'
[2.474s] Level 1:colcon.colcon_core.environment:checking '/home/divya/ros2_ws/install/dof4_arm_description/bin'
[2.474s] Level 1:colcon.colcon_core.environment:checking '/home/divya/ros2_ws/install/dof4_arm_description/lib/pkgconfig/dof4_arm_description.pc'
[2.474s] Level 1:colcon.colcon_core.environment:checking '/home/divya/ros2_ws/install/dof4_arm_description/lib/python3.12/site-packages'
[2.474s] Level 1:colcon.colcon_core.environment:checking '/home/divya/ros2_ws/install/dof4_arm_description/bin'
[2.475s] INFO:colcon.colcon_core.shell:Creating package descriptor '/home/divya/ros2_ws/install/dof4_arm_description/share/dof4_arm_description/package.dsv'
[2.476s] INFO:colcon.colcon_core.shell:Creating package script '/home/divya/ros2_ws/install/dof4_arm_description/share/dof4_arm_description/package.sh'
[2.478s] INFO:colcon.colcon_core.shell:Creating package script '/home/divya/ros2_ws/install/dof4_arm_description/share/dof4_arm_description/package.bash'
[2.479s] INFO:colcon.colcon_core.shell:Creating package script '/home/divya/ros2_ws/install/dof4_arm_description/share/dof4_arm_description/package.zsh'
[2.480s] Level 1:colcon.colcon_core.environment:create_file_with_runtime_dependencies(/home/divya/ros2_ws/install/dof4_arm_description/share/colcon-core/packages/dof4_arm_description)
[2.481s] INFO:colcon.colcon_ros.task.ament_cmake.build:Building ROS package in '/home/divya/ros2_ws/src/dof4_arm_ros2' with build type 'ament_cmake'
[2.483s] INFO:colcon.colcon_cmake.task.cmake.build:Building CMake package in '/home/divya/ros2_ws/src/dof4_arm_ros2'
[2.483s] DEBUG:colcon.colcon_core.shell:Skip shell extension 'dsv' for command environment
[2.556s] DEBUG:colcon.colcon_core.event_handler.log_command:Invoking command in '/home/divya/ros2_ws/build/dof4_arm_ros2': AMENT_PREFIX_PATH=/home/divya/ros2_ws/install/dof4_arm_description:${AMENT_PREFIX_PATH} CMAKE_PREFIX_PATH=/home/divya/ros2_ws/install/dof4_arm_description:/opt/ros/jazzy/opt/gz_math_vendor:/opt/ros/jazzy/opt/gz_utils_vendor:/opt/ros/jazzy/opt/gz_cmake_vendor:/opt/ros/jazzy DEBUGINFOD_URLS=https://debuginfod.ubuntu.com /usr/bin/cmake --build /home/divya/ros2_ws/build/dof4_arm_ros2 -- -j3 -l3
[2.767s] DEBUG:colcon.colcon_core.event_handler.log_command:Invoked command in '/home/divya/ros2_ws/build/dof4_arm_ros2' returned '0': AMENT_PREFIX_PATH=/home/divya/ros2_ws/install/dof4_arm_description:${AMENT_PREFIX_PATH} CMAKE_PREFIX_PATH=/home/divya/ros2_ws/install/dof4_arm_description:/opt/ros/jazzy/opt/gz_math_vendor:/opt/ros/jazzy/opt/gz_utils_vendor:/opt/ros/jazzy/opt/gz_cmake_vendor:/opt/ros/jazzy DEBUGINFOD_URLS=https://debuginfod.ubuntu.com /usr/bin/cmake --build /home/divya/ros2_ws/build/dof4_arm_ros2 -- -j3 -l3
[2.775s] DEBUG:colcon.colcon_core.event_handler.log_command:Invoking command in '/home/divya/ros2_ws/build/dof4_arm_ros2': AMENT_PREFIX_PATH=/home/divya/ros2_ws/install/dof4_arm_description:${AMENT_PREFIX_PATH} CMAKE_PREFIX_PATH=/home/divya/ros2_ws/install/dof4_arm_description:/opt/ros/jazzy/opt/gz_math_vendor:/opt/ros/jazzy/opt/gz_utils_vendor:/opt/ros/jazzy/opt/gz_cmake_vendor:/opt/ros/jazzy DEBUGINFOD_URLS=https://debuginfod.ubuntu.com /usr/bin/cmake --install /home/divya/ros2_ws/build/dof4_arm_ros2
[2.825s] Level 1:colcon.colcon_core.environment:create_environment_scripts_only(dof4_arm_ros2)
[2.825s] Level 1:colcon.colcon_core.environment:checking '/home/divya/ros2_ws/install/dof4_arm_ros2' for CMake module files
[2.828s] DEBUG:colcon.colcon_core.event_handler.log_command:Invoked command in '/home/divya/ros2_ws/build/dof4_arm_ros2' returned '0': AMENT_PREFIX_PATH=/home/divya/ros2_ws/install/dof4_arm_description:${AMENT_PREFIX_PATH} CMAKE_PREFIX_PATH=/home/divya/ros2_ws/install/dof4_arm_description:/opt/ros/jazzy/opt/gz_math_vendor:/opt/ros/jazzy/opt/gz_utils_vendor:/opt/ros/jazzy/opt/gz_cmake_vendor:/opt/ros/jazzy DEBUGINFOD_URLS=https://debuginfod.ubuntu.com /usr/bin/cmake --install /home/divya/ros2_ws/build/dof4_arm_ros2
[2.830s] Level 1:colcon.colcon_core.environment:checking '/home/divya/ros2_ws/install/dof4_arm_ros2' for CMake config files
[2.831s] Level 1:colcon.colcon_core.shell:create_environment_hook('dof4_arm_ros2', 'cmake_prefix_path')
[2.831s] INFO:colcon.colcon_core.shell:Creating environment descriptor '/home/divya/ros2_ws/install/dof4_arm_ros2/share/dof4_arm_ros2/hook/cmake_prefix_path.dsv'
[2.833s] INFO:colcon.colcon_core.shell:Creating environment hook '/home/divya/ros2_ws/install/dof4_arm_ros2/share/dof4_arm_ros2/hook/cmake_prefix_path.sh'
[2.837s] Level 1:colcon.colcon_core.environment:checking '/home/divya/ros2_ws/install/dof4_arm_ros2/bin'
[2.838s] Level 1:colcon.colcon_core.environment:checking '/home/divya/ros2_ws/install/dof4_arm_ros2/lib/pkgconfig/dof4_arm_ros2.pc'
[2.842s] Level 1:colcon.colcon_core.environment:checking '/home/divya/ros2_ws/install/dof4_arm_ros2/lib/python3.12/site-packages'
[2.847s] Level 1:colcon.colcon_core.environment:checking '/home/divya/ros2_ws/install/dof4_arm_ros2/bin'
[2.849s] INFO:colcon.colcon_core.shell:Creating package descriptor '/home/divya/ros2_ws/install/dof4_arm_ros2/share/dof4_arm_ros2/package.dsv'
[2.856s] INFO:colcon.colcon_core.shell:Creating package script '/home/divya/ros2_ws/install/dof4_arm_ros2/share/dof4_arm_ros2/package.sh'
[2.863s] INFO:colcon.colcon_core.shell:Creating package script '/home/divya/ros2_ws/install/dof4_arm_ros2/share/dof4_arm_ros2/package.bash'
[2.865s] INFO:colcon.colcon_core.shell:Creating package script '/home/divya/ros2_ws/install/dof4_arm_ros2/share/dof4_arm_ros2/package.zsh'
[2.866s] Level 1:colcon.colcon_core.environment:create_file_with_runtime_dependencies(/home/divya/ros2_ws/install/dof4_arm_ros2/share/colcon-core/packages/dof4_arm_ros2)
[2.870s] Level 1:colcon.colcon_core.environment:create_environment_scripts_only(dof4_arm_ros2)
[2.871s] Level 1:colcon.colcon_core.environment:checking '/home/divya/ros2_ws/install/dof4_arm_ros2' for CMake module files
[2.872s] Level 1:colcon.colcon_core.environment:checking '/home/divya/ros2_ws/install/dof4_arm_ros2' for CMake config files
[2.872s] Level 1:colcon.colcon_core.shell:create_environment_hook('dof4_arm_ros2', 'cmake_prefix_path')
[2.873s] INFO:colcon.colcon_core.shell:Creating environment descriptor '/home/divya/ros2_ws/install/dof4_arm_ros2/share/dof4_arm_ros2/hook/cmake_prefix_path.dsv'
[2.875s] INFO:colcon.colcon_core.shell:Creating environment hook '/home/divya/ros2_ws/install/dof4_arm_ros2/share/dof4_arm_ros2/hook/cmake_prefix_path.sh'
[2.880s] Level 1:colcon.colcon_core.environment:checking '/home/divya/ros2_ws/install/dof4_arm_ros2/bin'
[2.880s] Level 1:colcon.colcon_core.environment:checking '/home/divya/ros2_ws/install/dof4_arm_ros2/lib/pkgconfig/dof4_arm_ros2.pc'
[2.881s] Level 1:colcon.colcon_core.environment:checking '/home/divya/ros2_ws/install/dof4_arm_ros2/lib/python3.12/site-packages'
[2.881s] Level 1:colcon.colcon_core.environment:checking '/home/divya/ros2_ws/install/dof4_arm_ros2/bin'
[2.882s] INFO:colcon.colcon_core.shell:Creating package descriptor '/home/divya/ros2_ws/install/dof4_arm_ros2/share/dof4_arm_ros2/package.dsv'
[2.883s] INFO:colcon.colcon_core.shell:Creating package script '/home/divya/ros2_ws/install/dof4_arm_ros2/share/dof4_arm_ros2/package.sh'
[2.885s] INFO:colcon.colcon_core.shell:Creating package script '/home/divya/ros2_ws/install/dof4_arm_ros2/share/dof4_arm_ros2/package.bash'
[2.887s] INFO:colcon.colcon_core.shell:Creating package script '/home/divya/ros2_ws/install/dof4_arm_ros2/share/dof4_arm_ros2/package.zsh'
[2.889s] Level 1:colcon.colcon_core.environment:create_file_with_runtime_dependencies(/home/divya/ros2_ws/install/dof4_arm_ros2/share/colcon-core/packages/dof4_arm_ros2)
[2.891s] DEBUG:colcon.colcon_parallel_executor.executor.parallel:closing loop
[2.891s] DEBUG:colcon.colcon_parallel_executor.executor.parallel:loop closed
[2.891s] DEBUG:colcon.colcon_parallel_executor.executor.parallel:run_until_complete finished with '0'
[2.892s] DEBUG:colcon.colcon_core.event_reactor:joining thread
[2.971s] INFO:colcon.colcon_core.plugin_system:Skipping extension 'colcon_notification.desktop_notification.terminal_notifier': Not used on non-Darwin systems
[2.972s] INFO:colcon.colcon_core.plugin_system:Skipping extension 'colcon_notification.desktop_notification.win32': Not used on non-Windows systems
[2.972s] INFO:colcon.colcon_notification.desktop_notification:Sending desktop notification using 'notify2'
[3.131s] DEBUG:colcon.colcon_core.event_reactor:joined thread
[3.132s] INFO:colcon.colcon_core.shell:Creating prefix script '/home/divya/ros2_ws/install/local_setup.sh'
[3.142s] INFO:colcon.colcon_core.shell:Creating prefix util module '/home/divya/ros2_ws/install/_local_setup_util_sh.py'
[3.151s] INFO:colcon.colcon_core.shell:Creating prefix chain script '/home/divya/ros2_ws/install/setup.sh'
[3.157s] INFO:colcon.colcon_core.shell:Creating prefix script '/home/divya/ros2_ws/install/local_setup.bash'
[3.164s] INFO:colcon.colcon_core.shell:Creating prefix chain script '/home/divya/ros2_ws/install/setup.bash'
[3.168s] INFO:colcon.colcon_core.shell:Creating prefix script '/home/divya/ros2_ws/install/local_setup.zsh'
[3.176s] INFO:colcon.colcon_core.shell:Creating prefix chain script '/home/divya/ros2_ws/install/setup.zsh'
