-- The C compiler identification is GNU 13.3.0
-- The CXX compiler identification is GNU 13.3.0
-- Detecting C compiler ABI info
-- Detecting C compiler ABI info - done
-- Check for working C compiler: /usr/bin/cc - skipped
-- Detecting C compile features
-- Detecting C compile features - done
-- Detecting CXX compiler ABI info
-- Detecting CXX compiler ABI info - done
-- Check for working CXX compiler: /usr/bin/c++ - skipped
-- Detecting CXX compile features
-- Detecting CXX compile features - done
-- Found ament_cmake: 2.5.4 (/opt/ros/jazzy/share/ament_cmake/cmake)
-- Found Python3: /usr/bin/python3 (found version "3.12.3") found components: Interpreter 
-- Found ament_lint_auto: 0.17.3 (/opt/ros/jazzy/share/ament_lint_auto/cmake)
-- Configuring done (1.0s)
-- Generating done (0.0s)
-- Build files have been written to: /home/divya/ros2_ws/build/dof4_arm_ros2
-- Install configuration: ""
-- Installing: /home/divya/ros2_ws/install/dof4_arm_ros2/share/ament_index/resource_index/package_run_dependencies/dof4_arm_ros2
-- Installing: /home/divya/ros2_ws/install/dof4_arm_ros2/share/ament_index/resource_index/parent_prefix_path/dof4_arm_ros2
-- Installing: /home/divya/ros2_ws/install/dof4_arm_ros2/share/dof4_arm_ros2/environment/ament_prefix_path.sh
-- Installing: /home/divya/ros2_ws/install/dof4_arm_ros2/share/dof4_arm_ros2/environment/ament_prefix_path.dsv
-- Installing: /home/divya/ros2_ws/install/dof4_arm_ros2/share/dof4_arm_ros2/environment/path.sh
-- Installing: /home/divya/ros2_ws/install/dof4_arm_ros2/share/dof4_arm_ros2/environment/path.dsv
-- Installing: /home/divya/ros2_ws/install/dof4_arm_ros2/share/dof4_arm_ros2/local_setup.bash
-- Installing: /home/divya/ros2_ws/install/dof4_arm_ros2/share/dof4_arm_ros2/local_setup.sh
-- Installing: /home/divya/ros2_ws/install/dof4_arm_ros2/share/dof4_arm_ros2/local_setup.zsh
-- Installing: /home/divya/ros2_ws/install/dof4_arm_ros2/share/dof4_arm_ros2/local_setup.dsv
-- Installing: /home/divya/ros2_ws/install/dof4_arm_ros2/share/dof4_arm_ros2/package.dsv
-- Installing: /home/divya/ros2_ws/install/dof4_arm_ros2/share/ament_index/resource_index/packages/dof4_arm_ros2
-- Installing: /home/divya/ros2_ws/install/dof4_arm_ros2/share/dof4_arm_ros2/cmake/dof4_arm_ros2Config.cmake
-- Installing: /home/divya/ros2_ws/install/dof4_arm_ros2/share/dof4_arm_ros2/cmake/dof4_arm_ros2Config-version.cmake
-- Installing: /home/divya/ros2_ws/install/dof4_arm_ros2/share/dof4_arm_ros2/package.xml
