[0.036s] Invoking command in '/home/divya/ros2_ws/build/dof4_arm_description': CMAKE_PREFIX_PATH=${CMAKE_PREFIX_PATH}:/opt/ros/jazzy DEBUGINFOD_URLS=https://debuginfod.ubuntu.com /usr/bin/cmake /home/divya/ros2_ws/src/dof4_arm_description -DCMAKE_INSTALL_PREFIX=/home/divya/ros2_ws/install/dof4_arm_description
[0.408s] -- The C compiler identification is GNU 13.3.0
[0.737s] -- The CXX compiler identification is GNU 13.3.0
[0.798s] -- Detecting C compiler ABI info
[0.969s] -- Detecting C compiler ABI info - done
[0.986s] -- Check for working C compiler: /usr/bin/cc - skipped
[0.987s] -- Detecting C compile features
[0.988s] -- Detecting C compile features - done
[1.005s] -- Detecting CXX compiler ABI info
[1.168s] -- Detecting CXX compiler ABI info - done
[1.177s] -- Check for working CXX compiler: /usr/bin/c++ - skipped
[1.178s] -- Detecting CXX compile features
[1.178s] -- Detecting CXX compile features - done
[1.202s] -- Found ament_cmake: 2.5.4 (/opt/ros/jazzy/share/ament_cmake/cmake)
[1.447s] -- Found Python3: /usr/bin/python3 (found version "3.12.3") found components: Interpreter 
[1.829s] -- Configuring done (1.7s)
[1.832s] -- Generating done (0.0s)
[1.845s] -- Build files have been written to: /home/divya/ros2_ws/build/dof4_arm_description
[1.854s] Invoked command in '/home/divya/ros2_ws/build/dof4_arm_description' returned '0': CMAKE_PREFIX_PATH=${CMAKE_PREFIX_PATH}:/opt/ros/jazzy DEBUGINFOD_URLS=https://debuginfod.ubuntu.com /usr/bin/cmake /home/divya/ros2_ws/src/dof4_arm_description -DCMAKE_INSTALL_PREFIX=/home/divya/ros2_ws/install/dof4_arm_description
[1.857s] Invoking command in '/home/divya/ros2_ws/build/dof4_arm_description': CMAKE_PREFIX_PATH=${CMAKE_PREFIX_PATH}:/opt/ros/jazzy DEBUGINFOD_URLS=https://debuginfod.ubuntu.com /usr/bin/cmake --build /home/divya/ros2_ws/build/dof4_arm_description -- -j3 -l3
[1.955s] Invoked command in '/home/divya/ros2_ws/build/dof4_arm_description' returned '0': CMAKE_PREFIX_PATH=${CMAKE_PREFIX_PATH}:/opt/ros/jazzy DEBUGINFOD_URLS=https://debuginfod.ubuntu.com /usr/bin/cmake --build /home/divya/ros2_ws/build/dof4_arm_description -- -j3 -l3
[1.976s] Invoking command in '/home/divya/ros2_ws/build/dof4_arm_description': CMAKE_PREFIX_PATH=${CMAKE_PREFIX_PATH}:/opt/ros/jazzy DEBUGINFOD_URLS=https://debuginfod.ubuntu.com /usr/bin/cmake --install /home/divya/ros2_ws/build/dof4_arm_description
[1.989s] -- Install configuration: ""
[1.989s] -- Installing: /home/divya/ros2_ws/install/dof4_arm_description/share/dof4_arm_description/launch
[1.989s] -- Installing: /home/divya/ros2_ws/install/dof4_arm_description/share/dof4_arm_description/launch/display.launch.py
[1.989s] -- Installing: /home/divya/ros2_ws/install/dof4_arm_description/share/dof4_arm_description/meshes
[1.989s] -- Installing: /home/divya/ros2_ws/install/dof4_arm_description/share/dof4_arm_description/meshes/open_manipulator_x
[1.990s] -- Installing: /home/divya/ros2_ws/install/dof4_arm_description/share/dof4_arm_description/meshes/open_manipulator_x/link3.stl
[1.993s] -- Installing: /home/divya/ros2_ws/install/dof4_arm_description/share/dof4_arm_description/meshes/open_manipulator_x/link2.stl
[1.994s] -- Installing: /home/divya/ros2_ws/install/dof4_arm_description/share/dof4_arm_description/meshes/open_manipulator_x/plate.stl
[1.995s] -- Installing: /home/divya/ros2_ws/install/dof4_arm_description/share/dof4_arm_description/meshes/open_manipulator_x/link1.stl
[1.998s] -- Installing: /home/divya/ros2_ws/install/dof4_arm_description/share/dof4_arm_description/meshes/open_manipulator_x/link4.stl
[2.001s] -- Installing: /home/divya/ros2_ws/install/dof4_arm_description/share/dof4_arm_description/urdf
[2.002s] -- Installing: /home/divya/ros2_ws/install/dof4_arm_description/share/dof4_arm_description/urdf/dof4_arm.urdf
[2.003s] -- Installing: /home/divya/ros2_ws/install/dof4_arm_description/share/dof4_arm_description/rviz
[2.003s] -- Installing: /home/divya/ros2_ws/install/dof4_arm_description/share/ament_index/resource_index/package_run_dependencies/dof4_arm_description
[2.003s] -- Installing: /home/divya/ros2_ws/install/dof4_arm_description/share/ament_index/resource_index/parent_prefix_path/dof4_arm_description
[2.004s] -- Installing: /home/divya/ros2_ws/install/dof4_arm_description/share/dof4_arm_description/environment/ament_prefix_path.sh
[2.004s] -- Installing: /home/divya/ros2_ws/install/dof4_arm_description/share/dof4_arm_description/environment/ament_prefix_path.dsv
[2.004s] -- Installing: /home/divya/ros2_ws/install/dof4_arm_description/share/dof4_arm_description/environment/path.sh
[2.004s] -- Installing: /home/divya/ros2_ws/install/dof4_arm_description/share/dof4_arm_description/environment/path.dsv
[2.004s] -- Installing: /home/divya/ros2_ws/install/dof4_arm_description/share/dof4_arm_description/local_setup.bash
[2.004s] -- Installing: /home/divya/ros2_ws/install/dof4_arm_description/share/dof4_arm_description/local_setup.sh
[2.005s] -- Installing: /home/divya/ros2_ws/install/dof4_arm_description/share/dof4_arm_description/local_setup.zsh
[2.005s] -- Installing: /home/divya/ros2_ws/install/dof4_arm_description/share/dof4_arm_description/local_setup.dsv
[2.005s] -- Installing: /home/divya/ros2_ws/install/dof4_arm_description/share/dof4_arm_description/package.dsv
[2.005s] -- Installing: /home/divya/ros2_ws/install/dof4_arm_description/share/ament_index/resource_index/packages/dof4_arm_description
[2.006s] -- Installing: /home/divya/ros2_ws/install/dof4_arm_description/share/dof4_arm_description/cmake/dof4_arm_descriptionConfig.cmake
[2.006s] -- Installing: /home/divya/ros2_ws/install/dof4_arm_description/share/dof4_arm_description/cmake/dof4_arm_descriptionConfig-version.cmake
[2.006s] -- Installing: /home/divya/ros2_ws/install/dof4_arm_description/share/dof4_arm_description/package.xml
[2.008s] Invoked command in '/home/divya/ros2_ws/build/dof4_arm_description' returned '0': CMAKE_PREFIX_PATH=${CMAKE_PREFIX_PATH}:/opt/ros/jazzy DEBUGINFOD_URLS=https://debuginfod.ubuntu.com /usr/bin/cmake --install /home/divya/ros2_ws/build/dof4_arm_description
