[0.053s] Invoking command in '/home/divya/ros2_ws/build/dof4_arm_description': CMAKE_PREFIX_PATH=${CMAKE_PREFIX_PATH}:/opt/ros/jazzy DEBUGINFOD_URLS=https://debuginfod.ubuntu.com /usr/bin/cmake --build /home/divya/ros2_ws/build/dof4_arm_description -- -j3 -l3
[0.258s] Invoked command in '/home/divya/ros2_ws/build/dof4_arm_description' returned '0': CMAKE_PREFIX_PATH=${CMAKE_PREFIX_PATH}:/opt/ros/jazzy DEBUGINFOD_URLS=https://debuginfod.ubuntu.com /usr/bin/cmake --build /home/divya/ros2_ws/build/dof4_arm_description -- -j3 -l3
[0.278s] Invoking command in '/home/divya/ros2_ws/build/dof4_arm_description': CMAKE_PREFIX_PATH=${CMAKE_PREFIX_PATH}:/opt/ros/jazzy DEBUGINFOD_URLS=https://debuginfod.ubuntu.com /usr/bin/cmake --install /home/divya/ros2_ws/build/dof4_arm_description
[0.289s] -- Install configuration: ""
[0.291s] -- Up-to-date: /home/divya/ros2_ws/install/dof4_arm_description/share/dof4_arm_description/launch
[0.293s] -- Up-to-date: /home/divya/ros2_ws/install/dof4_arm_description/share/dof4_arm_description/launch/display.launch.py
[0.293s] -- Up-to-date: /home/divya/ros2_ws/install/dof4_arm_description/share/dof4_arm_description/meshes
[0.294s] -- Up-to-date: /home/divya/ros2_ws/install/dof4_arm_description/share/dof4_arm_description/meshes/open_manipulator_x
[0.296s] -- Up-to-date: /home/divya/ros2_ws/install/dof4_arm_description/share/dof4_arm_description/meshes/open_manipulator_x/link3.stl
[0.296s] -- Up-to-date: /home/divya/ros2_ws/install/dof4_arm_description/share/dof4_arm_description/meshes/open_manipulator_x/link2.stl
[0.296s] -- Up-to-date: /home/divya/ros2_ws/install/dof4_arm_description/share/dof4_arm_description/meshes/open_manipulator_x/plate.stl
[0.296s] -- Up-to-date: /home/divya/ros2_ws/install/dof4_arm_description/share/dof4_arm_description/meshes/open_manipulator_x/link1.stl
[0.296s] -- Up-to-date: /home/divya/ros2_ws/install/dof4_arm_description/share/dof4_arm_description/meshes/open_manipulator_x/link4.stl
[0.296s] -- Up-to-date: /home/divya/ros2_ws/install/dof4_arm_description/share/dof4_arm_description/urdf
[0.297s] -- Installing: /home/divya/ros2_ws/install/dof4_arm_description/share/dof4_arm_description/urdf/dof4_arm.urdf
[0.297s] -- Up-to-date: /home/divya/ros2_ws/install/dof4_arm_description/share/dof4_arm_description/rviz
[0.300s] -- Up-to-date: /home/divya/ros2_ws/install/dof4_arm_description/share/ament_index/resource_index/package_run_dependencies/dof4_arm_description
[0.301s] -- Up-to-date: /home/divya/ros2_ws/install/dof4_arm_description/share/ament_index/resource_index/parent_prefix_path/dof4_arm_description
[0.301s] -- Up-to-date: /home/divya/ros2_ws/install/dof4_arm_description/share/dof4_arm_description/environment/ament_prefix_path.sh
[0.301s] -- Up-to-date: /home/divya/ros2_ws/install/dof4_arm_description/share/dof4_arm_description/environment/ament_prefix_path.dsv
[0.302s] -- Up-to-date: /home/divya/ros2_ws/install/dof4_arm_description/share/dof4_arm_description/environment/path.sh
[0.302s] -- Up-to-date: /home/divya/ros2_ws/install/dof4_arm_description/share/dof4_arm_description/environment/path.dsv
[0.302s] -- Up-to-date: /home/divya/ros2_ws/install/dof4_arm_description/share/dof4_arm_description/local_setup.bash
[0.302s] -- Up-to-date: /home/divya/ros2_ws/install/dof4_arm_description/share/dof4_arm_description/local_setup.sh
[0.302s] -- Up-to-date: /home/divya/ros2_ws/install/dof4_arm_description/share/dof4_arm_description/local_setup.zsh
[0.302s] -- Up-to-date: /home/divya/ros2_ws/install/dof4_arm_description/share/dof4_arm_description/local_setup.dsv
[0.302s] -- Up-to-date: /home/divya/ros2_ws/install/dof4_arm_description/share/dof4_arm_description/package.dsv
[0.303s] -- Up-to-date: /home/divya/ros2_ws/install/dof4_arm_description/share/ament_index/resource_index/packages/dof4_arm_description
[0.303s] -- Up-to-date: /home/divya/ros2_ws/install/dof4_arm_description/share/dof4_arm_description/cmake/dof4_arm_descriptionConfig.cmake
[0.303s] -- Up-to-date: /home/divya/ros2_ws/install/dof4_arm_description/share/dof4_arm_description/cmake/dof4_arm_descriptionConfig-version.cmake
[0.304s] -- Up-to-date: /home/divya/ros2_ws/install/dof4_arm_description/share/dof4_arm_description/package.xml
[0.306s] Invoked command in '/home/divya/ros2_ws/build/dof4_arm_description' returned '0': CMAKE_PREFIX_PATH=${CMAKE_PREFIX_PATH}:/opt/ros/jazzy DEBUGINFOD_URLS=https://debuginfod.ubuntu.com /usr/bin/cmake --install /home/divya/ros2_ws/build/dof4_arm_description
