[0.117s] DEBUG:colcon:Command line arguments: ['/usr/bin/colcon', 'build']
[0.117s] DEBUG:colcon:Parsed command line arguments: Namespace(log_base=None, log_level=None, verb_name='build', build_base='build', install_base='install', merge_install=False, symlink_install=False, test_result_base=None, continue_on_error=False, executor='parallel', parallel_workers=3, event_handlers=None, ignore_user_meta=False, metas=['./colcon.meta'], base_paths=['.'], packages_ignore=None, packages_ignore_regex=None, paths=None, packages_up_to=None, packages_up_to_regex=None, packages_above=None, packages_above_and_dependencies=None, packages_above_depth=None, packages_select_by_dep=None, packages_skip_by_dep=None, packages_skip_up_to=None, packages_select_build_failed=False, packages_skip_build_finished=False, packages_select_test_failures=False, packages_skip_test_passed=False, packages_select=None, packages_skip=None, packages_select_regex=None, packages_skip_regex=None, packages_start=None, packages_end=None, cmake_args=None, cmake_target=None, cmake_target_skip_unavailable=False, cmake_clean_cache=False, cmake_clean_first=False, cmake_force_configure=False, ament_cmake_args=None, catkin_cmake_args=None, catkin_skip_building_tests=False, verb_parser=<colcon_defaults.argument_parser.defaults.DefaultArgumentsDecorator object at 0x7dd5c0203aa0>, verb_extension=<colcon_core.verb.build.BuildVerb object at 0x7dd5c034c680>, main=<bound method BuildVerb.main of <colcon_core.verb.build.BuildVerb object at 0x7dd5c034c680>>)
[0.158s] Level 1:colcon.colcon_core.package_discovery:discover_packages(colcon_meta) check parameters
[0.158s] Level 1:colcon.colcon_core.package_discovery:discover_packages(recursive) check parameters
[0.158s] Level 1:colcon.colcon_core.package_discovery:discover_packages(ignore) check parameters
[0.158s] Level 1:colcon.colcon_core.package_discovery:discover_packages(path) check parameters
[0.158s] Level 1:colcon.colcon_core.package_discovery:discover_packages(colcon_meta) discover
[0.158s] Level 1:colcon.colcon_core.package_discovery:discover_packages(recursive) discover
[0.158s] INFO:colcon.colcon_core.package_discovery:Crawling recursively for packages in '/home/divya/ros2_ws'
[0.158s] Level 1:colcon.colcon_core.package_identification:_identify(.) by extensions ['ignore', 'ignore_ament_install']
[0.159s] Level 1:colcon.colcon_core.package_identification:_identify(.) by extension 'ignore'
[0.159s] Level 1:colcon.colcon_core.package_identification:_identify(.) by extension 'ignore_ament_install'
[0.159s] Level 1:colcon.colcon_core.package_identification:_identify(.) by extensions ['colcon_pkg']
[0.159s] Level 1:colcon.colcon_core.package_identification:_identify(.) by extension 'colcon_pkg'
[0.159s] Level 1:colcon.colcon_core.package_identification:_identify(.) by extensions ['colcon_meta']
[0.159s] Level 1:colcon.colcon_core.package_identification:_identify(.) by extension 'colcon_meta'
[0.159s] Level 1:colcon.colcon_core.package_identification:_identify(.) by extensions ['ros']
[0.159s] Level 1:colcon.colcon_core.package_identification:_identify(.) by extension 'ros'
[0.190s] Level 1:colcon.colcon_core.package_identification:_identify(.) by extensions ['cmake', 'python']
[0.190s] Level 1:colcon.colcon_core.package_identification:_identify(.) by extension 'cmake'
[0.190s] Level 1:colcon.colcon_core.package_identification:_identify(.) by extension 'python'
[0.191s] Level 1:colcon.colcon_core.package_identification:_identify(.) by extensions ['python_setup_py']
[0.191s] Level 1:colcon.colcon_core.package_identification:_identify(.) by extension 'python_setup_py'
[0.191s] Level 1:colcon.colcon_core.package_identification:_identify(build) by extensions ['ignore', 'ignore_ament_install']
[0.191s] Level 1:colcon.colcon_core.package_identification:_identify(build) by extension 'ignore'
[0.191s] Level 1:colcon.colcon_core.package_identification:_identify(build) ignored
[0.191s] Level 1:colcon.colcon_core.package_identification:_identify(install) by extensions ['ignore', 'ignore_ament_install']
[0.191s] Level 1:colcon.colcon_core.package_identification:_identify(install) by extension 'ignore'
[0.192s] Level 1:colcon.colcon_core.package_identification:_identify(install) ignored
[0.192s] Level 1:colcon.colcon_core.package_identification:_identify(log) by extensions ['ignore', 'ignore_ament_install']
[0.192s] Level 1:colcon.colcon_core.package_identification:_identify(log) by extension 'ignore'
[0.192s] Level 1:colcon.colcon_core.package_identification:_identify(log) ignored
[0.192s] Level 1:colcon.colcon_core.package_identification:_identify(src) by extensions ['ignore', 'ignore_ament_install']
[0.192s] Level 1:colcon.colcon_core.package_identification:_identify(src) by extension 'ignore'
[0.192s] Level 1:colcon.colcon_core.package_identification:_identify(src) by extension 'ignore_ament_install'
[0.192s] Level 1:colcon.colcon_core.package_identification:_identify(src) by extensions ['colcon_pkg']
[0.192s] Level 1:colcon.colcon_core.package_identification:_identify(src) by extension 'colcon_pkg'
[0.193s] Level 1:colcon.colcon_core.package_identification:_identify(src) by extensions ['colcon_meta']
[0.193s] Level 1:colcon.colcon_core.package_identification:_identify(src) by extension 'colcon_meta'
[0.193s] Level 1:colcon.colcon_core.package_identification:_identify(src) by extensions ['ros']
[0.193s] Level 1:colcon.colcon_core.package_identification:_identify(src) by extension 'ros'
[0.193s] Level 1:colcon.colcon_core.package_identification:_identify(src) by extensions ['cmake', 'python']
[0.193s] Level 1:colcon.colcon_core.package_identification:_identify(src) by extension 'cmake'
[0.193s] Level 1:colcon.colcon_core.package_identification:_identify(src) by extension 'python'
[0.193s] Level 1:colcon.colcon_core.package_identification:_identify(src) by extensions ['python_setup_py']
[0.193s] Level 1:colcon.colcon_core.package_identification:_identify(src) by extension 'python_setup_py'
[0.193s] Level 1:colcon.colcon_core.package_identification:_identify(src/control) by extensions ['ignore', 'ignore_ament_install']
[0.193s] Level 1:colcon.colcon_core.package_identification:_identify(src/control) by extension 'ignore'
[0.193s] Level 1:colcon.colcon_core.package_identification:_identify(src/control) by extension 'ignore_ament_install'
[0.194s] Level 1:colcon.colcon_core.package_identification:_identify(src/control) by extensions ['colcon_pkg']
[0.194s] Level 1:colcon.colcon_core.package_identification:_identify(src/control) by extension 'colcon_pkg'
[0.194s] Level 1:colcon.colcon_core.package_identification:_identify(src/control) by extensions ['colcon_meta']
[0.194s] Level 1:colcon.colcon_core.package_identification:_identify(src/control) by extension 'colcon_meta'
[0.194s] Level 1:colcon.colcon_core.package_identification:_identify(src/control) by extensions ['ros']
[0.194s] Level 1:colcon.colcon_core.package_identification:_identify(src/control) by extension 'ros'
[0.194s] Level 1:colcon.colcon_core.package_identification:_identify(src/control) by extensions ['cmake', 'python']
[0.194s] Level 1:colcon.colcon_core.package_identification:_identify(src/control) by extension 'cmake'
[0.194s] Level 1:colcon.colcon_core.package_identification:_identify(src/control) by extension 'python'
[0.194s] Level 1:colcon.colcon_core.package_identification:_identify(src/control) by extensions ['python_setup_py']
[0.194s] Level 1:colcon.colcon_core.package_identification:_identify(src/control) by extension 'python_setup_py'
[0.194s] Level 1:colcon.colcon_core.package_identification:_identify(src/dof4_arm_description) by extensions ['ignore', 'ignore_ament_install']
[0.195s] Level 1:colcon.colcon_core.package_identification:_identify(src/dof4_arm_description) by extension 'ignore'
[0.195s] Level 1:colcon.colcon_core.package_identification:_identify(src/dof4_arm_description) by extension 'ignore_ament_install'
[0.195s] Level 1:colcon.colcon_core.package_identification:_identify(src/dof4_arm_description) by extensions ['colcon_pkg']
[0.195s] Level 1:colcon.colcon_core.package_identification:_identify(src/dof4_arm_description) by extension 'colcon_pkg'
[0.195s] Level 1:colcon.colcon_core.package_identification:_identify(src/dof4_arm_description) by extensions ['colcon_meta']
[0.195s] Level 1:colcon.colcon_core.package_identification:_identify(src/dof4_arm_description) by extension 'colcon_meta'
[0.195s] Level 1:colcon.colcon_core.package_identification:_identify(src/dof4_arm_description) by extensions ['ros']
[0.195s] Level 1:colcon.colcon_core.package_identification:_identify(src/dof4_arm_description) by extension 'ros'
[0.199s] DEBUG:colcon.colcon_core.package_identification:Package 'src/dof4_arm_description' with type 'ros.ament_cmake' and name 'dof4_arm_description'
[0.199s] Level 1:colcon.colcon_core.package_identification:_identify(src/dof4_arm_ros2) by extensions ['ignore', 'ignore_ament_install']
[0.199s] Level 1:colcon.colcon_core.package_identification:_identify(src/dof4_arm_ros2) by extension 'ignore'
[0.199s] Level 1:colcon.colcon_core.package_identification:_identify(src/dof4_arm_ros2) by extension 'ignore_ament_install'
[0.199s] Level 1:colcon.colcon_core.package_identification:_identify(src/dof4_arm_ros2) by extensions ['colcon_pkg']
[0.199s] Level 1:colcon.colcon_core.package_identification:_identify(src/dof4_arm_ros2) by extension 'colcon_pkg'
[0.199s] Level 1:colcon.colcon_core.package_identification:_identify(src/dof4_arm_ros2) by extensions ['colcon_meta']
[0.199s] Level 1:colcon.colcon_core.package_identification:_identify(src/dof4_arm_ros2) by extension 'colcon_meta'
[0.199s] Level 1:colcon.colcon_core.package_identification:_identify(src/dof4_arm_ros2) by extensions ['ros']
[0.199s] Level 1:colcon.colcon_core.package_identification:_identify(src/dof4_arm_ros2) by extension 'ros'
[0.200s] DEBUG:colcon.colcon_core.package_identification:Package 'src/dof4_arm_ros2' with type 'ros.ament_cmake' and name 'dof4_arm_ros2'
[0.200s] Level 1:colcon.colcon_core.package_identification:_identify(src/meshes) by extensions ['ignore', 'ignore_ament_install']
[0.200s] Level 1:colcon.colcon_core.package_identification:_identify(src/meshes) by extension 'ignore'
[0.200s] Level 1:colcon.colcon_core.package_identification:_identify(src/meshes) by extension 'ignore_ament_install'
[0.200s] Level 1:colcon.colcon_core.package_identification:_identify(src/meshes) by extensions ['colcon_pkg']
[0.200s] Level 1:colcon.colcon_core.package_identification:_identify(src/meshes) by extension 'colcon_pkg'
[0.200s] Level 1:colcon.colcon_core.package_identification:_identify(src/meshes) by extensions ['colcon_meta']
[0.200s] Level 1:colcon.colcon_core.package_identification:_identify(src/meshes) by extension 'colcon_meta'
[0.201s] Level 1:colcon.colcon_core.package_identification:_identify(src/meshes) by extensions ['ros']
[0.201s] Level 1:colcon.colcon_core.package_identification:_identify(src/meshes) by extension 'ros'
[0.201s] Level 1:colcon.colcon_core.package_identification:_identify(src/meshes) by extensions ['cmake', 'python']
[0.201s] Level 1:colcon.colcon_core.package_identification:_identify(src/meshes) by extension 'cmake'
[0.201s] Level 1:colcon.colcon_core.package_identification:_identify(src/meshes) by extension 'python'
[0.201s] Level 1:colcon.colcon_core.package_identification:_identify(src/meshes) by extensions ['python_setup_py']
[0.201s] Level 1:colcon.colcon_core.package_identification:_identify(src/meshes) by extension 'python_setup_py'
[0.201s] Level 1:colcon.colcon_core.package_identification:_identify(src/robots) by extensions ['ignore', 'ignore_ament_install']
[0.201s] Level 1:colcon.colcon_core.package_identification:_identify(src/robots) by extension 'ignore'
[0.201s] Level 1:colcon.colcon_core.package_identification:_identify(src/robots) by extension 'ignore_ament_install'
[0.201s] Level 1:colcon.colcon_core.package_identification:_identify(src/robots) by extensions ['colcon_pkg']
[0.201s] Level 1:colcon.colcon_core.package_identification:_identify(src/robots) by extension 'colcon_pkg'
[0.201s] Level 1:colcon.colcon_core.package_identification:_identify(src/robots) by extensions ['colcon_meta']
[0.201s] Level 1:colcon.colcon_core.package_identification:_identify(src/robots) by extension 'colcon_meta'
[0.201s] Level 1:colcon.colcon_core.package_identification:_identify(src/robots) by extensions ['ros']
[0.201s] Level 1:colcon.colcon_core.package_identification:_identify(src/robots) by extension 'ros'
[0.201s] Level 1:colcon.colcon_core.package_identification:_identify(src/robots) by extensions ['cmake', 'python']
[0.201s] Level 1:colcon.colcon_core.package_identification:_identify(src/robots) by extension 'cmake'
[0.201s] Level 1:colcon.colcon_core.package_identification:_identify(src/robots) by extension 'python'
[0.202s] Level 1:colcon.colcon_core.package_identification:_identify(src/robots) by extensions ['python_setup_py']
[0.202s] Level 1:colcon.colcon_core.package_identification:_identify(src/robots) by extension 'python_setup_py'
[0.202s] Level 1:colcon.colcon_core.package_identification:_identify(src/sensors) by extensions ['ignore', 'ignore_ament_install']
[0.202s] Level 1:colcon.colcon_core.package_identification:_identify(src/sensors) by extension 'ignore'
[0.202s] Level 1:colcon.colcon_core.package_identification:_identify(src/sensors) by extension 'ignore_ament_install'
[0.202s] Level 1:colcon.colcon_core.package_identification:_identify(src/sensors) by extensions ['colcon_pkg']
[0.202s] Level 1:colcon.colcon_core.package_identification:_identify(src/sensors) by extension 'colcon_pkg'
[0.202s] Level 1:colcon.colcon_core.package_identification:_identify(src/sensors) by extensions ['colcon_meta']
[0.202s] Level 1:colcon.colcon_core.package_identification:_identify(src/sensors) by extension 'colcon_meta'
[0.202s] Level 1:colcon.colcon_core.package_identification:_identify(src/sensors) by extensions ['ros']
[0.202s] Level 1:colcon.colcon_core.package_identification:_identify(src/sensors) by extension 'ros'
[0.202s] Level 1:colcon.colcon_core.package_identification:_identify(src/sensors) by extensions ['cmake', 'python']
[0.202s] Level 1:colcon.colcon_core.package_identification:_identify(src/sensors) by extension 'cmake'
[0.202s] Level 1:colcon.colcon_core.package_identification:_identify(src/sensors) by extension 'python'
[0.202s] Level 1:colcon.colcon_core.package_identification:_identify(src/sensors) by extensions ['python_setup_py']
[0.202s] Level 1:colcon.colcon_core.package_identification:_identify(src/sensors) by extension 'python_setup_py'
[0.202s] Level 1:colcon.colcon_core.package_identification:_identify(src/urdf) by extensions ['ignore', 'ignore_ament_install']
[0.202s] Level 1:colcon.colcon_core.package_identification:_identify(src/urdf) by extension 'ignore'
[0.202s] Level 1:colcon.colcon_core.package_identification:_identify(src/urdf) by extension 'ignore_ament_install'
[0.202s] Level 1:colcon.colcon_core.package_identification:_identify(src/urdf) by extensions ['colcon_pkg']
[0.203s] Level 1:colcon.colcon_core.package_identification:_identify(src/urdf) by extension 'colcon_pkg'
[0.203s] Level 1:colcon.colcon_core.package_identification:_identify(src/urdf) by extensions ['colcon_meta']
[0.203s] Level 1:colcon.colcon_core.package_identification:_identify(src/urdf) by extension 'colcon_meta'
[0.203s] Level 1:colcon.colcon_core.package_identification:_identify(src/urdf) by extensions ['ros']
[0.203s] Level 1:colcon.colcon_core.package_identification:_identify(src/urdf) by extension 'ros'
[0.203s] Level 1:colcon.colcon_core.package_identification:_identify(src/urdf) by extensions ['cmake', 'python']
[0.203s] Level 1:colcon.colcon_core.package_identification:_identify(src/urdf) by extension 'cmake'
[0.203s] Level 1:colcon.colcon_core.package_identification:_identify(src/urdf) by extension 'python'
[0.203s] Level 1:colcon.colcon_core.package_identification:_identify(src/urdf) by extensions ['python_setup_py']
[0.203s] Level 1:colcon.colcon_core.package_identification:_identify(src/urdf) by extension 'python_setup_py'
[0.203s] Level 1:colcon.colcon_core.package_identification:_identify(src/visual) by extensions ['ignore', 'ignore_ament_install']
[0.203s] Level 1:colcon.colcon_core.package_identification:_identify(src/visual) by extension 'ignore'
[0.203s] Level 1:colcon.colcon_core.package_identification:_identify(src/visual) by extension 'ignore_ament_install'
[0.203s] Level 1:colcon.colcon_core.package_identification:_identify(src/visual) by extensions ['colcon_pkg']
[0.203s] Level 1:colcon.colcon_core.package_identification:_identify(src/visual) by extension 'colcon_pkg'
[0.203s] Level 1:colcon.colcon_core.package_identification:_identify(src/visual) by extensions ['colcon_meta']
[0.203s] Level 1:colcon.colcon_core.package_identification:_identify(src/visual) by extension 'colcon_meta'
[0.203s] Level 1:colcon.colcon_core.package_identification:_identify(src/visual) by extensions ['ros']
[0.203s] Level 1:colcon.colcon_core.package_identification:_identify(src/visual) by extension 'ros'
[0.203s] Level 1:colcon.colcon_core.package_identification:_identify(src/visual) by extensions ['cmake', 'python']
[0.203s] Level 1:colcon.colcon_core.package_identification:_identify(src/visual) by extension 'cmake'
[0.203s] Level 1:colcon.colcon_core.package_identification:_identify(src/visual) by extension 'python'
[0.203s] Level 1:colcon.colcon_core.package_identification:_identify(src/visual) by extensions ['python_setup_py']
[0.203s] Level 1:colcon.colcon_core.package_identification:_identify(src/visual) by extension 'python_setup_py'
[0.204s] Level 1:colcon.colcon_core.package_discovery:discover_packages(recursive) using defaults
[0.204s] Level 1:colcon.colcon_core.package_discovery:discover_packages(ignore) discover
[0.204s] Level 1:colcon.colcon_core.package_discovery:discover_packages(ignore) using defaults
[0.204s] Level 1:colcon.colcon_core.package_discovery:discover_packages(path) discover
[0.204s] Level 1:colcon.colcon_core.package_discovery:discover_packages(path) using defaults
[0.223s] Level 5:colcon.colcon_core.verb:set package 'dof4_arm_description' build argument 'cmake_args' from command line to 'None'
[0.223s] Level 5:colcon.colcon_core.verb:set package 'dof4_arm_description' build argument 'cmake_target' from command line to 'None'
[0.223s] Level 5:colcon.colcon_core.verb:set package 'dof4_arm_description' build argument 'cmake_target_skip_unavailable' from command line to 'False'
[0.223s] Level 5:colcon.colcon_core.verb:set package 'dof4_arm_description' build argument 'cmake_clean_cache' from command line to 'False'
[0.223s] Level 5:colcon.colcon_core.verb:set package 'dof4_arm_description' build argument 'cmake_clean_first' from command line to 'False'
[0.223s] Level 5:colcon.colcon_core.verb:set package 'dof4_arm_description' build argument 'cmake_force_configure' from command line to 'False'
[0.223s] Level 5:colcon.colcon_core.verb:set package 'dof4_arm_description' build argument 'ament_cmake_args' from command line to 'None'
[0.223s] Level 5:colcon.colcon_core.verb:set package 'dof4_arm_description' build argument 'catkin_cmake_args' from command line to 'None'
[0.223s] Level 5:colcon.colcon_core.verb:set package 'dof4_arm_description' build argument 'catkin_skip_building_tests' from command line to 'False'
[0.224s] DEBUG:colcon.colcon_core.verb:Building package 'dof4_arm_description' with the following arguments: {'ament_cmake_args': None, 'build_base': '/home/divya/ros2_ws/build/dof4_arm_description', 'catkin_cmake_args': None, 'catkin_skip_building_tests': False, 'cmake_args': None, 'cmake_clean_cache': False, 'cmake_clean_first': False, 'cmake_force_configure': False, 'cmake_target': None, 'cmake_target_skip_unavailable': False, 'install_base': '/home/divya/ros2_ws/install/dof4_arm_description', 'merge_install': False, 'path': '/home/divya/ros2_ws/src/dof4_arm_description', 'symlink_install': False, 'test_result_base': None}
[0.224s] Level 5:colcon.colcon_core.verb:set package 'dof4_arm_ros2' build argument 'cmake_args' from command line to 'None'
[0.224s] Level 5:colcon.colcon_core.verb:set package 'dof4_arm_ros2' build argument 'cmake_target' from command line to 'None'
[0.224s] Level 5:colcon.colcon_core.verb:set package 'dof4_arm_ros2' build argument 'cmake_target_skip_unavailable' from command line to 'False'
[0.224s] Level 5:colcon.colcon_core.verb:set package 'dof4_arm_ros2' build argument 'cmake_clean_cache' from command line to 'False'
[0.224s] Level 5:colcon.colcon_core.verb:set package 'dof4_arm_ros2' build argument 'cmake_clean_first' from command line to 'False'
[0.224s] Level 5:colcon.colcon_core.verb:set package 'dof4_arm_ros2' build argument 'cmake_force_configure' from command line to 'False'
[0.224s] Level 5:colcon.colcon_core.verb:set package 'dof4_arm_ros2' build argument 'ament_cmake_args' from command line to 'None'
[0.224s] Level 5:colcon.colcon_core.verb:set package 'dof4_arm_ros2' build argument 'catkin_cmake_args' from command line to 'None'
[0.224s] Level 5:colcon.colcon_core.verb:set package 'dof4_arm_ros2' build argument 'catkin_skip_building_tests' from command line to 'False'
[0.224s] DEBUG:colcon.colcon_core.verb:Building package 'dof4_arm_ros2' with the following arguments: {'ament_cmake_args': None, 'build_base': '/home/divya/ros2_ws/build/dof4_arm_ros2', 'catkin_cmake_args': None, 'catkin_skip_building_tests': False, 'cmake_args': None, 'cmake_clean_cache': False, 'cmake_clean_first': False, 'cmake_force_configure': False, 'cmake_target': None, 'cmake_target_skip_unavailable': False, 'install_base': '/home/divya/ros2_ws/install/dof4_arm_ros2', 'merge_install': False, 'path': '/home/divya/ros2_ws/src/dof4_arm_ros2', 'symlink_install': False, 'test_result_base': None}
[0.224s] INFO:colcon.colcon_core.executor:Executing jobs using 'parallel' executor
[0.226s] DEBUG:colcon.colcon_parallel_executor.executor.parallel:run_until_complete
[0.226s] INFO:colcon.colcon_ros.task.ament_cmake.build:Building ROS package in '/home/divya/ros2_ws/src/dof4_arm_description' with build type 'ament_cmake'
[0.226s] INFO:colcon.colcon_cmake.task.cmake.build:Building CMake package in '/home/divya/ros2_ws/src/dof4_arm_description'
[0.229s] INFO:colcon.colcon_core.plugin_system:Skipping extension 'colcon_core.shell.bat': Not used on non-Windows systems
[0.229s] DEBUG:colcon.colcon_core.shell:Skip shell extension 'dsv' for command environment
[0.241s] DEBUG:colcon.colcon_core.event_handler.log_command:Invoking command in '/home/divya/ros2_ws/build/dof4_arm_description': CMAKE_PREFIX_PATH=${CMAKE_PREFIX_PATH}:/opt/ros/jazzy DEBUGINFOD_URLS=https://debuginfod.ubuntu.com /usr/bin/cmake --build /home/divya/ros2_ws/build/dof4_arm_description -- -j3 -l3
[0.307s] DEBUG:colcon.colcon_core.event_handler.log_command:Invoked command in '/home/divya/ros2_ws/build/dof4_arm_description' returned '0': CMAKE_PREFIX_PATH=${CMAKE_PREFIX_PATH}:/opt/ros/jazzy DEBUGINFOD_URLS=https://debuginfod.ubuntu.com /usr/bin/cmake --build /home/divya/ros2_ws/build/dof4_arm_description -- -j3 -l3
[0.321s] DEBUG:colcon.colcon_core.event_handler.log_command:Invoking command in '/home/divya/ros2_ws/build/dof4_arm_description': CMAKE_PREFIX_PATH=${CMAKE_PREFIX_PATH}:/opt/ros/jazzy DEBUGINFOD_URLS=https://debuginfod.ubuntu.com /usr/bin/cmake --install /home/divya/ros2_ws/build/dof4_arm_description
[0.339s] Level 1:colcon.colcon_core.environment:create_environment_scripts_only(dof4_arm_description)
[0.341s] DEBUG:colcon.colcon_core.event_handler.log_command:Invoked command in '/home/divya/ros2_ws/build/dof4_arm_description' returned '0': CMAKE_PREFIX_PATH=${CMAKE_PREFIX_PATH}:/opt/ros/jazzy DEBUGINFOD_URLS=https://debuginfod.ubuntu.com /usr/bin/cmake --install /home/divya/ros2_ws/build/dof4_arm_description
[0.342s] Level 1:colcon.colcon_core.environment:checking '/home/divya/ros2_ws/install/dof4_arm_description' for CMake module files
[0.343s] Level 1:colcon.colcon_core.environment:checking '/home/divya/ros2_ws/install/dof4_arm_description' for CMake config files
[0.343s] Level 1:colcon.colcon_core.shell:create_environment_hook('dof4_arm_description', 'cmake_prefix_path')
[0.343s] INFO:colcon.colcon_core.shell:Creating environment descriptor '/home/divya/ros2_ws/install/dof4_arm_description/share/dof4_arm_description/hook/cmake_prefix_path.dsv'
[0.344s] INFO:colcon.colcon_core.shell:Creating environment hook '/home/divya/ros2_ws/install/dof4_arm_description/share/dof4_arm_description/hook/cmake_prefix_path.sh'
[0.345s] Level 1:colcon.colcon_core.environment:checking '/home/divya/ros2_ws/install/dof4_arm_description/bin'
[0.345s] Level 1:colcon.colcon_core.environment:checking '/home/divya/ros2_ws/install/dof4_arm_description/lib/pkgconfig/dof4_arm_description.pc'
[0.347s] Level 1:colcon.colcon_core.environment:checking '/home/divya/ros2_ws/install/dof4_arm_description/lib/python3.12/site-packages'
[0.348s] Level 1:colcon.colcon_core.environment:checking '/home/divya/ros2_ws/install/dof4_arm_description/bin'
[0.348s] INFO:colcon.colcon_core.shell:Creating package descriptor '/home/divya/ros2_ws/install/dof4_arm_description/share/dof4_arm_description/package.dsv'
[0.348s] INFO:colcon.colcon_core.shell:Creating package script '/home/divya/ros2_ws/install/dof4_arm_description/share/dof4_arm_description/package.sh'
[0.349s] INFO:colcon.colcon_core.shell:Creating package script '/home/divya/ros2_ws/install/dof4_arm_description/share/dof4_arm_description/package.bash'
[0.350s] INFO:colcon.colcon_core.shell:Creating package script '/home/divya/ros2_ws/install/dof4_arm_description/share/dof4_arm_description/package.zsh'
[0.350s] Level 1:colcon.colcon_core.environment:create_file_with_runtime_dependencies(/home/divya/ros2_ws/install/dof4_arm_description/share/colcon-core/packages/dof4_arm_description)
[0.351s] Level 1:colcon.colcon_core.environment:create_environment_scripts_only(dof4_arm_description)
[0.351s] Level 1:colcon.colcon_core.environment:checking '/home/divya/ros2_ws/install/dof4_arm_description' for CMake module files
[0.351s] Level 1:colcon.colcon_core.environment:checking '/home/divya/ros2_ws/install/dof4_arm_description' for CMake config files
[0.352s] Level 1:colcon.colcon_core.shell:create_environment_hook('dof4_arm_description', 'cmake_prefix_path')
[0.352s] INFO:colcon.colcon_core.shell:Creating environment descriptor '/home/divya/ros2_ws/install/dof4_arm_description/share/dof4_arm_description/hook/cmake_prefix_path.dsv'
[0.352s] INFO:colcon.colcon_core.shell:Creating environment hook '/home/divya/ros2_ws/install/dof4_arm_description/share/dof4_arm_description/hook/cmake_prefix_path.sh'
[0.353s] Level 1:colcon.colcon_core.environment:checking '/home/divya/ros2_ws/install/dof4_arm_description/bin'
[0.353s] Level 1:colcon.colcon_core.environment:checking '/home/divya/ros2_ws/install/dof4_arm_description/lib/pkgconfig/dof4_arm_description.pc'
[0.353s] Level 1:colcon.colcon_core.environment:checking '/home/divya/ros2_ws/install/dof4_arm_description/lib/python3.12/site-packages'
[0.353s] Level 1:colcon.colcon_core.environment:checking '/home/divya/ros2_ws/install/dof4_arm_description/bin'
[0.353s] INFO:colcon.colcon_core.shell:Creating package descriptor '/home/divya/ros2_ws/install/dof4_arm_description/share/dof4_arm_description/package.dsv'
[0.354s] INFO:colcon.colcon_core.shell:Creating package script '/home/divya/ros2_ws/install/dof4_arm_description/share/dof4_arm_description/package.sh'
[0.354s] INFO:colcon.colcon_core.shell:Creating package script '/home/divya/ros2_ws/install/dof4_arm_description/share/dof4_arm_description/package.bash'
[0.355s] INFO:colcon.colcon_core.shell:Creating package script '/home/divya/ros2_ws/install/dof4_arm_description/share/dof4_arm_description/package.zsh'
[0.355s] Level 1:colcon.colcon_core.environment:create_file_with_runtime_dependencies(/home/divya/ros2_ws/install/dof4_arm_description/share/colcon-core/packages/dof4_arm_description)
[0.355s] INFO:colcon.colcon_ros.task.ament_cmake.build:Building ROS package in '/home/divya/ros2_ws/src/dof4_arm_ros2' with build type 'ament_cmake'
[0.355s] INFO:colcon.colcon_cmake.task.cmake.build:Building CMake package in '/home/divya/ros2_ws/src/dof4_arm_ros2'
[0.356s] DEBUG:colcon.colcon_core.shell:Skip shell extension 'dsv' for command environment
[0.384s] DEBUG:colcon.colcon_core.event_handler.log_command:Invoking command in '/home/divya/ros2_ws/build/dof4_arm_ros2': AMENT_PREFIX_PATH=/home/divya/ros2_ws/install/dof4_arm_description:${AMENT_PREFIX_PATH} CMAKE_PREFIX_PATH=/home/divya/ros2_ws/install/dof4_arm_description:/opt/ros/jazzy/opt/gz_math_vendor:/opt/ros/jazzy/opt/gz_utils_vendor:/opt/ros/jazzy/opt/gz_cmake_vendor:/opt/ros/jazzy DEBUGINFOD_URLS=https://debuginfod.ubuntu.com /usr/bin/cmake --build /home/divya/ros2_ws/build/dof4_arm_ros2 -- -j3 -l3
[0.451s] DEBUG:colcon.colcon_core.event_handler.log_command:Invoked command in '/home/divya/ros2_ws/build/dof4_arm_ros2' returned '0': AMENT_PREFIX_PATH=/home/divya/ros2_ws/install/dof4_arm_description:${AMENT_PREFIX_PATH} CMAKE_PREFIX_PATH=/home/divya/ros2_ws/install/dof4_arm_description:/opt/ros/jazzy/opt/gz_math_vendor:/opt/ros/jazzy/opt/gz_utils_vendor:/opt/ros/jazzy/opt/gz_cmake_vendor:/opt/ros/jazzy DEBUGINFOD_URLS=https://debuginfod.ubuntu.com /usr/bin/cmake --build /home/divya/ros2_ws/build/dof4_arm_ros2 -- -j3 -l3
[0.452s] DEBUG:colcon.colcon_core.event_handler.log_command:Invoking command in '/home/divya/ros2_ws/build/dof4_arm_ros2': AMENT_PREFIX_PATH=/home/divya/ros2_ws/install/dof4_arm_description:${AMENT_PREFIX_PATH} CMAKE_PREFIX_PATH=/home/divya/ros2_ws/install/dof4_arm_description:/opt/ros/jazzy/opt/gz_math_vendor:/opt/ros/jazzy/opt/gz_utils_vendor:/opt/ros/jazzy/opt/gz_cmake_vendor:/opt/ros/jazzy DEBUGINFOD_URLS=https://debuginfod.ubuntu.com /usr/bin/cmake --install /home/divya/ros2_ws/build/dof4_arm_ros2
[0.468s] Level 1:colcon.colcon_core.environment:create_environment_scripts_only(dof4_arm_ros2)
[0.469s] Level 1:colcon.colcon_core.environment:checking '/home/divya/ros2_ws/install/dof4_arm_ros2' for CMake module files
[0.469s] DEBUG:colcon.colcon_core.event_handler.log_command:Invoked command in '/home/divya/ros2_ws/build/dof4_arm_ros2' returned '0': AMENT_PREFIX_PATH=/home/divya/ros2_ws/install/dof4_arm_description:${AMENT_PREFIX_PATH} CMAKE_PREFIX_PATH=/home/divya/ros2_ws/install/dof4_arm_description:/opt/ros/jazzy/opt/gz_math_vendor:/opt/ros/jazzy/opt/gz_utils_vendor:/opt/ros/jazzy/opt/gz_cmake_vendor:/opt/ros/jazzy DEBUGINFOD_URLS=https://debuginfod.ubuntu.com /usr/bin/cmake --install /home/divya/ros2_ws/build/dof4_arm_ros2
[0.470s] Level 1:colcon.colcon_core.environment:checking '/home/divya/ros2_ws/install/dof4_arm_ros2' for CMake config files
[0.470s] Level 1:colcon.colcon_core.shell:create_environment_hook('dof4_arm_ros2', 'cmake_prefix_path')
[0.470s] INFO:colcon.colcon_core.shell:Creating environment descriptor '/home/divya/ros2_ws/install/dof4_arm_ros2/share/dof4_arm_ros2/hook/cmake_prefix_path.dsv'
[0.471s] INFO:colcon.colcon_core.shell:Creating environment hook '/home/divya/ros2_ws/install/dof4_arm_ros2/share/dof4_arm_ros2/hook/cmake_prefix_path.sh'
[0.472s] Level 1:colcon.colcon_core.environment:checking '/home/divya/ros2_ws/install/dof4_arm_ros2/bin'
[0.472s] Level 1:colcon.colcon_core.environment:checking '/home/divya/ros2_ws/install/dof4_arm_ros2/lib/pkgconfig/dof4_arm_ros2.pc'
[0.472s] Level 1:colcon.colcon_core.environment:checking '/home/divya/ros2_ws/install/dof4_arm_ros2/lib/python3.12/site-packages'
[0.473s] Level 1:colcon.colcon_core.environment:checking '/home/divya/ros2_ws/install/dof4_arm_ros2/bin'
[0.474s] INFO:colcon.colcon_core.shell:Creating package descriptor '/home/divya/ros2_ws/install/dof4_arm_ros2/share/dof4_arm_ros2/package.dsv'
[0.475s] INFO:colcon.colcon_core.shell:Creating package script '/home/divya/ros2_ws/install/dof4_arm_ros2/share/dof4_arm_ros2/package.sh'
[0.476s] INFO:colcon.colcon_core.shell:Creating package script '/home/divya/ros2_ws/install/dof4_arm_ros2/share/dof4_arm_ros2/package.bash'
[0.477s] INFO:colcon.colcon_core.shell:Creating package script '/home/divya/ros2_ws/install/dof4_arm_ros2/share/dof4_arm_ros2/package.zsh'
[0.477s] Level 1:colcon.colcon_core.environment:create_file_with_runtime_dependencies(/home/divya/ros2_ws/install/dof4_arm_ros2/share/colcon-core/packages/dof4_arm_ros2)
[0.478s] Level 1:colcon.colcon_core.environment:create_environment_scripts_only(dof4_arm_ros2)
[0.478s] Level 1:colcon.colcon_core.environment:checking '/home/divya/ros2_ws/install/dof4_arm_ros2' for CMake module files
[0.478s] Level 1:colcon.colcon_core.environment:checking '/home/divya/ros2_ws/install/dof4_arm_ros2' for CMake config files
[0.479s] Level 1:colcon.colcon_core.shell:create_environment_hook('dof4_arm_ros2', 'cmake_prefix_path')
[0.479s] INFO:colcon.colcon_core.shell:Creating environment descriptor '/home/divya/ros2_ws/install/dof4_arm_ros2/share/dof4_arm_ros2/hook/cmake_prefix_path.dsv'
[0.479s] INFO:colcon.colcon_core.shell:Creating environment hook '/home/divya/ros2_ws/install/dof4_arm_ros2/share/dof4_arm_ros2/hook/cmake_prefix_path.sh'
[0.480s] Level 1:colcon.colcon_core.environment:checking '/home/divya/ros2_ws/install/dof4_arm_ros2/bin'
[0.480s] Level 1:colcon.colcon_core.environment:checking '/home/divya/ros2_ws/install/dof4_arm_ros2/lib/pkgconfig/dof4_arm_ros2.pc'
[0.480s] Level 1:colcon.colcon_core.environment:checking '/home/divya/ros2_ws/install/dof4_arm_ros2/lib/python3.12/site-packages'
[0.481s] Level 1:colcon.colcon_core.environment:checking '/home/divya/ros2_ws/install/dof4_arm_ros2/bin'
[0.481s] INFO:colcon.colcon_core.shell:Creating package descriptor '/home/divya/ros2_ws/install/dof4_arm_ros2/share/dof4_arm_ros2/package.dsv'
[0.481s] INFO:colcon.colcon_core.shell:Creating package script '/home/divya/ros2_ws/install/dof4_arm_ros2/share/dof4_arm_ros2/package.sh'
[0.482s] INFO:colcon.colcon_core.shell:Creating package script '/home/divya/ros2_ws/install/dof4_arm_ros2/share/dof4_arm_ros2/package.bash'
[0.482s] INFO:colcon.colcon_core.shell:Creating package script '/home/divya/ros2_ws/install/dof4_arm_ros2/share/dof4_arm_ros2/package.zsh'
[0.483s] Level 1:colcon.colcon_core.environment:create_file_with_runtime_dependencies(/home/divya/ros2_ws/install/dof4_arm_ros2/share/colcon-core/packages/dof4_arm_ros2)
[0.483s] DEBUG:colcon.colcon_parallel_executor.executor.parallel:closing loop
[0.483s] DEBUG:colcon.colcon_parallel_executor.executor.parallel:loop closed
[0.484s] DEBUG:colcon.colcon_parallel_executor.executor.parallel:run_until_complete finished with '0'
[0.484s] DEBUG:colcon.colcon_core.event_reactor:joining thread
[0.490s] INFO:colcon.colcon_core.plugin_system:Skipping extension 'colcon_notification.desktop_notification.terminal_notifier': Not used on non-Darwin systems
[0.490s] INFO:colcon.colcon_core.plugin_system:Skipping extension 'colcon_notification.desktop_notification.win32': Not used on non-Windows systems
[0.490s] INFO:colcon.colcon_notification.desktop_notification:Sending desktop notification using 'notify2'
[0.519s] DEBUG:colcon.colcon_core.event_reactor:joined thread
[0.520s] INFO:colcon.colcon_core.shell:Creating prefix script '/home/divya/ros2_ws/install/local_setup.sh'
[0.521s] INFO:colcon.colcon_core.shell:Creating prefix util module '/home/divya/ros2_ws/install/_local_setup_util_sh.py'
[0.523s] INFO:colcon.colcon_core.shell:Creating prefix chain script '/home/divya/ros2_ws/install/setup.sh'
[0.525s] INFO:colcon.colcon_core.shell:Creating prefix script '/home/divya/ros2_ws/install/local_setup.bash'
[0.526s] INFO:colcon.colcon_core.shell:Creating prefix chain script '/home/divya/ros2_ws/install/setup.bash'
[0.527s] INFO:colcon.colcon_core.shell:Creating prefix script '/home/divya/ros2_ws/install/local_setup.zsh'
[0.527s] INFO:colcon.colcon_core.shell:Creating prefix chain script '/home/divya/ros2_ws/install/setup.zsh'
