[0.022s] Invoking command in '/home/divya/ros2_ws/build/dof4_arm_ros2': CMAKE_PREFIX_PATH=/home/divya/ros2_ws/install/dof4_arm_description:/home/divya/ros2_ws/install/dof4_arm_ros2:/opt/ros/jazzy/opt/gz_math_vendor:/opt/ros/jazzy/opt/gz_utils_vendor:/opt/ros/jazzy/opt/gz_cmake_vendor:/opt/ros/jazzy DEBUGINFOD_URLS=https://debuginfod.ubuntu.com /usr/bin/cmake --build /home/divya/ros2_ws/build/dof4_arm_ros2 -- -j3 -l3
[0.125s] Invoked command in '/home/divya/ros2_ws/build/dof4_arm_ros2' returned '0': CMAKE_PREFIX_PATH=/home/divya/ros2_ws/install/dof4_arm_description:/home/divya/ros2_ws/install/dof4_arm_ros2:/opt/ros/jazzy/opt/gz_math_vendor:/opt/ros/jazzy/opt/gz_utils_vendor:/opt/ros/jazzy/opt/gz_cmake_vendor:/opt/ros/jazzy DEBUGINFOD_URLS=https://debuginfod.ubuntu.com /usr/bin/cmake --build /home/divya/ros2_ws/build/dof4_arm_ros2 -- -j3 -l3
[0.130s] Invoking command in '/home/divya/ros2_ws/build/dof4_arm_ros2': CMAKE_PREFIX_PATH=/home/divya/ros2_ws/install/dof4_arm_description:/home/divya/ros2_ws/install/dof4_arm_ros2:/opt/ros/jazzy/opt/gz_math_vendor:/opt/ros/jazzy/opt/gz_utils_vendor:/opt/ros/jazzy/opt/gz_cmake_vendor:/opt/ros/jazzy DEBUGINFOD_URLS=https://debuginfod.ubuntu.com /usr/bin/cmake --install /home/divya/ros2_ws/build/dof4_arm_ros2
[0.139s] -- Install configuration: ""
[0.139s] -- Up-to-date: /home/divya/ros2_ws/install/dof4_arm_ros2/share/ament_index/resource_index/package_run_dependencies/dof4_arm_ros2
[0.140s] -- Up-to-date: /home/divya/ros2_ws/install/dof4_arm_ros2/share/ament_index/resource_index/parent_prefix_path/dof4_arm_ros2
[0.141s] -- Up-to-date: /home/divya/ros2_ws/install/dof4_arm_ros2/share/dof4_arm_ros2/environment/ament_prefix_path.sh
[0.141s] -- Up-to-date: /home/divya/ros2_ws/install/dof4_arm_ros2/share/dof4_arm_ros2/environment/ament_prefix_path.dsv
[0.141s] -- Up-to-date: /home/divya/ros2_ws/install/dof4_arm_ros2/share/dof4_arm_ros2/environment/path.sh
[0.141s] -- Up-to-date: /home/divya/ros2_ws/install/dof4_arm_ros2/share/dof4_arm_ros2/environment/path.dsv
[0.141s] -- Up-to-date: /home/divya/ros2_ws/install/dof4_arm_ros2/share/dof4_arm_ros2/local_setup.bash
[0.141s] -- Up-to-date: /home/divya/ros2_ws/install/dof4_arm_ros2/share/dof4_arm_ros2/local_setup.sh
[0.142s] -- Up-to-date: /home/divya/ros2_ws/install/dof4_arm_ros2/share/dof4_arm_ros2/local_setup.zsh
[0.142s] -- Up-to-date: /home/divya/ros2_ws/install/dof4_arm_ros2/share/dof4_arm_ros2/local_setup.dsv
[0.142s] -- Up-to-date: /home/divya/ros2_ws/install/dof4_arm_ros2/share/dof4_arm_ros2/package.dsv
[0.142s] -- Up-to-date: /home/divya/ros2_ws/install/dof4_arm_ros2/share/ament_index/resource_index/packages/dof4_arm_ros2
[0.142s] -- Up-to-date: /home/divya/ros2_ws/install/dof4_arm_ros2/share/dof4_arm_ros2/cmake/dof4_arm_ros2Config.cmake
[0.142s] -- Up-to-date: /home/divya/ros2_ws/install/dof4_arm_ros2/share/dof4_arm_ros2/cmake/dof4_arm_ros2Config-version.cmake
[0.142s] -- Up-to-date: /home/divya/ros2_ws/install/dof4_arm_ros2/share/dof4_arm_ros2/package.xml
[0.145s] Invoked command in '/home/divya/ros2_ws/build/dof4_arm_ros2' returned '0': CMAKE_PREFIX_PATH=/home/divya/ros2_ws/install/dof4_arm_description:/home/divya/ros2_ws/install/dof4_arm_ros2:/opt/ros/jazzy/opt/gz_math_vendor:/opt/ros/jazzy/opt/gz_utils_vendor:/opt/ros/jazzy/opt/gz_cmake_vendor:/opt/ros/jazzy DEBUGINFOD_URLS=https://debuginfod.ubuntu.com /usr/bin/cmake --install /home/divya/ros2_ws/build/dof4_arm_ros2
